{"/Users/miltonln/Projects/zetas_list/backend/src/app-config.ts": {"path":"/Users/miltonln/Projects/zetas_list/backend/src/app-config.ts","statementMap":{"0":{"start":{"line":11,"column":0},"end":{"line":11,"column":16}},"1":{"start":{"line":1,"column":0},"end":{"line":1,"column":48}},"2":{"start":{"line":3,"column":0},"end":{"line":3,"column":46}},"3":{"start":{"line":4,"column":0},"end":{"line":4,"column":77}},"4":{"start":{"line":12,"column":2},"end":{"line":12,"column":26}},"5":{"start":{"line":14,"column":2},"end":{"line":20,"column":4}},"6":{"start":{"line":22,"column":2},"end":{"line":22,"column":50}},"7":{"start":{"line":24,"column":2},"end":{"line":26,"column":5}}},"fnMap":{"0":{"name":"configureApp","decl":{"start":{"line":11,"column":16},"end":{"line":11,"column":28}},"loc":{"start":{"line":11,"column":56},"end":{"line":27,"column":1}}}},"branchMap":{},"s":{"0":2,"1":2,"2":2,"3":2,"4":21,"5":21,"6":21,"7":21},"f":{"0":21},"b":{}}
,"/Users/miltonln/Projects/zetas_list/backend/src/health.controller.ts": {"path":"/Users/miltonln/Projects/zetas_list/backend/src/health.controller.ts","statementMap":{"0":{"start":{"line":1,"column":0},"end":{"line":1,"column":49}},"1":{"start":{"line":4,"column":7},"end":{"line":9,"column":null}},"2":{"start":{"line":7,"column":4},"end":{"line":7,"column":65}},"3":{"start":{"line":4,"column":13},"end":{"line":4,"column":29}},"4":{"start":{"line":6,"column":2},"end":{"line":8,"column":null}},"5":{"start":{"line":4,"column":13},"end":{"line":9,"column":null}}},"fnMap":{"0":{"name":"(anonymous_2)","decl":{"start":{"line":6,"column":2},"end":{"line":6,"column":7}},"loc":{"start":{"line":6,"column":7},"end":{"line":8,"column":3}}}},"branchMap":{},"s":{"0":0,"1":0,"2":0,"3":0,"4":0,"5":0},"f":{"0":0},"b":{}}
,"/Users/miltonln/Projects/zetas_list/backend/src/audit/audit.service.ts": {"path":"/Users/miltonln/Projects/zetas_list/backend/src/audit/audit.service.ts","statementMap":{"0":{"start":{"line":1,"column":0},"end":{"line":1,"column":44}},"1":{"start":{"line":3,"column":0},"end":{"line":3,"column":57}},"2":{"start":{"line":14,"column":7},"end":{"line":39,"column":null}},"3":{"start":{"line":15,"column":22},"end":{"line":15,"column":30}},"4":{"start":{"line":18,"column":4},"end":{"line":26,"column":7}},"5":{"start":{"line":30,"column":4},"end":{"line":37,"column":7}},"6":{"start":{"line":14,"column":13},"end":{"line":14,"column":25}},"7":{"start":{"line":14,"column":13},"end":{"line":39,"column":null}}},"fnMap":{"0":{"name":"(anonymous_2)","decl":{"start":{"line":15,"column":2},"end":{"line":15,"column":22}},"loc":{"start":{"line":15,"column":43},"end":{"line":15,"column":47}}},"1":{"name":"(anonymous_3)","decl":{"start":{"line":17,"column":2},"end":{"line":17,"column":7}},"loc":{"start":{"line":17,"column":34},"end":{"line":27,"column":3}}},"2":{"name":"(anonymous_4)","decl":{"start":{"line":29,"column":2},"end":{"line":29,"column":7}},"loc":{"start":{"line":29,"column":33},"end":{"line":38,"column":3}}}},"branchMap":{"0":{"loc":{"start":{"line":24,"column":18},"end":{"line":24,"column":38}},"type":"binary-expr","locations":[{"start":{"line":24,"column":18},"end":{"line":24,"column":32}},{"start":{"line":24,"column":36},"end":{"line":24,"column":38}}]}},"s":{"0":7,"1":7,"2":7,"3":0,"4":0,"5":0,"6":7,"7":7},"f":{"0":0,"1":0,"2":0},"b":{"0":[0,0]}}
,"/Users/miltonln/Projects/zetas_list/backend/src/auth/auth.controller.ts": {"path":"/Users/miltonln/Projects/zetas_list/backend/src/auth/auth.controller.ts","statementMap":{"0":{"start":{"line":1,"column":0},"end":{"line":1,"column":null}},"1":{"start":{"line":8,"column":0},"end":{"line":8,"column":57}},"2":{"start":{"line":9,"column":0},"end":{"line":9,"column":59}},"3":{"start":{"line":10,"column":0},"end":{"line":10,"column":45}},"4":{"start":{"line":11,"column":0},"end":{"line":11,"column":43}},"5":{"start":{"line":12,"column":0},"end":{"line":12,"column":62}},"6":{"start":{"line":13,"column":0},"end":{"line":13,"column":58}},"7":{"start":{"line":14,"column":0},"end":{"line":14,"column":64}},"8":{"start":{"line":15,"column":0},"end":{"line":15,"column":63}},"9":{"start":{"line":16,"column":0},"end":{"line":16,"column":74}},"10":{"start":{"line":21,"column":7},"end":{"line":56,"column":null}},"11":{"start":{"line":22,"column":22},"end":{"line":22,"column":35}},"12":{"start":{"line":27,"column":4},"end":{"line":27,"column":39}},"13":{"start":{"line":33,"column":4},"end":{"line":33,"column":54}},"14":{"start":{"line":39,"column":4},"end":{"line":39,"column":58}},"15":{"start":{"line":46,"column":4},"end":{"line":46,"column":57}},"16":{"start":{"line":54,"column":4},"end":{"line":54,"column":16}},"17":{"start":{"line":21,"column":13},"end":{"line":21,"column":27}},"18":{"start":{"line":26,"column":2},"end":{"line":28,"column":null}},"19":{"start":{"line":32,"column":2},"end":{"line":34,"column":null}},"20":{"start":{"line":38,"column":2},"end":{"line":40,"column":null}},"21":{"start":{"line":45,"column":2},"end":{"line":47,"column":null}},"22":{"start":{"line":53,"column":2},"end":{"line":55,"column":null}},"23":{"start":{"line":21,"column":13},"end":{"line":56,"column":null}}},"fnMap":{"0":{"name":"(anonymous_4)","decl":{"start":{"line":22,"column":2},"end":{"line":22,"column":22}},"loc":{"start":{"line":22,"column":46},"end":{"line":22,"column":50}}},"1":{"name":"(anonymous_5)","decl":{"start":{"line":26,"column":2},"end":{"line":26,"column":7}},"loc":{"start":{"line":26,"column":29},"end":{"line":28,"column":3}}},"2":{"name":"(anonymous_6)","decl":{"start":{"line":32,"column":2},"end":{"line":32,"column":9}},"loc":{"start":{"line":32,"column":38},"end":{"line":34,"column":3}}},"3":{"name":"(anonymous_7)","decl":{"start":{"line":38,"column":2},"end":{"line":38,"column":17}},"loc":{"start":{"line":38,"column":49},"end":{"line":40,"column":3}}},"4":{"name":"(anonymous_8)","decl":{"start":{"line":45,"column":2},"end":{"line":45,"column":16}},"loc":{"start":{"line":45,"column":77},"end":{"line":47,"column":3}}},"5":{"name":"(anonymous_9)","decl":{"start":{"line":53,"column":2},"end":{"line":53,"column":4}},"loc":{"start":{"line":53,"column":33},"end":{"line":55,"column":3}}}},"branchMap":{},"s":{"0":1,"1":1,"2":1,"3":1,"4":1,"5":1,"6":1,"7":1,"8":1,"9":1,"10":1,"11":9,"12":5,"13":1,"14":0,"15":0,"16":1,"17":1,"18":1,"19":1,"20":1,"21":1,"22":1,"23":1},"f":{"0":9,"1":5,"2":1,"3":0,"4":0,"5":1},"b":{}}
,"/Users/miltonln/Projects/zetas_list/backend/src/auth/auth.service.ts": {"path":"/Users/miltonln/Projects/zetas_list/backend/src/auth/auth.service.ts","statementMap":{"0":{"start":{"line":1,"column":0},"end":{"line":1,"column":null}},"1":{"start":{"line":6,"column":0},"end":{"line":6,"column":41}},"2":{"start":{"line":7,"column":0},"end":{"line":7,"column":33}},"3":{"start":{"line":8,"column":0},"end":{"line":8,"column":57}},"4":{"start":{"line":9,"column":0},"end":{"line":9,"column":63}},"5":{"start":{"line":14,"column":16},"end":{"line":14,"column":72}},"6":{"start":{"line":15,"column":11},"end":{"line":15,"column":13}},"7":{"start":{"line":16,"column":2},"end":{"line":16,"column":85}},"8":{"start":{"line":16,"column":15},"end":{"line":16,"column":16}},"9":{"start":{"line":16,"column":31},"end":{"line":16,"column":85}},"10":{"start":{"line":17,"column":2},"end":{"line":17,"column":12}},"11":{"start":{"line":21,"column":7},"end":{"line":147,"column":null}},"12":{"start":{"line":23,"column":12},"end":{"line":23,"column":20}},"13":{"start":{"line":24,"column":12},"end":{"line":24,"column":24}},"14":{"start":{"line":25,"column":12},"end":{"line":25,"column":22}},"15":{"start":{"line":29,"column":17},"end":{"line":31,"column":6}},"16":{"start":{"line":33,"column":4},"end":{"line":35,"column":5}},"17":{"start":{"line":34,"column":6},"end":{"line":34,"column":64}},"18":{"start":{"line":37,"column":4},"end":{"line":41,"column":5}},"19":{"start":{"line":38,"column":6},"end":{"line":40,"column":8}},"20":{"start":{"line":43,"column":4},"end":{"line":45,"column":5}},"21":{"start":{"line":44,"column":6},"end":{"line":44,"column":92}},"22":{"start":{"line":47,"column":26},"end":{"line":47,"column":79}},"23":{"start":{"line":48,"column":4},"end":{"line":50,"column":5}},"24":{"start":{"line":49,"column":6},"end":{"line":49,"column":64}},"25":{"start":{"line":52,"column":20},"end":{"line":52,"column":78}},"26":{"start":{"line":54,"column":4},"end":{"line":68,"column":6}},"27":{"start":{"line":72,"column":4},"end":{"line":94,"column":5}},"28":{"start":{"line":73,"column":22},"end":{"line":73,"column":58}},"29":{"start":{"line":74,"column":19},"end":{"line":76,"column":8}},"30":{"start":{"line":78,"column":6},"end":{"line":80,"column":7}},"31":{"start":{"line":79,"column":8},"end":{"line":79,"column":58}},"32":{"start":{"line":82,"column":25},"end":{"line":86,"column":8}},"33":{"start":{"line":88,"column":6},"end":{"line":91,"column":8}},"34":{"start":{"line":93,"column":6},"end":{"line":93,"column":67}},"35":{"start":{"line":98,"column":17},"end":{"line":100,"column":6}},"36":{"start":{"line":102,"column":18},"end":{"line":102,"column":78}},"37":{"start":{"line":103,"column":4},"end":{"line":105,"column":5}},"38":{"start":{"line":104,"column":6},"end":{"line":104,"column":70}},"39":{"start":{"line":107,"column":17},"end":{"line":107,"column":55}},"40":{"start":{"line":108,"column":4},"end":{"line":111,"column":7}},"41":{"start":{"line":113,"column":4},"end":{"line":113,"column":63}},"42":{"start":{"line":117,"column":17},"end":{"line":119,"column":6}},"43":{"start":{"line":121,"column":4},"end":{"line":123,"column":5}},"44":{"start":{"line":122,"column":6},"end":{"line":122,"column":97}},"45":{"start":{"line":125,"column":25},"end":{"line":125,"column":47}},"46":{"start":{"line":126,"column":17},"end":{"line":126,"column":52}},"47":{"start":{"line":128,"column":4},"end":{"line":131,"column":7}},"48":{"start":{"line":133,"column":20},"end":{"line":141,"column":16}},"49":{"start":{"line":143,"column":4},"end":{"line":143,"column":57}},"50":{"start":{"line":145,"column":4},"end":{"line":145,"column":95}},"51":{"start":{"line":21,"column":13},"end":{"line":21,"column":24}},"52":{"start":{"line":21,"column":13},"end":{"line":147,"column":null}}},"fnMap":{"0":{"name":"generateTempPassword","decl":{"start":{"line":13,"column":9},"end":{"line":13,"column":29}},"loc":{"start":{"line":13,"column":29},"end":{"line":18,"column":1}}},"1":{"name":"(anonymous_3)","decl":{"start":{"line":22,"column":2},"end":{"line":22,"column":null}},"loc":{"start":{"line":25,"column":37},"end":{"line":26,"column":6}}},"2":{"name":"(anonymous_4)","decl":{"start":{"line":28,"column":2},"end":{"line":28,"column":7}},"loc":{"start":{"line":28,"column":27},"end":{"line":69,"column":3}}},"3":{"name":"(anonymous_5)","decl":{"start":{"line":71,"column":2},"end":{"line":71,"column":7}},"loc":{"start":{"line":71,"column":36},"end":{"line":95,"column":3}}},"4":{"name":"(anonymous_6)","decl":{"start":{"line":97,"column":2},"end":{"line":97,"column":7}},"loc":{"start":{"line":97,"column":61},"end":{"line":114,"column":3}}},"5":{"name":"(anonymous_7)","decl":{"start":{"line":116,"column":2},"end":{"line":116,"column":7}},"loc":{"start":{"line":116,"column":40},"end":{"line":146,"column":3}}}},"branchMap":{"0":{"loc":{"start":{"line":33,"column":4},"end":{"line":35,"column":5}},"type":"if","locations":[{"start":{"line":33,"column":4},"end":{"line":35,"column":5}}]},"1":{"loc":{"start":{"line":37,"column":4},"end":{"line":41,"column":5}},"type":"if","locations":[{"start":{"line":37,"column":4},"end":{"line":41,"column":5}}]},"2":{"loc":{"start":{"line":39,"column":39},"end":{"line":39,"column":82}},"type":"cond-expr","locations":[{"start":{"line":39,"column":56},"end":{"line":39,"column":77}},{"start":{"line":39,"column":80},"end":{"line":39,"column":82}}]},"3":{"loc":{"start":{"line":43,"column":4},"end":{"line":45,"column":5}},"type":"if","locations":[{"start":{"line":43,"column":4},"end":{"line":45,"column":5}}]},"4":{"loc":{"start":{"line":48,"column":4},"end":{"line":50,"column":5}},"type":"if","locations":[{"start":{"line":48,"column":4},"end":{"line":50,"column":5}}]},"5":{"loc":{"start":{"line":78,"column":6},"end":{"line":80,"column":7}},"type":"if","locations":[{"start":{"line":78,"column":6},"end":{"line":80,"column":7}}]},"6":{"loc":{"start":{"line":78,"column":10},"end":{"line":78,"column":43}},"type":"binary-expr","locations":[{"start":{"line":78,"column":10},"end":{"line":78,"column":15}},{"start":{"line":78,"column":19},"end":{"line":78,"column":43}}]},"7":{"loc":{"start":{"line":103,"column":4},"end":{"line":105,"column":5}},"type":"if","locations":[{"start":{"line":103,"column":4},"end":{"line":105,"column":5}}]},"8":{"loc":{"start":{"line":121,"column":4},"end":{"line":123,"column":5}},"type":"if","locations":[{"start":{"line":121,"column":4},"end":{"line":123,"column":5}}]},"9":{"loc":{"start":{"line":121,"column":8},"end":{"line":121,"column":41}},"type":"binary-expr","locations":[{"start":{"line":121,"column":8},"end":{"line":121,"column":13}},{"start":{"line":121,"column":17},"end":{"line":121,"column":41}}]}},"s":{"0":2,"1":2,"2":2,"3":2,"4":2,"5":4,"6":4,"7":4,"8":4,"9":40,"10":4,"11":2,"12":29,"13":29,"14":29,"15":12,"16":12,"17":1,"18":11,"19":2,"20":9,"21":1,"22":8,"23":8,"24":2,"25":6,"26":6,"27":5,"28":5,"29":4,"30":4,"31":2,"32":2,"33":2,"34":3,"35":3,"36":3,"37":3,"38":1,"39":2,"40":2,"41":2,"42":6,"43":6,"44":2,"45":4,"46":4,"47":4,"48":4,"49":4,"50":4,"51":2,"52":2},"f":{"0":4,"1":29,"2":12,"3":5,"4":3,"5":6},"b":{"0":[1],"1":[2],"2":[2,0],"3":[1],"4":[2],"5":[2],"6":[4,3],"7":[1],"8":[2],"9":[6,5]}}
,"/Users/miltonln/Projects/zetas_list/backend/src/auth/strategies/jwt.strategy.ts": {"path":"/Users/miltonln/Projects/zetas_list/backend/src/auth/strategies/jwt.strategy.ts","statementMap":{"0":{"start":{"line":1,"column":0},"end":{"line":1,"column":67}},"1":{"start":{"line":2,"column":0},"end":{"line":2,"column":52}},"2":{"start":{"line":3,"column":0},"end":{"line":3,"column":52}},"3":{"start":{"line":5,"column":0},"end":{"line":5,"column":60}},"4":{"start":{"line":15,"column":21},"end":{"line":15,"column":66}},"5":{"start":{"line":16,"column":2},"end":{"line":16,"column":36}},"6":{"start":{"line":16,"column":18},"end":{"line":16,"column":36}},"7":{"start":{"line":17,"column":16},"end":{"line":17,"column":32}},"8":{"start":{"line":18,"column":2},"end":{"line":18,"column":66}},"9":{"start":{"line":18,"column":53},"end":{"line":18,"column":66}},"10":{"start":{"line":19,"column":2},"end":{"line":19,"column":14}},"11":{"start":{"line":23,"column":7},"end":{"line":55,"column":null}},"12":{"start":{"line":25,"column":4},"end":{"line":29,"column":7}},"13":{"start":{"line":24,"column":22},"end":{"line":24,"column":30}},"14":{"start":{"line":33,"column":17},"end":{"line":47,"column":6}},"15":{"start":{"line":49,"column":4},"end":{"line":51,"column":5}},"16":{"start":{"line":50,"column":6},"end":{"line":50,"column":74}},"17":{"start":{"line":53,"column":4},"end":{"line":53,"column":16}},"18":{"start":{"line":23,"column":13},"end":{"line":23,"column":24}},"19":{"start":{"line":23,"column":13},"end":{"line":55,"column":null}}},"fnMap":{"0":{"name":"extractJwt","decl":{"start":{"line":14,"column":9},"end":{"line":14,"column":19}},"loc":{"start":{"line":14,"column":32},"end":{"line":20,"column":1}}},"1":{"name":"(anonymous_3)","decl":{"start":{"line":24,"column":2},"end":{"line":24,"column":22}},"loc":{"start":{"line":24,"column":43},"end":{"line":30,"column":3}}},"2":{"name":"(anonymous_4)","decl":{"start":{"line":32,"column":2},"end":{"line":32,"column":7}},"loc":{"start":{"line":32,"column":36},"end":{"line":54,"column":3}}}},"branchMap":{"0":{"loc":{"start":{"line":16,"column":2},"end":{"line":16,"column":36}},"type":"if","locations":[{"start":{"line":16,"column":2},"end":{"line":16,"column":36}}]},"1":{"loc":{"start":{"line":18,"column":2},"end":{"line":18,"column":66}},"type":"if","locations":[{"start":{"line":18,"column":2},"end":{"line":18,"column":66}}]},"2":{"loc":{"start":{"line":18,"column":6},"end":{"line":18,"column":51}},"type":"binary-expr","locations":[{"start":{"line":18,"column":6},"end":{"line":18,"column":31}},{"start":{"line":18,"column":35},"end":{"line":18,"column":51}}]},"3":{"loc":{"start":{"line":28,"column":19},"end":{"line":28,"column":67}},"type":"binary-expr","locations":[{"start":{"line":28,"column":19},"end":{"line":28,"column":41}},{"start":{"line":28,"column":45},"end":{"line":28,"column":67}}]},"4":{"loc":{"start":{"line":49,"column":4},"end":{"line":51,"column":5}},"type":"if","locations":[{"start":{"line":49,"column":4},"end":{"line":51,"column":5}}]},"5":{"loc":{"start":{"line":49,"column":8},"end":{"line":49,"column":41}},"type":"binary-expr","locations":[{"start":{"line":49,"column":8},"end":{"line":49,"column":13}},{"start":{"line":49,"column":17},"end":{"line":49,"column":41}}]}},"s":{"0":2,"1":2,"2":2,"3":2,"4":17,"5":17,"6":14,"7":3,"8":3,"9":0,"10":3,"11":2,"12":21,"13":21,"14":13,"15":13,"16":1,"17":12,"18":2,"19":2},"f":{"0":17,"1":21,"2":13},"b":{"0":[14],"1":[0],"2":[3,0],"3":[21,0],"4":[1],"5":[13,13]}}
,"/Users/miltonln/Projects/zetas_list/backend/src/common/constants/roles.ts": {"path":"/Users/miltonln/Projects/zetas_list/backend/src/common/constants/roles.ts","statementMap":{"0":{"start":{"line":1,"column":0},"end":{"line":1,"column":38}},"1":{"start":{"line":3,"column":13},"end":{"line":3,"column":65}}},"fnMap":{},"branchMap":{},"s":{"0":5,"1":5},"f":{},"b":{}}
,"/Users/miltonln/Projects/zetas_list/backend/src/common/decorators/current-user.decorator.ts": {"path":"/Users/miltonln/Projects/zetas_list/backend/src/common/decorators/current-user.decorator.ts","statementMap":{"0":{"start":{"line":1,"column":0},"end":{"line":1,"column":72}},"1":{"start":{"line":3,"column":13},"end":{"line":8,"column":2}},"2":{"start":{"line":5,"column":20},"end":{"line":5,"column":51}},"3":{"start":{"line":6,"column":4},"end":{"line":6,"column":24}}},"fnMap":{"0":{"name":"(anonymous_0)","decl":{"start":{"line":4,"column":2},"end":{"line":4,"column":3}},"loc":{"start":{"line":4,"column":44},"end":{"line":7,"column":3}}}},"branchMap":{},"s":{"0":2,"1":2,"2":8,"3":8},"f":{"0":8},"b":{}}
,"/Users/miltonln/Projects/zetas_list/backend/src/common/decorators/roles.decorator.ts": {"path":"/Users/miltonln/Projects/zetas_list/backend/src/common/decorators/roles.decorator.ts","statementMap":{"0":{"start":{"line":1,"column":0},"end":{"line":1,"column":45}},"1":{"start":{"line":4,"column":13},"end":{"line":4,"column":33}},"2":{"start":{"line":5,"column":21},"end":{"line":5,"column":72}},"3":{"start":{"line":5,"column":43},"end":{"line":5,"column":72}},"4":{"start":{"line":5,"column":13},"end":{"line":5,"column":21}}},"fnMap":{"0":{"name":"(anonymous_0)","decl":{"start":{"line":5,"column":21},"end":{"line":5,"column":22}},"loc":{"start":{"line":5,"column":43},"end":{"line":5,"column":72}}}},"branchMap":{},"s":{"0":1,"1":1,"2":1,"3":11,"4":1},"f":{"0":11},"b":{}}
,"/Users/miltonln/Projects/zetas_list/backend/src/common/errors/is-expected-error.ts": {"path":"/Users/miltonln/Projects/zetas_list/backend/src/common/errors/is-expected-error.ts","statementMap":{"0":{"start":{"line":12,"column":0},"end":{"line":12,"column":16}},"1":{"start":{"line":1,"column":0},"end":{"line":1,"column":47}},"2":{"start":{"line":13,"column":2},"end":{"line":13,"column":59}}},"fnMap":{"0":{"name":"isExpectedBusinessError","decl":{"start":{"line":12,"column":16},"end":{"line":12,"column":39}},"loc":{"start":{"line":12,"column":50},"end":{"line":14,"column":1}}}},"branchMap":{"0":{"loc":{"start":{"line":13,"column":9},"end":{"line":13,"column":58}},"type":"binary-expr","locations":[{"start":{"line":13,"column":9},"end":{"line":13,"column":35}},{"start":{"line":13,"column":39},"end":{"line":13,"column":58}}]}},"s":{"0":1,"1":1,"2":1},"f":{"0":1},"b":{"0":[1,0]}}
,"/Users/miltonln/Projects/zetas_list/backend/src/common/filters/all-exceptions.filter.ts": {"path":"/Users/miltonln/Projects/zetas_list/backend/src/common/filters/all-exceptions.filter.ts","statementMap":{"0":{"start":{"line":1,"column":0},"end":{"line":1,"column":null}},"1":{"start":{"line":10,"column":0},"end":{"line":10,"column":41}},"2":{"start":{"line":13,"column":32},"end":{"line":59,"column":null}},"3":{"start":{"line":14,"column":19},"end":{"line":14,"column":65}},"4":{"start":{"line":17,"column":16},"end":{"line":17,"column":35}},"5":{"start":{"line":18,"column":21},"end":{"line":18,"column":48}},"6":{"start":{"line":19,"column":20},"end":{"line":19,"column":45}},"7":{"start":{"line":22,"column":6},"end":{"line":24,"column":42}},"8":{"start":{"line":27,"column":4},"end":{"line":38,"column":5}},"9":{"start":{"line":28,"column":18},"end":{"line":28,"column":41}},"10":{"start":{"line":29,"column":6},"end":{"line":35,"column":7}},"11":{"start":{"line":30,"column":8},"end":{"line":30,"column":22}},"12":{"start":{"line":31,"column":13},"end":{"line":35,"column":7}},"13":{"start":{"line":32,"column":8},"end":{"line":32,"column":66}},"14":{"start":{"line":34,"column":8},"end":{"line":34,"column":36}},"15":{"start":{"line":37,"column":6},"end":{"line":37,"column":45}},"16":{"start":{"line":40,"column":4},"end":{"line":50,"column":5}},"17":{"start":{"line":42,"column":6},"end":{"line":42,"column":41}},"18":{"start":{"line":43,"column":6},"end":{"line":46,"column":8}},"19":{"start":{"line":49,"column":6},"end":{"line":49,"column":101}},"20":{"start":{"line":52,"column":4},"end":{"line":57,"column":7}},"21":{"start":{"line":13,"column":13},"end":{"line":13,"column":32}},"22":{"start":{"line":13,"column":13},"end":{"line":59,"column":null}}},"fnMap":{"0":{"name":"(anonymous_1)","decl":{"start":{"line":13,"column":7},"end":{"line":13,"column":13}},"loc":{"start":{"line":13,"column":7},"end":{"line":59,"column":1}}},"1":{"name":"(anonymous_2)","decl":{"start":{"line":16,"column":2},"end":{"line":16,"column":7}},"loc":{"start":{"line":16,"column":47},"end":{"line":58,"column":3}}}},"branchMap":{"0":{"loc":{"start":{"line":22,"column":6},"end":{"line":24,"column":42}},"type":"cond-expr","locations":[{"start":{"line":23,"column":10},"end":{"line":23,"column":31}},{"start":{"line":24,"column":10},"end":{"line":24,"column":42}}]},"1":{"loc":{"start":{"line":27,"column":4},"end":{"line":38,"column":5}},"type":"if","locations":[{"start":{"line":27,"column":4},"end":{"line":38,"column":5}},{"start":{"line":36,"column":11},"end":{"line":38,"column":5}}]},"2":{"loc":{"start":{"line":29,"column":6},"end":{"line":35,"column":7}},"type":"if","locations":[{"start":{"line":29,"column":6},"end":{"line":35,"column":7}},{"start":{"line":31,"column":13},"end":{"line":35,"column":7}}]},"3":{"loc":{"start":{"line":31,"column":13},"end":{"line":35,"column":7}},"type":"if","locations":[{"start":{"line":31,"column":13},"end":{"line":35,"column":7}},{"start":{"line":33,"column":13},"end":{"line":35,"column":7}}]},"4":{"loc":{"start":{"line":31,"column":17},"end":{"line":31,"column":76}},"type":"binary-expr","locations":[{"start":{"line":31,"column":17},"end":{"line":31,"column":40}},{"start":{"line":31,"column":44},"end":{"line":31,"column":56}},{"start":{"line":31,"column":60},"end":{"line":31,"column":76}}]},"5":{"loc":{"start":{"line":40,"column":4},"end":{"line":50,"column":5}},"type":"if","locations":[{"start":{"line":40,"column":4},"end":{"line":50,"column":5}},{"start":{"line":47,"column":11},"end":{"line":50,"column":5}}]},"6":{"loc":{"start":{"line":45,"column":8},"end":{"line":45,"column":72}},"type":"cond-expr","locations":[{"start":{"line":45,"column":37},"end":{"line":45,"column":52}},{"start":{"line":45,"column":55},"end":{"line":45,"column":72}}]}},"s":{"0":2,"1":2,"2":2,"3":21,"4":14,"5":14,"6":14,"7":14,"8":14,"9":14,"10":14,"11":0,"12":14,"13":14,"14":0,"15":0,"16":14,"17":0,"18":0,"19":14,"20":14,"21":2,"22":2},"f":{"0":21,"1":14},"b":{"0":[14,0],"1":[14,0],"2":[0,14],"3":[14,0],"4":[14,14,14],"5":[0,14],"6":[0,0]}}
,"/Users/miltonln/Projects/zetas_list/backend/src/common/guards/jwt-auth.guard.ts": {"path":"/Users/miltonln/Projects/zetas_list/backend/src/common/guards/jwt-auth.guard.ts","statementMap":{"0":{"start":{"line":1,"column":0},"end":{"line":1,"column":44}},"1":{"start":{"line":2,"column":0},"end":{"line":2,"column":45}},"2":{"start":{"line":5,"column":7},"end":{"line":5,"column":null}},"3":{"start":{"line":5,"column":13},"end":{"line":5,"column":25}},"4":{"start":{"line":5,"column":13},"end":{"line":5,"column":null}}},"fnMap":{},"branchMap":{},"s":{"0":2,"1":2,"2":2,"3":2,"4":2},"f":{},"b":{}}
,"/Users/miltonln/Projects/zetas_list/backend/src/common/guards/roles.guard.ts": {"path":"/Users/miltonln/Projects/zetas_list/backend/src/common/guards/roles.guard.ts","statementMap":{"0":{"start":{"line":1,"column":0},"end":{"line":1,"column":95}},"1":{"start":{"line":2,"column":0},"end":{"line":2,"column":41}},"2":{"start":{"line":3,"column":0},"end":{"line":3,"column":58}},"3":{"start":{"line":7,"column":7},"end":{"line":27,"column":null}},"4":{"start":{"line":8,"column":22},"end":{"line":8,"column":33}},"5":{"start":{"line":11,"column":26},"end":{"line":14,"column":6}},"6":{"start":{"line":16,"column":4},"end":{"line":16,"column":36}},"7":{"start":{"line":16,"column":24},"end":{"line":16,"column":36}},"8":{"start":{"line":18,"column":21},"end":{"line":18,"column":56}},"9":{"start":{"line":19,"column":20},"end":{"line":19,"column":54}},"10":{"start":{"line":21,"column":4},"end":{"line":23,"column":5}},"11":{"start":{"line":22,"column":6},"end":{"line":22,"column":83}},"12":{"start":{"line":25,"column":4},"end":{"line":25,"column":16}},"13":{"start":{"line":7,"column":13},"end":{"line":7,"column":23}},"14":{"start":{"line":7,"column":13},"end":{"line":27,"column":null}}},"fnMap":{"0":{"name":"(anonymous_2)","decl":{"start":{"line":8,"column":2},"end":{"line":8,"column":22}},"loc":{"start":{"line":8,"column":42},"end":{"line":8,"column":46}}},"1":{"name":"(anonymous_3)","decl":{"start":{"line":10,"column":2},"end":{"line":10,"column":13}},"loc":{"start":{"line":10,"column":39},"end":{"line":26,"column":3}}}},"branchMap":{"0":{"loc":{"start":{"line":16,"column":4},"end":{"line":16,"column":36}},"type":"if","locations":[{"start":{"line":16,"column":4},"end":{"line":16,"column":36}}]},"1":{"loc":{"start":{"line":21,"column":4},"end":{"line":23,"column":5}},"type":"if","locations":[{"start":{"line":21,"column":4},"end":{"line":23,"column":5}}]}},"s":{"0":1,"1":1,"2":1,"3":1,"4":12,"5":11,"6":11,"7":2,"8":9,"9":9,"10":9,"11":4,"12":5,"13":1,"14":1},"f":{"0":12,"1":11},"b":{"0":[2],"1":[4]}}
,"/Users/miltonln/Projects/zetas_list/backend/src/common/logging/log-context.middleware.ts": {"path":"/Users/miltonln/Projects/zetas_list/backend/src/common/logging/log-context.middleware.ts","statementMap":{"0":{"start":{"line":1,"column":0},"end":{"line":1,"column":60}},"1":{"start":{"line":3,"column":0},"end":{"line":3,"column":60}},"2":{"start":{"line":10,"column":7},"end":{"line":14,"column":null}},"3":{"start":{"line":12,"column":4},"end":{"line":12,"column":75}},"4":{"start":{"line":12,"column":67},"end":{"line":12,"column":73}},"5":{"start":{"line":10,"column":13},"end":{"line":10,"column":33}},"6":{"start":{"line":10,"column":13},"end":{"line":14,"column":null}}},"fnMap":{"0":{"name":"(anonymous_1)","decl":{"start":{"line":11,"column":2},"end":{"line":11,"column":5}},"loc":{"start":{"line":11,"column":55},"end":{"line":13,"column":3}}},"1":{"name":"(anonymous_2)","decl":{"start":{"line":12,"column":61},"end":{"line":12,"column":64}},"loc":{"start":{"line":12,"column":67},"end":{"line":12,"column":73}}}},"branchMap":{},"s":{"0":0,"1":0,"2":0,"3":0,"4":0,"5":0,"6":0},"f":{"0":0,"1":0},"b":{}}
,"/Users/miltonln/Projects/zetas_list/backend/src/common/logging/log-context.ts": {"path":"/Users/miltonln/Projects/zetas_list/backend/src/common/logging/log-context.ts","statementMap":{"0":{"start":{"line":23,"column":0},"end":{"line":23,"column":16}},"1":{"start":{"line":28,"column":0},"end":{"line":28,"column":16}},"2":{"start":{"line":33,"column":0},"end":{"line":33,"column":16}},"3":{"start":{"line":42,"column":0},"end":{"line":42,"column":16}},"4":{"start":{"line":1,"column":0},"end":{"line":1,"column":48}},"5":{"start":{"line":2,"column":0},"end":{"line":2,"column":36}},"6":{"start":{"line":20,"column":16},"end":{"line":20,"column":51}},"7":{"start":{"line":24,"column":2},"end":{"line":24,"column":34}},"8":{"start":{"line":29,"column":2},"end":{"line":29,"column":30}},"9":{"start":{"line":34,"column":2},"end":{"line":34,"column":28}},"10":{"start":{"line":43,"column":18},"end":{"line":43,"column":36}},"11":{"start":{"line":44,"column":2},"end":{"line":44,"column":45}},"12":{"start":{"line":44,"column":15},"end":{"line":44,"column":45}}},"fnMap":{"0":{"name":"newReqId","decl":{"start":{"line":23,"column":16},"end":{"line":23,"column":24}},"loc":{"start":{"line":23,"column":24},"end":{"line":25,"column":1}}},"1":{"name":"runWithLogContext","decl":{"start":{"line":28,"column":16},"end":{"line":28,"column":33}},"loc":{"start":{"line":28,"column":65},"end":{"line":30,"column":1}}},"2":{"name":"getLogContext","decl":{"start":{"line":33,"column":16},"end":{"line":33,"column":29}},"loc":{"start":{"line":33,"column":29},"end":{"line":35,"column":1}}},"3":{"name":"setLogContext","decl":{"start":{"line":42,"column":16},"end":{"line":42,"column":29}},"loc":{"start":{"line":42,"column":56},"end":{"line":45,"column":1}}}},"branchMap":{"0":{"loc":{"start":{"line":44,"column":2},"end":{"line":44,"column":45}},"type":"if","locations":[{"start":{"line":44,"column":2},"end":{"line":44,"column":45}}]}},"s":{"0":2,"1":2,"2":2,"3":2,"4":2,"5":2,"6":2,"7":102,"8":102,"9":0,"10":83,"11":83,"12":83},"f":{"0":102,"1":102,"2":0,"3":83},"b":{"0":[83]}}
,"/Users/miltonln/Projects/zetas_list/backend/src/common/logging/logger.config.ts": {"path":"/Users/miltonln/Projects/zetas_list/backend/src/common/logging/logger.config.ts","statementMap":{"0":{"start":{"line":16,"column":0},"end":{"line":16,"column":16}},"1":{"start":{"line":1,"column":0},"end":{"line":1,"column":40}},"2":{"start":{"line":3,"column":0},"end":{"line":3,"column":46}},"3":{"start":{"line":17,"column":17},"end":{"line":17,"column":54}},"4":{"start":{"line":18,"column":16},"end":{"line":18,"column":68}},"5":{"start":{"line":20,"column":2},"end":{"line":55,"column":4}},"6":{"start":{"line":36,"column":20},"end":{"line":36,"column":35}},"7":{"start":{"line":37,"column":8},"end":{"line":37,"column":28}},"8":{"start":{"line":37,"column":18},"end":{"line":37,"column":28}},"9":{"start":{"line":38,"column":44},"end":{"line":38,"column":64}},"10":{"start":{"line":39,"column":8},"end":{"line":39,"column":48}},"11":{"start":{"line":39,"column":24},"end":{"line":39,"column":48}},"12":{"start":{"line":40,"column":8},"end":{"line":40,"column":48}},"13":{"start":{"line":40,"column":24},"end":{"line":40,"column":48}},"14":{"start":{"line":41,"column":8},"end":{"line":41,"column":45}},"15":{"start":{"line":41,"column":23},"end":{"line":41,"column":45}},"16":{"start":{"line":42,"column":8},"end":{"line":42,"column":19}}},"fnMap":{"0":{"name":"buildLoggerConfig","decl":{"start":{"line":16,"column":16},"end":{"line":16,"column":33}},"loc":{"start":{"line":16,"column":33},"end":{"line":56,"column":1}}},"1":{"name":"(anonymous_1)","decl":{"start":{"line":35,"column":6},"end":{"line":35,"column":11}},"loc":{"start":{"line":35,"column":11},"end":{"line":43,"column":7}}}},"branchMap":{"0":{"loc":{"start":{"line":18,"column":16},"end":{"line":18,"column":68}},"type":"binary-expr","locations":[{"start":{"line":18,"column":16},"end":{"line":18,"column":37}},{"start":{"line":18,"column":42},"end":{"line":18,"column":67}}]},"1":{"loc":{"start":{"line":18,"column":42},"end":{"line":18,"column":67}},"type":"cond-expr","locations":[{"start":{"line":18,"column":51},"end":{"line":18,"column":57}},{"start":{"line":18,"column":60},"end":{"line":18,"column":67}}]},"2":{"loc":{"start":{"line":37,"column":8},"end":{"line":37,"column":28}},"type":"if","locations":[{"start":{"line":37,"column":8},"end":{"line":37,"column":28}}]},"3":{"loc":{"start":{"line":39,"column":8},"end":{"line":39,"column":48}},"type":"if","locations":[{"start":{"line":39,"column":8},"end":{"line":39,"column":48}}]},"4":{"loc":{"start":{"line":40,"column":8},"end":{"line":40,"column":48}},"type":"if","locations":[{"start":{"line":40,"column":8},"end":{"line":40,"column":48}}]},"5":{"loc":{"start":{"line":41,"column":8},"end":{"line":41,"column":45}},"type":"if","locations":[{"start":{"line":41,"column":8},"end":{"line":41,"column":45}}]},"6":{"loc":{"start":{"line":44,"column":17},"end":{"line":53,"column":null}},"type":"cond-expr","locations":[{"start":{"line":45,"column":10},"end":{"line":45,"column":19}},{"start":{"line":46,"column":10},"end":{"line":53,"column":null}}]}},"s":{"0":0,"1":0,"2":0,"3":0,"4":0,"5":0,"6":0,"7":0,"8":0,"9":0,"10":0,"11":0,"12":0,"13":0,"14":0,"15":0,"16":0},"f":{"0":0,"1":0},"b":{"0":[0,0],"1":[0,0],"2":[0],"3":[0],"4":[0],"5":[0],"6":[0,0]}}
,"/Users/miltonln/Projects/zetas_list/backend/src/finances/finances.controller.ts": {"path":"/Users/miltonln/Projects/zetas_list/backend/src/finances/finances.controller.ts","statementMap":{"0":{"start":{"line":1,"column":0},"end":{"line":1,"column":null}},"1":{"start":{"line":12,"column":0},"end":{"line":12,"column":67}},"2":{"start":{"line":13,"column":0},"end":{"line":13,"column":67}},"3":{"start":{"line":14,"column":0},"end":{"line":14,"column":53}},"4":{"start":{"line":15,"column":0},"end":{"line":15,"column":116}},"5":{"start":{"line":16,"column":0},"end":{"line":16,"column":63}},"6":{"start":{"line":17,"column":0},"end":{"line":17,"column":58}},"7":{"start":{"line":18,"column":0},"end":{"line":18,"column":61}},"8":{"start":{"line":19,"column":0},"end":{"line":19,"column":74}},"9":{"start":{"line":26,"column":7},"end":{"line":106,"column":null}},"10":{"start":{"line":27,"column":22},"end":{"line":27,"column":39}},"11":{"start":{"line":34,"column":14},"end":{"line":34,"column":66}},"12":{"start":{"line":35,"column":4},"end":{"line":35,"column":48}},"13":{"start":{"line":42,"column":14},"end":{"line":42,"column":66}},"14":{"start":{"line":43,"column":4},"end":{"line":43,"column":57}},"15":{"start":{"line":50,"column":14},"end":{"line":50,"column":66}},"16":{"start":{"line":51,"column":4},"end":{"line":51,"column":52}},"17":{"start":{"line":56,"column":4},"end":{"line":56,"column":61}},"18":{"start":{"line":64,"column":4},"end":{"line":64,"column":64}},"19":{"start":{"line":70,"column":4},"end":{"line":70,"column":68}},"20":{"start":{"line":76,"column":4},"end":{"line":76,"column":54}},"21":{"start":{"line":84,"column":4},"end":{"line":84,"column":57}},"22":{"start":{"line":90,"column":4},"end":{"line":90,"column":61}},"23":{"start":{"line":96,"column":4},"end":{"line":96,"column":47}},"24":{"start":{"line":104,"column":4},"end":{"line":104,"column":57}},"25":{"start":{"line":26,"column":13},"end":{"line":26,"column":31}},"26":{"start":{"line":33,"column":2},"end":{"line":36,"column":null}},"27":{"start":{"line":41,"column":2},"end":{"line":44,"column":null}},"28":{"start":{"line":49,"column":2},"end":{"line":52,"column":null}},"29":{"start":{"line":55,"column":2},"end":{"line":57,"column":null}},"30":{"start":{"line":63,"column":2},"end":{"line":65,"column":null}},"31":{"start":{"line":69,"column":2},"end":{"line":71,"column":null}},"32":{"start":{"line":75,"column":2},"end":{"line":77,"column":null}},"33":{"start":{"line":83,"column":2},"end":{"line":85,"column":null}},"34":{"start":{"line":89,"column":2},"end":{"line":91,"column":null}},"35":{"start":{"line":95,"column":2},"end":{"line":97,"column":null}},"36":{"start":{"line":103,"column":2},"end":{"line":105,"column":null}},"37":{"start":{"line":26,"column":13},"end":{"line":106,"column":null}}},"fnMap":{"0":{"name":"(anonymous_4)","decl":{"start":{"line":27,"column":2},"end":{"line":27,"column":22}},"loc":{"start":{"line":27,"column":54},"end":{"line":27,"column":58}}},"1":{"name":"(anonymous_5)","decl":{"start":{"line":33,"column":2},"end":{"line":33,"column":14}},"loc":{"start":{"line":33,"column":43},"end":{"line":36,"column":3}}},"2":{"name":"(anonymous_6)","decl":{"start":{"line":41,"column":2},"end":{"line":41,"column":17}},"loc":{"start":{"line":41,"column":85},"end":{"line":44,"column":3}}},"3":{"name":"(anonymous_7)","decl":{"start":{"line":49,"column":2},"end":{"line":49,"column":10}},"loc":{"start":{"line":49,"column":77},"end":{"line":52,"column":3}}},"4":{"name":"(anonymous_8)","decl":{"start":{"line":55,"column":2},"end":{"line":55,"column":12}},"loc":{"start":{"line":55,"column":41},"end":{"line":57,"column":3}}},"5":{"name":"(anonymous_9)","decl":{"start":{"line":63,"column":2},"end":{"line":63,"column":19}},"loc":{"start":{"line":63,"column":83},"end":{"line":65,"column":3}}},"6":{"name":"(anonymous_10)","decl":{"start":{"line":69,"column":2},"end":{"line":69,"column":19}},"loc":{"start":{"line":69,"column":108},"end":{"line":71,"column":3}}},"7":{"name":"(anonymous_11)","decl":{"start":{"line":75,"column":2},"end":{"line":75,"column":19}},"loc":{"start":{"line":75,"column":43},"end":{"line":77,"column":3}}},"8":{"name":"(anonymous_12)","decl":{"start":{"line":83,"column":2},"end":{"line":83,"column":12}},"loc":{"start":{"line":83,"column":69},"end":{"line":85,"column":3}}},"9":{"name":"(anonymous_13)","decl":{"start":{"line":89,"column":2},"end":{"line":89,"column":12}},"loc":{"start":{"line":89,"column":94},"end":{"line":91,"column":3}}},"10":{"name":"(anonymous_14)","decl":{"start":{"line":95,"column":2},"end":{"line":95,"column":12}},"loc":{"start":{"line":95,"column":36},"end":{"line":97,"column":3}}},"11":{"name":"(anonymous_15)","decl":{"start":{"line":103,"column":2},"end":{"line":103,"column":12}},"loc":{"start":{"line":103,"column":73},"end":{"line":105,"column":3}}}},"branchMap":{"0":{"loc":{"start":{"line":34,"column":14},"end":{"line":34,"column":66}},"type":"cond-expr","locations":[{"start":{"line":34,"column":21},"end":{"line":34,"column":39}},{"start":{"line":34,"column":42},"end":{"line":34,"column":66}}]},"1":{"loc":{"start":{"line":42,"column":14},"end":{"line":42,"column":66}},"type":"cond-expr","locations":[{"start":{"line":42,"column":21},"end":{"line":42,"column":39}},{"start":{"line":42,"column":42},"end":{"line":42,"column":66}}]},"2":{"loc":{"start":{"line":50,"column":14},"end":{"line":50,"column":66}},"type":"cond-expr","locations":[{"start":{"line":50,"column":21},"end":{"line":50,"column":39}},{"start":{"line":50,"column":42},"end":{"line":50,"column":66}}]}},"s":{"0":0,"1":0,"2":0,"3":0,"4":0,"5":0,"6":0,"7":0,"8":0,"9":0,"10":0,"11":0,"12":0,"13":0,"14":0,"15":0,"16":0,"17":0,"18":0,"19":0,"20":0,"21":0,"22":0,"23":0,"24":0,"25":0,"26":0,"27":0,"28":0,"29":0,"30":0,"31":0,"32":0,"33":0,"34":0,"35":0,"36":0,"37":0},"f":{"0":0,"1":0,"2":0,"3":0,"4":0,"5":0,"6":0,"7":0,"8":0,"9":0,"10":0,"11":0},"b":{"0":[0,0],"1":[0,0],"2":[0,0]}}
,"/Users/miltonln/Projects/zetas_list/backend/src/finances/finances.service.ts": {"path":"/Users/miltonln/Projects/zetas_list/backend/src/finances/finances.service.ts","statementMap":{"0":{"start":{"line":1,"column":0},"end":{"line":1,"column":71}},"1":{"start":{"line":2,"column":0},"end":{"line":2,"column":61}},"2":{"start":{"line":3,"column":0},"end":{"line":3,"column":57}},"3":{"start":{"line":7,"column":28},"end":{"line":333,"column":null}},"4":{"start":{"line":10,"column":22},"end":{"line":10,"column":30}},"5":{"start":{"line":8,"column":19},"end":{"line":8,"column":61}},"6":{"start":{"line":15,"column":22},"end":{"line":15,"column":47}},"7":{"start":{"line":16,"column":20},"end":{"line":16,"column":49}},"8":{"start":{"line":17,"column":23},"end":{"line":17,"column":54}},"9":{"start":{"line":19,"column":64},"end":{"line":37,"column":6}},"10":{"start":{"line":39,"column":24},"end":{"line":39,"column":50}},"11":{"start":{"line":40,"column":26},"end":{"line":40,"column":53}},"12":{"start":{"line":41,"column":27},"end":{"line":41,"column":56}},"13":{"start":{"line":42,"column":20},"end":{"line":42,"column":64}},"14":{"start":{"line":44,"column":4},"end":{"line":58,"column":6}},"15":{"start":{"line":50,"column":45},"end":{"line":57,"column":8}},"16":{"start":{"line":64,"column":22},"end":{"line":64,"column":47}},"17":{"start":{"line":65,"column":20},"end":{"line":65,"column":49}},"18":{"start":{"line":67,"column":4},"end":{"line":74,"column":7}},"19":{"start":{"line":78,"column":4},"end":{"line":87,"column":7}},"20":{"start":{"line":91,"column":21},"end":{"line":91,"column":87}},"21":{"start":{"line":92,"column":4},"end":{"line":92,"column":76}},"22":{"start":{"line":92,"column":19},"end":{"line":92,"column":76}},"23":{"start":{"line":94,"column":4},"end":{"line":102,"column":7}},"24":{"start":{"line":106,"column":21},"end":{"line":106,"column":87}},"25":{"start":{"line":107,"column":4},"end":{"line":107,"column":76}},"26":{"start":{"line":107,"column":19},"end":{"line":107,"column":76}},"27":{"start":{"line":109,"column":4},"end":{"line":109,"column":68}},"28":{"start":{"line":115,"column":22},"end":{"line":115,"column":47}},"29":{"start":{"line":116,"column":20},"end":{"line":116,"column":49}},"30":{"start":{"line":118,"column":4},"end":{"line":128,"column":7}},"31":{"start":{"line":132,"column":4},"end":{"line":145,"column":7}},"32":{"start":{"line":149,"column":21},"end":{"line":149,"column":73}},"33":{"start":{"line":150,"column":4},"end":{"line":150,"column":70}},"34":{"start":{"line":150,"column":19},"end":{"line":150,"column":70}},"35":{"start":{"line":152,"column":42},"end":{"line":152,"column":44}},"36":{"start":{"line":153,"column":4},"end":{"line":153,"column":59}},"37":{"start":{"line":153,"column":34},"end":{"line":153,"column":59}},"38":{"start":{"line":154,"column":4},"end":{"line":154,"column":63}},"39":{"start":{"line":154,"column":32},"end":{"line":154,"column":63}},"40":{"start":{"line":155,"column":4},"end":{"line":155,"column":59}},"41":{"start":{"line":155,"column":34},"end":{"line":155,"column":59}},"42":{"start":{"line":156,"column":4},"end":{"line":156,"column":59}},"43":{"start":{"line":156,"column":34},"end":{"line":156,"column":59}},"44":{"start":{"line":157,"column":4},"end":{"line":165,"column":5}},"45":{"start":{"line":158,"column":6},"end":{"line":158,"column":31}},"46":{"start":{"line":159,"column":6},"end":{"line":161,"column":7}},"47":{"start":{"line":160,"column":8},"end":{"line":160,"column":33}},"48":{"start":{"line":162,"column":6},"end":{"line":164,"column":7}},"49":{"start":{"line":163,"column":8},"end":{"line":163,"column":27}},"50":{"start":{"line":167,"column":4},"end":{"line":171,"column":7}},"51":{"start":{"line":175,"column":21},"end":{"line":175,"column":73}},"52":{"start":{"line":176,"column":4},"end":{"line":176,"column":70}},"53":{"start":{"line":176,"column":19},"end":{"line":176,"column":70}},"54":{"start":{"line":178,"column":4},"end":{"line":178,"column":54}},"55":{"start":{"line":189,"column":18},"end":{"line":201,"column":9}},"56":{"start":{"line":190,"column":21},"end":{"line":190,"column":29}},"57":{"start":{"line":191,"column":19},"end":{"line":201,"column":8}},"58":{"start":{"line":203,"column":4},"end":{"line":206,"column":5}},"59":{"start":{"line":204,"column":6},"end":{"line":204,"column":57}},"60":{"start":{"line":205,"column":6},"end":{"line":205,"column":87}},"61":{"start":{"line":215,"column":18},"end":{"line":227,"column":9}},"62":{"start":{"line":216,"column":21},"end":{"line":216,"column":29}},"63":{"start":{"line":217,"column":19},"end":{"line":227,"column":8}},"64":{"start":{"line":229,"column":4},"end":{"line":232,"column":5}},"65":{"start":{"line":230,"column":6},"end":{"line":230,"column":57}},"66":{"start":{"line":231,"column":6},"end":{"line":231,"column":87}},"67":{"start":{"line":236,"column":4},"end":{"line":245,"column":7}},"68":{"start":{"line":246,"column":4},"end":{"line":246,"column":88}},"69":{"start":{"line":252,"column":18},"end":{"line":254,"column":6}},"70":{"start":{"line":255,"column":4},"end":{"line":255,"column":21}},"71":{"start":{"line":261,"column":4},"end":{"line":265,"column":7}},"72":{"start":{"line":269,"column":18},"end":{"line":271,"column":6}},"73":{"start":{"line":272,"column":18},"end":{"line":272,"column":61}},"74":{"start":{"line":272,"column":43},"end":{"line":272,"column":57}},"75":{"start":{"line":273,"column":4},"end":{"line":273,"column":28}},"76":{"start":{"line":279,"column":29},"end":{"line":279,"column":31}},"77":{"start":{"line":280,"column":30},"end":{"line":280,"column":31}},"78":{"start":{"line":281,"column":23},"end":{"line":281,"column":24}},"79":{"start":{"line":283,"column":4},"end":{"line":294,"column":5}},"80":{"start":{"line":284,"column":21},"end":{"line":291,"column":9}},"81":{"start":{"line":284,"column":50},"end":{"line":291,"column":8}},"82":{"start":{"line":292,"column":21},"end":{"line":292,"column":86}},"83":{"start":{"line":293,"column":6},"end":{"line":293,"column":41}},"84":{"start":{"line":296,"column":4},"end":{"line":328,"column":5}},"85":{"start":{"line":297,"column":34},"end":{"line":297,"column":38}},"86":{"start":{"line":298,"column":39},"end":{"line":298,"column":64}},"87":{"start":{"line":300,"column":6},"end":{"line":313,"column":7}},"88":{"start":{"line":301,"column":21},"end":{"line":305,"column":10}},"89":{"start":{"line":307,"column":8},"end":{"line":312,"column":9}},"90":{"start":{"line":308,"column":10},"end":{"line":308,"column":27}},"91":{"start":{"line":309,"column":10},"end":{"line":309,"column":49}},"92":{"start":{"line":311,"column":10},"end":{"line":311,"column":98}},"93":{"start":{"line":315,"column":6},"end":{"line":326,"column":9}},"94":{"start":{"line":327,"column":6},"end":{"line":327,"column":21}},"95":{"start":{"line":330,"column":4},"end":{"line":330,"column":114}},"96":{"start":{"line":331,"column":4},"end":{"line":331,"column":57}},"97":{"start":{"line":7,"column":13},"end":{"line":7,"column":28}},"98":{"start":{"line":7,"column":13},"end":{"line":333,"column":null}}},"fnMap":{"0":{"name":"(anonymous_2)","decl":{"start":{"line":10,"column":2},"end":{"line":10,"column":22}},"loc":{"start":{"line":10,"column":43},"end":{"line":10,"column":47}}},"1":{"name":"(anonymous_3)","decl":{"start":{"line":14,"column":2},"end":{"line":14,"column":7}},"loc":{"start":{"line":14,"column":33},"end":{"line":59,"column":3}}},"2":{"name":"(anonymous_4)","decl":{"start":{"line":50,"column":37},"end":{"line":50,"column":38}},"loc":{"start":{"line":50,"column":45},"end":{"line":57,"column":8}}},"3":{"name":"(anonymous_5)","decl":{"start":{"line":63,"column":2},"end":{"line":63,"column":7}},"loc":{"start":{"line":63,"column":60},"end":{"line":75,"column":3}}},"4":{"name":"(anonymous_6)","decl":{"start":{"line":77,"column":2},"end":{"line":77,"column":7}},"loc":{"start":{"line":77,"column":68},"end":{"line":88,"column":3}}},"5":{"name":"(anonymous_7)","decl":{"start":{"line":90,"column":2},"end":{"line":90,"column":7}},"loc":{"start":{"line":90,"column":81},"end":{"line":103,"column":3}}},"6":{"name":"(anonymous_8)","decl":{"start":{"line":105,"column":2},"end":{"line":105,"column":7}},"loc":{"start":{"line":105,"column":36},"end":{"line":110,"column":3}}},"7":{"name":"(anonymous_9)","decl":{"start":{"line":114,"column":2},"end":{"line":114,"column":7}},"loc":{"start":{"line":114,"column":50},"end":{"line":129,"column":3}}},"8":{"name":"(anonymous_10)","decl":{"start":{"line":131,"column":2},"end":{"line":131,"column":7}},"loc":{"start":{"line":131,"column":54},"end":{"line":146,"column":3}}},"9":{"name":"(anonymous_11)","decl":{"start":{"line":148,"column":2},"end":{"line":148,"column":7}},"loc":{"start":{"line":148,"column":67},"end":{"line":172,"column":3}}},"10":{"name":"(anonymous_12)","decl":{"start":{"line":174,"column":2},"end":{"line":174,"column":7}},"loc":{"start":{"line":174,"column":29},"end":{"line":179,"column":3}}},"11":{"name":"(anonymous_13)","decl":{"start":{"line":183,"column":2},"end":{"line":183,"column":7}},"loc":{"start":{"line":187,"column":19},"end":{"line":207,"column":3}}},"12":{"name":"(anonymous_14)","decl":{"start":{"line":190,"column":14},"end":{"line":190,"column":15}},"loc":{"start":{"line":190,"column":21},"end":{"line":190,"column":29}}},"13":{"name":"(anonymous_15)","decl":{"start":{"line":191,"column":11},"end":{"line":191,"column":12}},"loc":{"start":{"line":191,"column":19},"end":{"line":201,"column":8}}},"14":{"name":"(anonymous_16)","decl":{"start":{"line":209,"column":2},"end":{"line":209,"column":7}},"loc":{"start":{"line":213,"column":19},"end":{"line":233,"column":3}}},"15":{"name":"(anonymous_17)","decl":{"start":{"line":216,"column":14},"end":{"line":216,"column":15}},"loc":{"start":{"line":216,"column":21},"end":{"line":216,"column":29}}},"16":{"name":"(anonymous_18)","decl":{"start":{"line":217,"column":11},"end":{"line":217,"column":12}},"loc":{"start":{"line":217,"column":19},"end":{"line":227,"column":8}}},"17":{"name":"(anonymous_19)","decl":{"start":{"line":235,"column":2},"end":{"line":235,"column":7}},"loc":{"start":{"line":235,"column":100},"end":{"line":247,"column":3}}},"18":{"name":"(anonymous_20)","decl":{"start":{"line":251,"column":2},"end":{"line":251,"column":7}},"loc":{"start":{"line":251,"column":37},"end":{"line":256,"column":3}}},"19":{"name":"(anonymous_21)","decl":{"start":{"line":260,"column":2},"end":{"line":260,"column":7}},"loc":{"start":{"line":260,"column":23},"end":{"line":266,"column":3}}},"20":{"name":"(anonymous_22)","decl":{"start":{"line":268,"column":2},"end":{"line":268,"column":7}},"loc":{"start":{"line":268,"column":42},"end":{"line":274,"column":3}}},"21":{"name":"(anonymous_23)","decl":{"start":{"line":272,"column":31},"end":{"line":272,"column":32}},"loc":{"start":{"line":272,"column":43},"end":{"line":272,"column":57}}},"22":{"name":"(anonymous_24)","decl":{"start":{"line":278,"column":2},"end":{"line":278,"column":7}},"loc":{"start":{"line":278,"column":58},"end":{"line":332,"column":3}}},"23":{"name":"(anonymous_25)","decl":{"start":{"line":284,"column":42},"end":{"line":284,"column":43}},"loc":{"start":{"line":284,"column":50},"end":{"line":291,"column":8}}}},"branchMap":{"0":{"loc":{"start":{"line":39,"column":24},"end":{"line":39,"column":50}},"type":"binary-expr","locations":[{"start":{"line":39,"column":24},"end":{"line":39,"column":45}},{"start":{"line":39,"column":49},"end":{"line":39,"column":50}}]},"1":{"loc":{"start":{"line":40,"column":26},"end":{"line":40,"column":53}},"type":"binary-expr","locations":[{"start":{"line":40,"column":26},"end":{"line":40,"column":48}},{"start":{"line":40,"column":52},"end":{"line":40,"column":53}}]},"2":{"loc":{"start":{"line":41,"column":27},"end":{"line":41,"column":56}},"type":"binary-expr","locations":[{"start":{"line":41,"column":27},"end":{"line":41,"column":51}},{"start":{"line":41,"column":55},"end":{"line":41,"column":56}}]},"3":{"loc":{"start":{"line":53,"column":18},"end":{"line":53,"column":61}},"type":"binary-expr","locations":[{"start":{"line":53,"column":18},"end":{"line":53,"column":30}},{"start":{"line":53,"column":34},"end":{"line":53,"column":44}},{"start":{"line":53,"column":48},"end":{"line":53,"column":61}}]},"4":{"loc":{"start":{"line":70,"column":12},"end":{"line":70,"column":32}},"type":"cond-expr","locations":[{"start":{"line":70,"column":19},"end":{"line":70,"column":27}},{"start":{"line":70,"column":30},"end":{"line":70,"column":32}}]},"5":{"loc":{"start":{"line":84,"column":16},"end":{"line":84,"column":34}},"type":"binary-expr","locations":[{"start":{"line":84,"column":16},"end":{"line":84,"column":26}},{"start":{"line":84,"column":30},"end":{"line":84,"column":34}}]},"6":{"loc":{"start":{"line":92,"column":4},"end":{"line":92,"column":76}},"type":"if","locations":[{"start":{"line":92,"column":4},"end":{"line":92,"column":76}}]},"7":{"loc":{"start":{"line":97,"column":12},"end":{"line":97,"column":56}},"type":"binary-expr","locations":[{"start":{"line":97,"column":12},"end":{"line":97,"column":34}},{"start":{"line":97,"column":38},"end":{"line":97,"column":56}}]},"8":{"loc":{"start":{"line":98,"column":12},"end":{"line":98,"column":66}},"type":"binary-expr","locations":[{"start":{"line":98,"column":12},"end":{"line":98,"column":34}},{"start":{"line":98,"column":38},"end":{"line":98,"column":66}}]},"9":{"loc":{"start":{"line":99,"column":12},"end":{"line":99,"column":62}},"type":"binary-expr","locations":[{"start":{"line":99,"column":12},"end":{"line":99,"column":36}},{"start":{"line":99,"column":40},"end":{"line":99,"column":62}}]},"10":{"loc":{"start":{"line":100,"column":12},"end":{"line":100,"column":77}},"type":"binary-expr","locations":[{"start":{"line":100,"column":12},"end":{"line":100,"column":41}},{"start":{"line":100,"column":45},"end":{"line":100,"column":77}}]},"11":{"loc":{"start":{"line":107,"column":4},"end":{"line":107,"column":76}},"type":"if","locations":[{"start":{"line":107,"column":4},"end":{"line":107,"column":76}}]},"12":{"loc":{"start":{"line":121,"column":12},"end":{"line":121,"column":36}},"type":"cond-expr","locations":[{"start":{"line":121,"column":21},"end":{"line":121,"column":31}},{"start":{"line":121,"column":34},"end":{"line":121,"column":36}}]},"13":{"loc":{"start":{"line":138,"column":16},"end":{"line":138,"column":48}},"type":"binary-expr","locations":[{"start":{"line":138,"column":16},"end":{"line":138,"column":26}},{"start":{"line":138,"column":30},"end":{"line":138,"column":48}}]},"14":{"loc":{"start":{"line":139,"column":16},"end":{"line":139,"column":34}},"type":"binary-expr","locations":[{"start":{"line":139,"column":16},"end":{"line":139,"column":26}},{"start":{"line":139,"column":30},"end":{"line":139,"column":34}}]},"15":{"loc":{"start":{"line":140,"column":28},"end":{"line":140,"column":58}},"type":"binary-expr","locations":[{"start":{"line":140,"column":28},"end":{"line":140,"column":50}},{"start":{"line":140,"column":54},"end":{"line":140,"column":58}}]},"16":{"loc":{"start":{"line":142,"column":12},"end":{"line":142,"column":72}},"type":"cond-expr","locations":[{"start":{"line":142,"column":45},"end":{"line":142,"column":67}},{"start":{"line":142,"column":70},"end":{"line":142,"column":72}}]},"17":{"loc":{"start":{"line":150,"column":4},"end":{"line":150,"column":70}},"type":"if","locations":[{"start":{"line":150,"column":4},"end":{"line":150,"column":70}}]},"18":{"loc":{"start":{"line":153,"column":4},"end":{"line":153,"column":59}},"type":"if","locations":[{"start":{"line":153,"column":4},"end":{"line":153,"column":59}}]},"19":{"loc":{"start":{"line":154,"column":4},"end":{"line":154,"column":63}},"type":"if","locations":[{"start":{"line":154,"column":4},"end":{"line":154,"column":63}}]},"20":{"loc":{"start":{"line":155,"column":4},"end":{"line":155,"column":59}},"type":"if","locations":[{"start":{"line":155,"column":4},"end":{"line":155,"column":59}}]},"21":{"loc":{"start":{"line":156,"column":4},"end":{"line":156,"column":59}},"type":"if","locations":[{"start":{"line":156,"column":4},"end":{"line":156,"column":59}}]},"22":{"loc":{"start":{"line":157,"column":4},"end":{"line":165,"column":5}},"type":"if","locations":[{"start":{"line":157,"column":4},"end":{"line":165,"column":5}}]},"23":{"loc":{"start":{"line":159,"column":6},"end":{"line":161,"column":7}},"type":"if","locations":[{"start":{"line":159,"column":6},"end":{"line":161,"column":7}}]},"24":{"loc":{"start":{"line":159,"column":10},"end":{"line":159,"column":79}},"type":"binary-expr","locations":[{"start":{"line":159,"column":10},"end":{"line":159,"column":40}},{"start":{"line":159,"column":44},"end":{"line":159,"column":79}}]},"25":{"loc":{"start":{"line":162,"column":6},"end":{"line":164,"column":7}},"type":"if","locations":[{"start":{"line":162,"column":6},"end":{"line":164,"column":7}}]},"26":{"loc":{"start":{"line":176,"column":4},"end":{"line":176,"column":70}},"type":"if","locations":[{"start":{"line":176,"column":4},"end":{"line":176,"column":70}}]},"27":{"loc":{"start":{"line":203,"column":4},"end":{"line":206,"column":5}},"type":"if","locations":[{"start":{"line":203,"column":4},"end":{"line":206,"column":5}}]},"28":{"loc":{"start":{"line":229,"column":4},"end":{"line":232,"column":5}},"type":"if","locations":[{"start":{"line":229,"column":4},"end":{"line":232,"column":5}}]},"29":{"loc":{"start":{"line":283,"column":4},"end":{"line":294,"column":5}},"type":"if","locations":[{"start":{"line":283,"column":4},"end":{"line":294,"column":5}}]},"30":{"loc":{"start":{"line":298,"column":39},"end":{"line":298,"column":64}},"type":"binary-expr","locations":[{"start":{"line":298,"column":39},"end":{"line":298,"column":56}},{"start":{"line":298,"column":60},"end":{"line":298,"column":64}}]},"31":{"loc":{"start":{"line":300,"column":6},"end":{"line":313,"column":7}},"type":"if","locations":[{"start":{"line":300,"column":6},"end":{"line":313,"column":7}}]},"32":{"loc":{"start":{"line":307,"column":8},"end":{"line":312,"column":9}},"type":"if","locations":[{"start":{"line":307,"column":8},"end":{"line":312,"column":9}},{"start":{"line":310,"column":15},"end":{"line":312,"column":9}}]},"33":{"loc":{"start":{"line":309,"column":24},"end":{"line":309,"column":48}},"type":"binary-expr","locations":[{"start":{"line":309,"column":24},"end":{"line":309,"column":35}},{"start":{"line":309,"column":39},"end":{"line":309,"column":48}}]},"34":{"loc":{"start":{"line":317,"column":18},"end":{"line":317,"column":37}},"type":"binary-expr","locations":[{"start":{"line":317,"column":18},"end":{"line":317,"column":24}},{"start":{"line":317,"column":28},"end":{"line":317,"column":37}}]},"35":{"loc":{"start":{"line":318,"column":20},"end":{"line":318,"column":44}},"type":"binary-expr","locations":[{"start":{"line":318,"column":20},"end":{"line":318,"column":31}},{"start":{"line":318,"column":35},"end":{"line":318,"column":44}}]},"36":{"loc":{"start":{"line":322,"column":18},"end":{"line":322,"column":55}},"type":"binary-expr","locations":[{"start":{"line":322,"column":18},"end":{"line":322,"column":33}},{"start":{"line":322,"column":37},"end":{"line":322,"column":55}}]},"37":{"loc":{"start":{"line":323,"column":18},"end":{"line":323,"column":86}},"type":"cond-expr","locations":[{"start":{"line":323,"column":56},"end":{"line":323,"column":79}},{"start":{"line":323,"column":82},"end":{"line":323,"column":86}}]}},"s":{"0":6,"1":6,"2":6,"3":6,"4":19,"5":19,"6":3,"7":3,"8":3,"9":3,"10":3,"11":3,"12":3,"13":3,"14":3,"15":1,"16":0,"17":0,"18":0,"19":1,"20":2,"21":2,"22":1,"23":1,"24":2,"25":2,"26":1,"27":1,"28":0,"29":0,"30":0,"31":2,"32":2,"33":2,"34":0,"35":2,"36":2,"37":0,"38":2,"39":0,"40":2,"41":0,"42":2,"43":0,"44":2,"45":2,"46":2,"47":1,"48":2,"49":1,"50":2,"51":0,"52":0,"53":0,"54":0,"55":1,"56":3,"57":2,"58":1,"59":1,"60":1,"61":1,"62":1,"63":1,"64":1,"65":1,"66":1,"67":1,"68":1,"69":2,"70":2,"71":0,"72":0,"73":0,"74":0,"75":0,"76":2,"77":2,"78":2,"79":2,"80":1,"81":1,"82":1,"83":1,"84":2,"85":2,"86":2,"87":2,"88":2,"89":2,"90":1,"91":1,"92":1,"93":2,"94":2,"95":2,"96":2,"97":6,"98":6},"f":{"0":19,"1":3,"2":1,"3":0,"4":1,"5":2,"6":2,"7":0,"8":2,"9":2,"10":0,"11":1,"12":3,"13":2,"14":1,"15":1,"16":1,"17":1,"18":2,"19":0,"20":0,"21":0,"22":2,"23":1},"b":{"0":[3,1],"1":[3,1],"2":[3,1],"3":[1,0,0],"4":[0,0],"5":[1,1],"6":[1],"7":[1,0],"8":[1,0],"9":[1,1],"10":[1,0],"11":[1],"12":[0,0],"13":[2,1],"14":[2,2],"15":[2,2],"16":[1,1],"17":[0],"18":[0],"19":[0],"20":[0],"21":[0],"22":[2],"23":[1],"24":[2,1],"25":[1],"26":[0],"27":[1],"28":[1],"29":[1],"30":[2,2],"31":[2],"32":[1,1],"33":[1,1],"34":[2,1],"35":[2,2],"36":[2,1],"37":[1,1]}}
,"/Users/miltonln/Projects/zetas_list/backend/src/games/game-events.service.ts": {"path":"/Users/miltonln/Projects/zetas_list/backend/src/games/game-events.service.ts","statementMap":{"0":{"start":{"line":1,"column":0},"end":{"line":1,"column":44}},"1":{"start":{"line":2,"column":0},"end":{"line":2,"column":43}},"2":{"start":{"line":3,"column":0},"end":{"line":3,"column":45}},"3":{"start":{"line":12,"column":7},"end":{"line":30,"column":null}},"4":{"start":{"line":13,"column":10},"end":{"line":13,"column":45}},"5":{"start":{"line":16,"column":4},"end":{"line":16,"column":29}},"6":{"start":{"line":20,"column":4},"end":{"line":28,"column":6}},"7":{"start":{"line":21,"column":20},"end":{"line":21,"column":39}},"8":{"start":{"line":24,"column":11},"end":{"line":26,"column":28}},"9":{"start":{"line":12,"column":13},"end":{"line":12,"column":30}},"10":{"start":{"line":12,"column":13},"end":{"line":30,"column":null}}},"fnMap":{"0":{"name":"(anonymous_1)","decl":{"start":{"line":12,"column":7},"end":{"line":12,"column":13}},"loc":{"start":{"line":12,"column":7},"end":{"line":30,"column":1}}},"1":{"name":"(anonymous_2)","decl":{"start":{"line":15,"column":2},"end":{"line":15,"column":6}},"loc":{"start":{"line":15,"column":23},"end":{"line":17,"column":3}}},"2":{"name":"(anonymous_3)","decl":{"start":{"line":19,"column":2},"end":{"line":19,"column":9}},"loc":{"start":{"line":19,"column":24},"end":{"line":29,"column":3}}},"3":{"name":"(anonymous_4)","decl":{"start":{"line":21,"column":13},"end":{"line":21,"column":14}},"loc":{"start":{"line":21,"column":20},"end":{"line":21,"column":39}}},"4":{"name":"(anonymous_5)","decl":{"start":{"line":23,"column":8},"end":{"line":23,"column":9}},"loc":{"start":{"line":24,"column":11},"end":{"line":26,"column":28}}}},"branchMap":{},"s":{"0":5,"1":5,"2":5,"3":5,"4":0,"5":0,"6":0,"7":0,"8":0,"9":5,"10":5},"f":{"0":0,"1":0,"2":0,"3":0,"4":0},"b":{}}
,"/Users/miltonln/Projects/zetas_list/backend/src/games/game-scheduler.service.ts": {"path":"/Users/miltonln/Projects/zetas_list/backend/src/games/game-scheduler.service.ts","statementMap":{"0":{"start":{"line":1,"column":0},"end":{"line":1,"column":52}},"1":{"start":{"line":2,"column":0},"end":{"line":2,"column":56}},"2":{"start":{"line":3,"column":0},"end":{"line":3,"column":57}},"3":{"start":{"line":4,"column":0},"end":{"line":4,"column":47}},"4":{"start":{"line":5,"column":0},"end":{"line":5,"column":63}},"5":{"start":{"line":6,"column":0},"end":{"line":6,"column":44}},"6":{"start":{"line":7,"column":0},"end":{"line":7,"column":76}},"7":{"start":{"line":10,"column":33},"end":{"line":122,"column":null}},"8":{"start":{"line":14,"column":12},"end":{"line":14,"column":20}},"9":{"start":{"line":15,"column":12},"end":{"line":15,"column":19}},"10":{"start":{"line":16,"column":12},"end":{"line":16,"column":22}},"11":{"start":{"line":11,"column":19},"end":{"line":11,"column":66}},"12":{"start":{"line":21,"column":16},"end":{"line":21,"column":26}},"13":{"start":{"line":23,"column":24},"end":{"line":28,"column":6}},"14":{"start":{"line":30,"column":4},"end":{"line":47,"column":5}},"15":{"start":{"line":31,"column":6},"end":{"line":46,"column":7}},"16":{"start":{"line":35,"column":24},"end":{"line":35,"column":69}},"17":{"start":{"line":36,"column":21},"end":{"line":36,"column":61}},"18":{"start":{"line":37,"column":8},"end":{"line":40,"column":9}},"19":{"start":{"line":38,"column":10},"end":{"line":38,"column":112}},"20":{"start":{"line":39,"column":10},"end":{"line":39,"column":19}},"21":{"start":{"line":42,"column":8},"end":{"line":42,"column":51}},"22":{"start":{"line":43,"column":8},"end":{"line":43,"column":64}},"23":{"start":{"line":45,"column":8},"end":{"line":45,"column":73}},"24":{"start":{"line":52,"column":16},"end":{"line":52,"column":26}},"25":{"start":{"line":54,"column":20},"end":{"line":62,"column":6}},"26":{"start":{"line":64,"column":4},"end":{"line":77,"column":5}},"27":{"start":{"line":65,"column":6},"end":{"line":65,"column":97}},"28":{"start":{"line":65,"column":88},"end":{"line":65,"column":97}},"29":{"start":{"line":67,"column":6},"end":{"line":76,"column":8}},"30":{"start":{"line":70,"column":10},"end":{"line":74,"column":11}},"31":{"start":{"line":71,"column":12},"end":{"line":71,"column":63}},"32":{"start":{"line":73,"column":12},"end":{"line":73,"column":88}},"33":{"start":{"line":82,"column":24},"end":{"line":87,"column":6}},"34":{"start":{"line":89,"column":4},"end":{"line":120,"column":5}},"35":{"start":{"line":90,"column":23},"end":{"line":90,"column":85}},"36":{"start":{"line":91,"column":6},"end":{"line":91,"column":29}},"37":{"start":{"line":91,"column":20},"end":{"line":91,"column":29}},"38":{"start":{"line":93,"column":6},"end":{"line":119,"column":7}},"39":{"start":{"line":97,"column":21},"end":{"line":99,"column":null}},"40":{"start":{"line":101,"column":8},"end":{"line":104,"column":9}},"41":{"start":{"line":102,"column":10},"end":{"line":102,"column":113}},"42":{"start":{"line":103,"column":10},"end":{"line":103,"column":19}},"43":{"start":{"line":106,"column":8},"end":{"line":109,"column":11}},"44":{"start":{"line":110,"column":8},"end":{"line":110,"column":65}},"45":{"start":{"line":116,"column":8},"end":{"line":116,"column":87}},"46":{"start":{"line":118,"column":8},"end":{"line":118,"column":73}},"47":{"start":{"line":10,"column":13},"end":{"line":10,"column":33}},"48":{"start":{"line":20,"column":8},"end":{"line":48,"column":null}},"49":{"start":{"line":51,"column":8},"end":{"line":78,"column":null}},"50":{"start":{"line":81,"column":8},"end":{"line":121,"column":null}},"51":{"start":{"line":10,"column":13},"end":{"line":122,"column":null}}},"fnMap":{"0":{"name":"(anonymous_2)","decl":{"start":{"line":13,"column":2},"end":{"line":13,"column":null}},"loc":{"start":{"line":16,"column":37},"end":{"line":17,"column":6}}},"1":{"name":"(anonymous_3)","decl":{"start":{"line":20,"column":2},"end":{"line":20,"column":7}},"loc":{"start":{"line":20,"column":32},"end":{"line":48,"column":3}}},"2":{"name":"(anonymous_4)","decl":{"start":{"line":51,"column":2},"end":{"line":51,"column":7}},"loc":{"start":{"line":51,"column":33},"end":{"line":78,"column":3}}},"3":{"name":"(anonymous_5)","decl":{"start":{"line":69,"column":8},"end":{"line":69,"column":13}},"loc":{"start":{"line":69,"column":19},"end":{"line":75,"column":9}}},"4":{"name":"(anonymous_6)","decl":{"start":{"line":81,"column":2},"end":{"line":81,"column":7}},"loc":{"start":{"line":81,"column":24},"end":{"line":121,"column":3}}}},"branchMap":{"0":{"loc":{"start":{"line":37,"column":8},"end":{"line":40,"column":9}},"type":"if","locations":[{"start":{"line":37,"column":8},"end":{"line":40,"column":9}}]},"1":{"loc":{"start":{"line":65,"column":6},"end":{"line":65,"column":97}},"type":"if","locations":[{"start":{"line":65,"column":6},"end":{"line":65,"column":97}}]},"2":{"loc":{"start":{"line":65,"column":10},"end":{"line":65,"column":86}},"type":"binary-expr","locations":[{"start":{"line":65,"column":10},"end":{"line":65,"column":49}},{"start":{"line":65,"column":53},"end":{"line":65,"column":86}}]},"3":{"loc":{"start":{"line":91,"column":6},"end":{"line":91,"column":29}},"type":"if","locations":[{"start":{"line":91,"column":6},"end":{"line":91,"column":29}}]},"4":{"loc":{"start":{"line":101,"column":8},"end":{"line":104,"column":9}},"type":"if","locations":[{"start":{"line":101,"column":8},"end":{"line":104,"column":9}}]}},"s":{"0":1,"1":1,"2":1,"3":1,"4":1,"5":1,"6":1,"7":1,"8":18,"9":18,"10":18,"11":18,"12":5,"13":5,"14":5,"15":6,"16":6,"17":6,"18":6,"19":1,"20":1,"21":5,"22":4,"23":1,"24":5,"25":5,"26":5,"27":6,"28":1,"29":5,"30":5,"31":5,"32":1,"33":9,"34":9,"35":9,"36":9,"37":1,"38":8,"39":8,"40":8,"41":1,"42":1,"43":7,"44":6,"45":6,"46":1,"47":1,"48":1,"49":1,"50":1,"51":1},"f":{"0":18,"1":5,"2":5,"3":5,"4":9},"b":{"0":[1],"1":[1],"2":[6,1],"3":[1],"4":[1]}}
,"/Users/miltonln/Projects/zetas_list/backend/src/games/games.controller.ts": {"path":"/Users/miltonln/Projects/zetas_list/backend/src/games/games.controller.ts","statementMap":{"0":{"start":{"line":1,"column":0},"end":{"line":1,"column":null}},"1":{"start":{"line":15,"column":0},"end":{"line":15,"column":67}},"2":{"start":{"line":16,"column":0},"end":{"line":16,"column":51}},"3":{"start":{"line":17,"column":0},"end":{"line":17,"column":48}},"4":{"start":{"line":18,"column":0},"end":{"line":18,"column":31}},"5":{"start":{"line":19,"column":0},"end":{"line":19,"column":61}},"6":{"start":{"line":21,"column":0},"end":{"line":21,"column":47}},"7":{"start":{"line":22,"column":0},"end":{"line":22,"column":58}},"8":{"start":{"line":23,"column":0},"end":{"line":23,"column":54}},"9":{"start":{"line":24,"column":0},"end":{"line":24,"column":54}},"10":{"start":{"line":25,"column":0},"end":{"line":25,"column":70}},"11":{"start":{"line":26,"column":0},"end":{"line":26,"column":47}},"12":{"start":{"line":27,"column":0},"end":{"line":27,"column":60}},"13":{"start":{"line":28,"column":0},"end":{"line":28,"column":54}},"14":{"start":{"line":29,"column":0},"end":{"line":29,"column":63}},"15":{"start":{"line":30,"column":0},"end":{"line":30,"column":58}},"16":{"start":{"line":31,"column":0},"end":{"line":31,"column":61}},"17":{"start":{"line":32,"column":0},"end":{"line":32,"column":74}},"18":{"start":{"line":34,"column":0},"end":{"line":34,"column":54}},"19":{"start":{"line":35,"column":0},"end":{"line":35,"column":58}},"20":{"start":{"line":41,"column":7},"end":{"line":258,"column":null}},"21":{"start":{"line":43,"column":12},"end":{"line":43,"column":26}},"22":{"start":{"line":44,"column":12},"end":{"line":44,"column":20}},"23":{"start":{"line":45,"column":12},"end":{"line":45,"column":19}},"24":{"start":{"line":51,"column":4},"end":{"line":51,"column":50}},"25":{"start":{"line":74,"column":4},"end":{"line":85,"column":7}},"26":{"start":{"line":90,"column":4},"end":{"line":90,"column":41}},"27":{"start":{"line":95,"column":4},"end":{"line":95,"column":60}},"28":{"start":{"line":104,"column":4},"end":{"line":104,"column":65}},"29":{"start":{"line":113,"column":4},"end":{"line":113,"column":71}},"30":{"start":{"line":118,"column":4},"end":{"line":118,"column":62}},"31":{"start":{"line":128,"column":4},"end":{"line":128,"column":73}},"32":{"start":{"line":133,"column":4},"end":{"line":133,"column":53}},"33":{"start":{"line":143,"column":4},"end":{"line":143,"column":59}},"34":{"start":{"line":153,"column":4},"end":{"line":153,"column":99}},"35":{"start":{"line":164,"column":4},"end":{"line":164,"column":73}},"36":{"start":{"line":174,"column":4},"end":{"line":174,"column":57}},"37":{"start":{"line":184,"column":4},"end":{"line":184,"column":56}},"38":{"start":{"line":194,"column":4},"end":{"line":194,"column":55}},"39":{"start":{"line":204,"column":4},"end":{"line":204,"column":54}},"40":{"start":{"line":210,"column":4},"end":{"line":210,"column":51}},"41":{"start":{"line":216,"column":4},"end":{"line":216,"column":47}},"42":{"start":{"line":227,"column":4},"end":{"line":227,"column":75}},"43":{"start":{"line":232,"column":4},"end":{"line":232,"column":49}},"44":{"start":{"line":237,"column":4},"end":{"line":237,"column":37}},"45":{"start":{"line":245,"column":24},"end":{"line":245,"column":43}},"46":{"start":{"line":247,"column":4},"end":{"line":247,"column":46}},"47":{"start":{"line":247,"column":26},"end":{"line":247,"column":44}},"48":{"start":{"line":249,"column":23},"end":{"line":251,"column":null}},"49":{"start":{"line":250,"column":17},"end":{"line":250,"column":64}},"50":{"start":{"line":254,"column":21},"end":{"line":254,"column":73}},"51":{"start":{"line":256,"column":4},"end":{"line":256,"column":39}},"52":{"start":{"line":41,"column":13},"end":{"line":41,"column":28}},"53":{"start":{"line":50,"column":2},"end":{"line":52,"column":null}},"54":{"start":{"line":63,"column":2},"end":{"line":86,"column":null}},"55":{"start":{"line":89,"column":2},"end":{"line":91,"column":null}},"56":{"start":{"line":94,"column":2},"end":{"line":96,"column":null}},"57":{"start":{"line":99,"column":2},"end":{"line":105,"column":null}},"58":{"start":{"line":108,"column":2},"end":{"line":114,"column":null}},"59":{"start":{"line":117,"column":2},"end":{"line":119,"column":null}},"60":{"start":{"line":123,"column":2},"end":{"line":129,"column":null}},"61":{"start":{"line":132,"column":2},"end":{"line":134,"column":null}},"62":{"start":{"line":138,"column":2},"end":{"line":144,"column":null}},"63":{"start":{"line":147,"column":2},"end":{"line":154,"column":null}},"64":{"start":{"line":158,"column":2},"end":{"line":165,"column":null}},"65":{"start":{"line":169,"column":2},"end":{"line":175,"column":null}},"66":{"start":{"line":179,"column":2},"end":{"line":185,"column":null}},"67":{"start":{"line":189,"column":2},"end":{"line":195,"column":null}},"68":{"start":{"line":199,"column":2},"end":{"line":205,"column":null}},"69":{"start":{"line":209,"column":2},"end":{"line":211,"column":null}},"70":{"start":{"line":215,"column":2},"end":{"line":217,"column":null}},"71":{"start":{"line":221,"column":2},"end":{"line":228,"column":null}},"72":{"start":{"line":231,"column":2},"end":{"line":233,"column":null}},"73":{"start":{"line":236,"column":2},"end":{"line":238,"column":null}},"74":{"start":{"line":241,"column":2},"end":{"line":257,"column":null}},"75":{"start":{"line":41,"column":13},"end":{"line":258,"column":null}}},"fnMap":{"0":{"name":"(anonymous_4)","decl":{"start":{"line":42,"column":2},"end":{"line":42,"column":null}},"loc":{"start":{"line":45,"column":31},"end":{"line":46,"column":6}}},"1":{"name":"(anonymous_5)","decl":{"start":{"line":50,"column":2},"end":{"line":50,"column":8}},"loc":{"start":{"line":50,"column":65},"end":{"line":52,"column":3}}},"2":{"name":"(anonymous_6)","decl":{"start":{"line":63,"column":2},"end":{"line":63,"column":9}},"loc":{"start":{"line":72,"column":34},"end":{"line":86,"column":3}}},"3":{"name":"(anonymous_7)","decl":{"start":{"line":89,"column":2},"end":{"line":89,"column":9}},"loc":{"start":{"line":89,"column":33},"end":{"line":91,"column":3}}},"4":{"name":"(anonymous_8)","decl":{"start":{"line":94,"column":2},"end":{"line":94,"column":10}},"loc":{"start":{"line":94,"column":64},"end":{"line":96,"column":3}}},"5":{"name":"(anonymous_9)","decl":{"start":{"line":99,"column":2},"end":{"line":99,"column":15}},"loc":{"start":{"line":102,"column":32},"end":{"line":105,"column":3}}},"6":{"name":"(anonymous_10)","decl":{"start":{"line":108,"column":2},"end":{"line":108,"column":15}},"loc":{"start":{"line":111,"column":32},"end":{"line":114,"column":3}}},"7":{"name":"(anonymous_11)","decl":{"start":{"line":117,"column":2},"end":{"line":117,"column":9}},"loc":{"start":{"line":117,"column":63},"end":{"line":119,"column":3}}},"8":{"name":"(anonymous_12)","decl":{"start":{"line":123,"column":2},"end":{"line":123,"column":16}},"loc":{"start":{"line":126,"column":32},"end":{"line":129,"column":3}}},"9":{"name":"(anonymous_13)","decl":{"start":{"line":132,"column":2},"end":{"line":132,"column":21}},"loc":{"start":{"line":132,"column":45},"end":{"line":134,"column":3}}},"10":{"name":"(anonymous_14)","decl":{"start":{"line":138,"column":2},"end":{"line":138,"column":14}},"loc":{"start":{"line":141,"column":32},"end":{"line":144,"column":3}}},"11":{"name":"(anonymous_15)","decl":{"start":{"line":147,"column":2},"end":{"line":147,"column":20}},"loc":{"start":{"line":151,"column":34},"end":{"line":154,"column":3}}},"12":{"name":"(anonymous_16)","decl":{"start":{"line":158,"column":2},"end":{"line":158,"column":20}},"loc":{"start":{"line":162,"column":32},"end":{"line":165,"column":3}}},"13":{"name":"(anonymous_17)","decl":{"start":{"line":169,"column":2},"end":{"line":169,"column":9}},"loc":{"start":{"line":172,"column":32},"end":{"line":175,"column":3}}},"14":{"name":"(anonymous_18)","decl":{"start":{"line":179,"column":2},"end":{"line":179,"column":8}},"loc":{"start":{"line":182,"column":32},"end":{"line":185,"column":3}}},"15":{"name":"(anonymous_19)","decl":{"start":{"line":189,"column":2},"end":{"line":189,"column":9}},"loc":{"start":{"line":192,"column":32},"end":{"line":195,"column":3}}},"16":{"name":"(anonymous_20)","decl":{"start":{"line":199,"column":2},"end":{"line":199,"column":8}},"loc":{"start":{"line":202,"column":32},"end":{"line":205,"column":3}}},"17":{"name":"(anonymous_21)","decl":{"start":{"line":209,"column":2},"end":{"line":209,"column":10}},"loc":{"start":{"line":209,"column":64},"end":{"line":211,"column":3}}},"18":{"name":"(anonymous_22)","decl":{"start":{"line":215,"column":2},"end":{"line":215,"column":15}},"loc":{"start":{"line":215,"column":39},"end":{"line":217,"column":3}}},"19":{"name":"(anonymous_23)","decl":{"start":{"line":221,"column":2},"end":{"line":221,"column":15}},"loc":{"start":{"line":225,"column":32},"end":{"line":228,"column":3}}},"20":{"name":"(anonymous_24)","decl":{"start":{"line":231,"column":2},"end":{"line":231,"column":11}},"loc":{"start":{"line":231,"column":35},"end":{"line":233,"column":3}}},"21":{"name":"(anonymous_25)","decl":{"start":{"line":236,"column":2},"end":{"line":236,"column":10}},"loc":{"start":{"line":236,"column":34},"end":{"line":238,"column":3}}},"22":{"name":"(anonymous_26)","decl":{"start":{"line":241,"column":2},"end":{"line":241,"column":8}},"loc":{"start":{"line":243,"column":24},"end":{"line":257,"column":3}}},"23":{"name":"(anonymous_27)","decl":{"start":{"line":247,"column":20},"end":{"line":247,"column":23}},"loc":{"start":{"line":247,"column":26},"end":{"line":247,"column":44}}},"24":{"name":"(anonymous_28)","decl":{"start":{"line":250,"column":10},"end":{"line":250,"column":13}},"loc":{"start":{"line":250,"column":17},"end":{"line":250,"column":64}}}},"branchMap":{"0":{"loc":{"start":{"line":76,"column":21},"end":{"line":78,"column":19}},"type":"cond-expr","locations":[{"start":{"line":77,"column":11},"end":{"line":77,"column":52}},{"start":{"line":78,"column":10},"end":{"line":78,"column":19}}]},"1":{"loc":{"start":{"line":83,"column":12},"end":{"line":83,"column":49}},"type":"cond-expr","locations":[{"start":{"line":83,"column":19},"end":{"line":83,"column":37}},{"start":{"line":83,"column":40},"end":{"line":83,"column":49}}]},"2":{"loc":{"start":{"line":84,"column":13},"end":{"line":84,"column":52}},"type":"cond-expr","locations":[{"start":{"line":84,"column":21},"end":{"line":84,"column":40}},{"start":{"line":84,"column":43},"end":{"line":84,"column":52}}]}},"s":{"0":1,"1":1,"2":1,"3":1,"4":1,"5":1,"6":1,"7":1,"8":1,"9":1,"10":1,"11":1,"12":1,"13":1,"14":1,"15":1,"16":1,"17":1,"18":1,"19":1,"20":1,"21":12,"22":12,"23":12,"24":1,"25":1,"26":0,"27":1,"28":0,"29":0,"30":0,"31":0,"32":0,"33":0,"34":0,"35":1,"36":1,"37":0,"38":0,"39":1,"40":0,"41":0,"42":0,"43":0,"44":0,"45":0,"46":0,"47":0,"48":0,"49":0,"50":0,"51":0,"52":1,"53":1,"54":1,"55":1,"56":1,"57":1,"58":1,"59":1,"60":1,"61":1,"62":1,"63":1,"64":1,"65":1,"66":1,"67":1,"68":1,"69":1,"70":1,"71":1,"72":1,"73":1,"74":1,"75":1},"f":{"0":12,"1":1,"2":1,"3":0,"4":1,"5":0,"6":0,"7":0,"8":0,"9":0,"10":0,"11":0,"12":1,"13":1,"14":0,"15":0,"16":1,"17":0,"18":0,"19":0,"20":0,"21":0,"22":0,"23":0,"24":0},"b":{"0":[0,1],"1":[0,1],"2":[0,1]}}
[...]
0,"15":0,"16":0,"17":0,"18":0,"19":0,"20":0,"21":0,"22":0,"23":0,"24":0,"25":0,"26":0,"27":0,"28":0,"29":0,"30":0,"31":0,"32":0,"33":0,"34":0,"35":0,"36":0,"37":0,"38":0,"39":0,"40":0,"41":0,"42":0,"43":0,"44":0,"45":0,"46":0,"47":0,"48":0,"49":0,"50":0,"51":0,"52":0,"53":0,"54":0,"55":0,"56":0,"57":0,"58":0,"59":0,"60":0,"61":0,"62":0,"63":0,"64":0,"65":0,"66":0,"67":0,"68":0,"69":0,"70":0,"71":0,"72":0,"73":0,"74":0,"75":0,"76":0,"77":0,"78":0,"79":0,"80":0,"81":0,"82":0,"83":0,"84":0,"85":0,"86":0,"87":0,"88":0,"89":0,"90":0,"91":0,"92":0,"93":0,"94":0,"95":0,"96":0,"97":0,"98":0,"99":0,"100":0,"101":0,"102":0,"103":0,"104":0,"105":0,"106":0,"107":0,"108":0,"109":0,"110":0,"111":0,"112":0,"113":0,"114":0,"115":0,"116":0,"117":0,"118":0,"119":0,"120":0,"121":0,"122":0,"123":0,"124":0,"125":0,"126":0,"127":0,"128":0,"129":0,"130":0,"131":0,"132":0,"133":0,"134":0,"135":0,"136":0,"137":0,"138":0,"139":0,"140":0,"141":0,"142":0,"143":0,"144":0,"145":0,"146":0,"147":0,"148":0,"149":0,"150":0,"151":0,"152":0,"153":0,"154":0,"155":0,"156":0,"157":0,"158":0,"159":0,"160":0,"161":0,"162":0,"163":0,"164":0,"165":0,"166":0,"167":0,"168":0,"169":0,"170":0,"171":0,"172":0,"173":0,"174":0,"175":0,"176":0,"177":0,"178":0,"179":0,"180":0,"181":0,"182":0,"183":0,"184":0,"185":0,"186":0,"187":0,"188":0,"189":0,"190":0,"191":0,"192":0,"193":0,"194":0,"195":0,"196":0,"197":0,"198":0,"199":0,"200":0,"201":0,"202":0,"203":0,"204":0,"205":0,"206":0,"207":0,"208":0,"209":0,"210":0,"211":0,"212":0,"213":0,"214":0,"215":0,"216":0,"217":0,"218":0,"219":0,"220":0,"221":0},"f":{"0":0,"1":0,"2":0,"3":0,"4":0,"5":0,"6":0,"7":0,"8":0,"9":0,"10":0,"11":0,"12":0,"13":0,"14":0,"15":0,"16":0,"17":0,"18":0,"19":0,"20":0,"21":0,"22":0,"23":0,"24":0,"25":0,"26":0,"27":0,"28":0,"29":0,"30":0},"b":{"0":[0,0],"1":[0,0],"2":[0],"3":[0],"4":[0],"5":[0],"6":[0,0],"7":[0],"8":[0],"9":[0,0],"10":[0,0],"11":[0],"12":[0,0],"13":[0],"14":[0],"15":[0,0],"16":[0,0],"17":[0,0],"18":[0],"19":[0],"20":[0],"21":[0,0],"22":[0,0],"23":[0,0],"24":[0],"25":[0],"26":[0,0,0],"27":[0,0],"28":[0],"29":[0,0,0],"30":[0,0],"31":[0],"32":[0,0],"33":[0],"34":[0,0,0],"35":[0,0],"36":[0,0],"37":[0,0,0],"38":[0],"39":[0,0],"40":[0],"41":[0],"42":[0],"43":[0],"44":[0,0,0],"45":[0,0,0],"46":[0],"47":[0],"48":[0],"49":[0,0],"50":[0,0],"51":[0],"52":[0],"53":[0,0],"54":[0,0],"55":[0],"56":[0,0,0],"57":[0,0],"58":[0,0],"59":[0,0,0],"60":[0,0]}}
,"/Users/miltonln/Projects/zetas_list/backend/src/whatsapp/providers/cli-simulator.provider.ts": {"path":"/Users/miltonln/Projects/zetas_list/backend/src/whatsapp/providers/cli-simulator.provider.ts","statementMap":{"0":{"start":{"line":1,"column":0},"end":{"line":1,"column":66}},"1":{"start":{"line":2,"column":0},"end":{"line":2,"column":37}},"2":{"start":{"line":7,"column":7},"end":{"line":73,"column":null}},"3":{"start":{"line":8,"column":19},"end":{"line":8,"column":65}},"4":{"start":{"line":12,"column":4},"end":{"line":12,"column":34}},"5":{"start":{"line":16,"column":4},"end":{"line":19,"column":5}},"6":{"start":{"line":17,"column":6},"end":{"line":17,"column":116}},"7":{"start":{"line":18,"column":6},"end":{"line":18,"column":13}},"8":{"start":{"line":21,"column":4},"end":{"line":21,"column":65}},"9":{"start":{"line":22,"column":4},"end":{"line":22,"column":76}},"10":{"start":{"line":23,"column":4},"end":{"line":23,"column":51}},"11":{"start":{"line":24,"column":4},"end":{"line":24,"column":55}},"12":{"start":{"line":25,"column":4},"end":{"line":25,"column":65}},"13":{"start":{"line":27,"column":15},"end":{"line":31,"column":6}},"14":{"start":{"line":33,"column":4},"end":{"line":55,"column":7}},"15":{"start":{"line":34,"column":22},"end":{"line":34,"column":33}},"16":{"start":{"line":35,"column":6},"end":{"line":35,"column":51}},"17":{"start":{"line":35,"column":44},"end":{"line":35,"column":51}},"18":{"start":{"line":37,"column":20},"end":{"line":37,"column":55}},"19":{"start":{"line":38,"column":6},"end":{"line":41,"column":7}},"20":{"start":{"line":39,"column":8},"end":{"line":39,"column":70}},"21":{"start":{"line":40,"column":8},"end":{"line":40,"column":15}},"22":{"start":{"line":43,"column":33},"end":{"line":43,"column":38}},"23":{"start":{"line":44,"column":6},"end":{"line":44,"column":56}},"24":{"start":{"line":46,"column":38},"end":{"line":46,"column":40}},"25":{"start":{"line":47,"column":29},"end":{"line":47,"column":62}},"26":{"start":{"line":48,"column":6},"end":{"line":50,"column":7}},"27":{"start":{"line":49,"column":8},"end":{"line":49,"column":53}},"28":{"start":{"line":52,"column":6},"end":{"line":54,"column":8}},"29":{"start":{"line":53,"column":8},"end":{"line":53,"column":57}},"30":{"start":{"line":59,"column":21},"end":{"line":59,"column":99}},"31":{"start":{"line":60,"column":4},"end":{"line":60,"column":63}},"32":{"start":{"line":61,"column":4},"end":{"line":61,"column":16}},"33":{"start":{"line":65,"column":21},"end":{"line":65,"column":99}},"34":{"start":{"line":66,"column":4},"end":{"line":66,"column":63}},"35":{"start":{"line":67,"column":4},"end":{"line":67,"column":16}},"36":{"start":{"line":71,"column":4},"end":{"line":71,"column":16}},"37":{"start":{"line":7,"column":13},"end":{"line":7,"column":33}},"38":{"start":{"line":7,"column":13},"end":{"line":73,"column":null}}},"fnMap":{"0":{"name":"(anonymous_1)","decl":{"start":{"line":7,"column":7},"end":{"line":7,"column":13}},"loc":{"start":{"line":7,"column":7},"end":{"line":73,"column":1}}},"1":{"name":"(anonymous_2)","decl":{"start":{"line":11,"column":2},"end":{"line":11,"column":19}},"loc":{"start":{"line":11,"column":50},"end":{"line":13,"column":3}}},"2":{"name":"(anonymous_3)","decl":{"start":{"line":15,"column":2},"end":{"line":15,"column":14}},"loc":{"start":{"line":15,"column":14},"end":{"line":56,"column":3}}},"3":{"name":"(anonymous_4)","decl":{"start":{"line":33,"column":18},"end":{"line":33,"column":19}},"loc":{"start":{"line":33,"column":27},"end":{"line":55,"column":5}}},"4":{"name":"(anonymous_5)","decl":{"start":{"line":52,"column":90},"end":{"line":52,"column":91}},"loc":{"start":{"line":53,"column":8},"end":{"line":53,"column":57}}},"5":{"name":"(anonymous_6)","decl":{"start":{"line":58,"column":2},"end":{"line":58,"column":7}},"loc":{"start":{"line":58,"column":70},"end":{"line":62,"column":3}}},"6":{"name":"(anonymous_7)","decl":{"start":{"line":64,"column":2},"end":{"line":64,"column":7}},"loc":{"start":{"line":64,"column":58},"end":{"line":68,"column":3}}},"7":{"name":"(anonymous_8)","decl":{"start":{"line":70,"column":2},"end":{"line":70,"column":13}},"loc":{"start":{"line":70,"column":13},"end":{"line":72,"column":3}}}},"branchMap":{"0":{"loc":{"start":{"line":16,"column":4},"end":{"line":19,"column":5}},"type":"if","locations":[{"start":{"line":16,"column":4},"end":{"line":19,"column":5}}]},"1":{"loc":{"start":{"line":35,"column":6},"end":{"line":35,"column":51}},"type":"if","locations":[{"start":{"line":35,"column":6},"end":{"line":35,"column":51}}]},"2":{"loc":{"start":{"line":35,"column":10},"end":{"line":35,"column":42}},"type":"binary-expr","locations":[{"start":{"line":35,"column":10},"end":{"line":35,"column":18}},{"start":{"line":35,"column":22},"end":{"line":35,"column":42}}]},"3":{"loc":{"start":{"line":38,"column":6},"end":{"line":41,"column":7}},"type":"if","locations":[{"start":{"line":38,"column":6},"end":{"line":41,"column":7}}]},"4":{"loc":{"start":{"line":59,"column":21},"end":{"line":59,"column":99}},"type":"cond-expr","locations":[{"start":{"line":59,"column":49},"end":{"line":59,"column":94}},{"start":{"line":59,"column":97},"end":{"line":59,"column":99}}]},"5":{"loc":{"start":{"line":65,"column":21},"end":{"line":65,"column":99}},"type":"cond-expr","locations":[{"start":{"line":65,"column":49},"end":{"line":65,"column":94}},{"start":{"line":65,"column":97},"end":{"line":65,"column":99}}]}},"s":{"0":0,"1":0,"2":0,"3":0,"4":0,"5":0,"6":0,"7":0,"8":0,"9":0,"10":0,"11":0,"12":0,"13":0,"14":0,"15":0,"16":0,"17":0,"18":0,"19":0,"20":0,"21":0,"22":0,"23":0,"24":0,"25":0,"26":0,"27":0,"28":0,"29":0,"30":0,"31":0,"32":0,"33":0,"34":0,"35":0,"36":0,"37":0,"38":0},"f":{"0":0,"1":0,"2":0,"3":0,"4":0,"5":0,"6":0,"7":0},"b":{"0":[0],"1":[0],"2":[0,0],"3":[0],"4":[0,0],"5":[0,0]}}
,"/Users/miltonln/Projects/zetas_list/backend/src/whatsapp/providers/prisma-auth-state.ts": {"path":"/Users/miltonln/Projects/zetas_list/backend/src/whatsapp/providers/prisma-auth-state.ts","statementMap":{"0":{"start":{"line":8,"column":0},"end":{"line":8,"column":7}},"1":{"start":{"line":2,"column":0},"end":{"line":2,"column":136}},"2":{"start":{"line":12,"column":20},"end":{"line":19,"column":3}},"3":{"start":{"line":13,"column":18},"end":{"line":13,"column":59}},"4":{"start":{"line":14,"column":4},"end":{"line":18,"column":7}},"5":{"start":{"line":21,"column":19},"end":{"line":25,"column":3}},"6":{"start":{"line":22,"column":16},"end":{"line":22,"column":75}},"7":{"start":{"line":23,"column":4},"end":{"line":23,"column":26}},"8":{"start":{"line":23,"column":14},"end":{"line":23,"column":26}},"9":{"start":{"line":24,"column":4},"end":{"line":24,"column":53}},"10":{"start":{"line":27,"column":21},"end":{"line":29,"column":3}},"11":{"start":{"line":28,"column":4},"end":{"line":28,"column":64}},"12":{"start":{"line":32,"column":5},"end":{"line":32,"column":78}},"13":{"start":{"line":34,"column":37},"end":{"line":65,"column":4}},"14":{"start":{"line":38,"column":61},"end":{"line":38,"column":63}},"15":{"start":{"line":39,"column":8},"end":{"line":50,"column":10}},"16":{"start":{"line":41,"column":26},"end":{"line":41,"column":57}},"17":{"start":{"line":42,"column":12},"end":{"line":48,"column":13}},"18":{"start":{"line":43,"column":14},"end":{"line":47,"column":15}},"19":{"start":{"line":44,"column":16},"end":{"line":44,"column":114}},"20":{"start":{"line":46,"column":16},"end":{"line":46,"column":57}},"21":{"start":{"line":51,"column":8},"end":{"line":51,"column":20}},"22":{"start":{"line":54,"column":39},"end":{"line":54,"column":41}},"23":{"start":{"line":55,"column":8},"end":{"line":61,"column":9}},"24":{"start":{"line":56,"column":10},"end":{"line":60,"column":11}},"25":{"start":{"line":57,"column":26},"end":{"line":57,"column":44}},"26":{"start":{"line":58,"column":24},"end":{"line":58,"column":43}},"27":{"start":{"line":59,"column":12},"end":{"line":59,"column":72}},"28":{"start":{"line":62,"column":8},"end":{"line":62,"column":33}},"29":{"start":{"line":67,"column":2},"end":{"line":70,"column":4}},"30":{"start":{"line":69,"column":21},"end":{"line":69,"column":52}}},"fnMap":{"0":{"name":"usePrismaAuthState","decl":{"start":{"line":8,"column":22},"end":{"line":8,"column":40}},"loc":{"start":{"line":8,"column":61},"end":{"line":71,"column":1}}},"1":{"name":"(anonymous_1)","decl":{"start":{"line":12,"column":20},"end":{"line":12,"column":25}},"loc":{"start":{"line":12,"column":57},"end":{"line":19,"column":3}}},"2":{"name":"(anonymous_2)","decl":{"start":{"line":21,"column":19},"end":{"line":21,"column":24}},"loc":{"start":{"line":21,"column":66},"end":{"line":25,"column":3}}},"3":{"name":"(anonymous_3)","decl":{"start":{"line":27,"column":21},"end":{"line":27,"column":26}},"loc":{"start":{"line":27,"column":43},"end":{"line":29,"column":3}}},"4":{"name":"(anonymous_4)","decl":{"start":{"line":37,"column":11},"end":{"line":37,"column":16}},"loc":{"start":{"line":37,"column":79},"end":{"line":52,"column":7}}},"5":{"name":"(anonymous_5)","decl":{"start":{"line":40,"column":18},"end":{"line":40,"column":23}},"loc":{"start":{"line":40,"column":31},"end":{"line":49,"column":11}}},"6":{"name":"(anonymous_6)","decl":{"start":{"line":53,"column":11},"end":{"line":53,"column":16}},"loc":{"start":{"line":53,"column":67},"end":{"line":63,"column":7}}},"7":{"name":"(anonymous_7)","decl":{"start":{"line":69,"column":15},"end":{"line":69,"column":18}},"loc":{"start":{"line":69,"column":21},"end":{"line":69,"column":52}}}},"branchMap":{"0":{"loc":{"start":{"line":23,"column":4},"end":{"line":23,"column":26}},"type":"if","locations":[{"start":{"line":23,"column":4},"end":{"line":23,"column":26}}]},"1":{"loc":{"start":{"line":32,"column":5},"end":{"line":32,"column":78}},"type":"binary-expr","locations":[{"start":{"line":32,"column":5},"end":{"line":32,"column":59}},{"start":{"line":32,"column":63},"end":{"line":32,"column":78}}]},"2":{"loc":{"start":{"line":42,"column":12},"end":{"line":48,"column":13}},"type":"if","locations":[{"start":{"line":42,"column":12},"end":{"line":48,"column":13}}]},"3":{"loc":{"start":{"line":43,"column":14},"end":{"line":47,"column":15}},"type":"if","locations":[{"start":{"line":43,"column":14},"end":{"line":47,"column":15}},{"start":{"line":45,"column":21},"end":{"line":47,"column":15}}]},"4":{"loc":{"start":{"line":59,"column":23},"end":{"line":59,"column":70}},"type":"cond-expr","locations":[{"start":{"line":59,"column":31},"end":{"line":59,"column":52}},{"start":{"line":59,"column":55},"end":{"line":59,"column":70}}]}},"s":{"0":0,"1":0,"2":0,"3":0,"4":0,"5":0,"6":0,"7":0,"8":0,"9":0,"10":0,"11":0,"12":0,"13":0,"14":0,"15":0,"16":0,"17":0,"18":0,"19":0,"20":0,"21":0,"22":0,"23":0,"24":0,"25":0,"26":0,"27":0,"28":0,"29":0,"30":0},"f":{"0":0,"1":0,"2":0,"3":0,"4":0,"5":0,"6":0,"7":0},"b":{"0":[0],"1":[0,0],"2":[0],"3":[0,0],"4":[0,0]}}
,"/Users/miltonln/Projects/zetas_list/backend/src/whatsapp/utils/jid-utils.ts": {"path":"/Users/miltonln/Projects/zetas_list/backend/src/whatsapp/utils/jid-utils.ts","statementMap":{"0":{"start":{"line":5,"column":0},"end":{"line":5,"column":16}},"1":{"start":{"line":12,"column":0},"end":{"line":12,"column":16}},"2":{"start":{"line":19,"column":0},"end":{"line":19,"column":16}},"3":{"start":{"line":26,"column":0},"end":{"line":26,"column":16}},"4":{"start":{"line":34,"column":0},"end":{"line":34,"column":16}},"5":{"start":{"line":65,"column":0},"end":{"line":65,"column":7}},"6":{"start":{"line":6,"column":2},"end":{"line":6,"column":64}},"7":{"start":{"line":13,"column":2},"end":{"line":13,"column":41}},"8":{"start":{"line":20,"column":2},"end":{"line":20,"column":30}},"9":{"start":{"line":27,"column":2},"end":{"line":27,"column":65}},"10":{"start":{"line":40,"column":19},"end":{"line":40,"column":23}},"11":{"start":{"line":41,"column":20},"end":{"line":41,"column":61}},"12":{"start":{"line":42,"column":23},"end":{"line":42,"column":64}},"13":{"start":{"line":44,"column":2},"end":{"line":46,"column":3}},"14":{"start":{"line":45,"column":4},"end":{"line":45,"column":76}},"15":{"start":{"line":47,"column":2},"end":{"line":49,"column":3}},"16":{"start":{"line":48,"column":4},"end":{"line":48,"column":79}},"17":{"start":{"line":51,"column":2},"end":{"line":56,"column":3}},"18":{"start":{"line":52,"column":22},"end":{"line":52,"column":46}},"19":{"start":{"line":53,"column":4},"end":{"line":55,"column":5}},"20":{"start":{"line":54,"column":6},"end":{"line":54,"column":78}},"21":{"start":{"line":58,"column":2},"end":{"line":58,"column":20}},"22":{"start":{"line":71,"column":20},"end":{"line":71,"column":61}},"23":{"start":{"line":72,"column":20},"end":{"line":72,"column":61}},"24":{"start":{"line":73,"column":29},"end":{"line":73,"column":31}},"25":{"start":{"line":75,"column":2},"end":{"line":85,"column":3}},"26":{"start":{"line":76,"column":19},"end":{"line":76,"column":43}},"27":{"start":{"line":77,"column":4},"end":{"line":77,"column":93}},"28":{"start":{"line":77,"column":84},"end":{"line":77,"column":93}},"29":{"start":{"line":79,"column":26},"end":{"line":79,"column":50}},"30":{"start":{"line":80,"column":4},"end":{"line":84,"column":5}},"31":{"start":{"line":81,"column":6},"end":{"line":81,"column":55}},"32":{"start":{"line":83,"column":6},"end":{"line":83,"column":25}},"33":{"start":{"line":87,"column":2},"end":{"line":87,"column":18}}},"fnMap":{"0":{"name":"extractPhoneFromJid","decl":{"start":{"line":5,"column":16},"end":{"line":5,"column":35}},"loc":{"start":{"line":5,"column":47},"end":{"line":7,"column":1}}},"1":{"name":"isPhoneJid","decl":{"start":{"line":12,"column":16},"end":{"line":12,"column":26}},"loc":{"start":{"line":12,"column":38},"end":{"line":14,"column":1}}},"2":{"name":"isLidJid","decl":{"start":{"line":19,"column":16},"end":{"line":19,"column":24}},"loc":{"start":{"line":19,"column":36},"end":{"line":21,"column":1}}},"3":{"name":"phoneToJid","decl":{"start":{"line":26,"column":16},"end":{"line":26,"column":26}},"loc":{"start":{"line":26,"column":40},"end":{"line":28,"column":1}}},"4":{"name":"normalizeBotMentions","decl":{"start":{"line":34,"column":16},"end":{"line":34,"column":36}},"loc":{"start":{"line":38,"column":25},"end":{"line":59,"column":1}}},"5":{"name":"resolveNonBotMentions","decl":{"start":{"line":65,"column":22},"end":{"line":65,"column":43}},"loc":{"start":{"line":69,"column":56},"end":{"line":88,"column":1}}}},"branchMap":{"0":{"loc":{"start":{"line":27,"column":9},"end":{"line":27,"column":64}},"type":"cond-expr","locations":[{"start":{"line":27,"column":31},"end":{"line":27,"column":36}},{"start":{"line":27,"column":39},"end":{"line":27,"column":64}}]},"1":{"loc":{"start":{"line":41,"column":20},"end":{"line":41,"column":61}},"type":"cond-expr","locations":[{"start":{"line":41,"column":29},"end":{"line":41,"column":56}},{"start":{"line":41,"column":59},"end":{"line":41,"column":61}}]},"2":{"loc":{"start":{"line":42,"column":23},"end":{"line":42,"column":64}},"type":"cond-expr","locations":[{"start":{"line":42,"column":32},"end":{"line":42,"column":59}},{"start":{"line":42,"column":62},"end":{"line":42,"column":64}}]},"3":{"loc":{"start":{"line":44,"column":2},"end":{"line":46,"column":3}},"type":"if","locations":[{"start":{"line":44,"column":2},"end":{"line":46,"column":3}}]},"4":{"loc":{"start":{"line":47,"column":2},"end":{"line":49,"column":3}},"type":"if","locations":[{"start":{"line":47,"column":2},"end":{"line":49,"column":3}}]},"5":{"loc":{"start":{"line":53,"column":4},"end":{"line":55,"column":5}},"type":"if","locations":[{"start":{"line":53,"column":4},"end":{"line":55,"column":5}}]},"6":{"loc":{"start":{"line":53,"column":8},"end":{"line":53,"column":97}},"type":"binary-expr","locations":[{"start":{"line":53,"column":8},"end":{"line":53,"column":22}},{"start":{"line":53,"column":26},"end":{"line":53,"column":40}},{"start":{"line":53,"column":44},"end":{"line":53,"column":67}},{"start":{"line":53,"column":71},"end":{"line":53,"column":97}}]},"7":{"loc":{"start":{"line":71,"column":20},"end":{"line":71,"column":61}},"type":"cond-expr","locations":[{"start":{"line":71,"column":29},"end":{"line":71,"column":56}},{"start":{"line":71,"column":59},"end":{"line":71,"column":61}}]},"8":{"loc":{"start":{"line":72,"column":20},"end":{"line":72,"column":61}},"type":"cond-expr","locations":[{"start":{"line":72,"column":29},"end":{"line":72,"column":56}},{"start":{"line":72,"column":59},"end":{"line":72,"column":61}}]},"9":{"loc":{"start":{"line":77,"column":4},"end":{"line":77,"column":93}},"type":"if","locations":[{"start":{"line":77,"column":4},"end":{"line":77,"column":93}}]},"10":{"loc":{"start":{"line":77,"column":8},"end":{"line":77,"column":82}},"type":"binary-expr","locations":[{"start":{"line":77,"column":9},"end":{"line":77,"column":18}},{"start":{"line":77,"column":22},"end":{"line":77,"column":42}},{"start":{"line":77,"column":48},"end":{"line":77,"column":57}},{"start":{"line":77,"column":61},"end":{"line":77,"column":81}}]},"11":{"loc":{"start":{"line":80,"column":4},"end":{"line":84,"column":5}},"type":"if","locations":[{"start":{"line":80,"column":4},"end":{"line":84,"column":5}},{"start":{"line":82,"column":11},"end":{"line":84,"column":5}}]}},"s":{"0":2,"1":2,"2":2,"3":2,"4":2,"5":2,"6":64,"7":3,"8":2,"9":2,"10":4,"11":4,"12":4,"13":4,"14":3,"15":4,"16":1,"17":4,"18":3,"19":3,"20":2,"21":4,"22":3,"23":3,"24":3,"25":3,"26":5,"27":5,"28":2,"29":3,"30":3,"31":2,"32":1,"33":3},"f":{"0":64,"1":3,"2":2,"3":2,"4":4,"5":3},"b":{"0":[1,1],"1":[3,1],"2":[1,3],"3":[3],"4":[1],"5":[2],"6":[3,3,2,1],"7":[2,1],"8":[1,2],"9":[2],"10":[5,3,4,2],"11":[2,1]}}
}
