TN:
SF:src/app-config.ts
FN:11,configureApp
FNF:1
FNH:1
FNDA:21,configureApp
DA:1,2
DA:3,2
DA:4,2
DA:11,2
DA:12,21
DA:14,21
DA:22,21
DA:24,21
LF:8
LH:8
BRF:0
BRH:0
end_of_record
TN:
SF:src/health.controller.ts
FN:6,(anonymous_2)
FNF:1
FNH:0
FNDA:0,(anonymous_2)
DA:1,0
DA:4,0
DA:6,0
DA:7,0
LF:4
LH:0
BRF:0
BRH:0
end_of_record
TN:
SF:src/audit/audit.service.ts
FN:15,(anonymous_2)
FN:17,(anonymous_3)
FN:29,(anonymous_4)
FNF:3
FNH:0
FNDA:0,(anonymous_2)
FNDA:0,(anonymous_3)
FNDA:0,(anonymous_4)
DA:1,7
DA:3,7
DA:14,7
DA:15,0
DA:18,0
DA:30,0
LF:6
LH:3
BRDA:24,0,0,0
BRDA:24,0,1,0
BRF:2
BRH:0
end_of_record
TN:
SF:src/auth/auth.controller.ts
FN:22,(anonymous_4)
FN:26,(anonymous_5)
FN:32,(anonymous_6)
FN:38,(anonymous_7)
FN:45,(anonymous_8)
FN:53,(anonymous_9)
FNF:6
FNH:4
FNDA:9,(anonymous_4)
FNDA:5,(anonymous_5)
FNDA:1,(anonymous_6)
FNDA:0,(anonymous_7)
FNDA:0,(anonymous_8)
FNDA:1,(anonymous_9)
DA:1,1
DA:8,1
DA:9,1
DA:10,1
DA:11,1
DA:12,1
DA:13,1
DA:14,1
DA:15,1
DA:16,1
DA:21,1
DA:22,9
DA:26,1
DA:27,5
DA:32,1
DA:33,1
DA:38,1
DA:39,0
DA:45,1
DA:46,0
DA:53,1
DA:54,1
LF:22
LH:20
BRF:0
BRH:0
end_of_record
TN:
SF:src/auth/auth.service.ts
FN:13,generateTempPassword
FN:22,(anonymous_3)
FN:28,(anonymous_4)
FN:71,(anonymous_5)
FN:97,(anonymous_6)
FN:116,(anonymous_7)
FNF:6
FNH:6
FNDA:4,generateTempPassword
FNDA:29,(anonymous_3)
FNDA:12,(anonymous_4)
FNDA:5,(anonymous_5)
FNDA:3,(anonymous_6)
FNDA:6,(anonymous_7)
DA:1,2
DA:6,2
DA:7,2
DA:8,2
DA:9,2
DA:14,4
DA:15,4
DA:16,40
DA:17,4
DA:21,2
DA:23,29
DA:24,29
DA:25,29
DA:29,12
DA:33,12
DA:34,1
DA:37,11
DA:38,2
DA:43,9
DA:44,1
DA:47,8
DA:48,8
DA:49,2
DA:52,6
DA:54,6
DA:72,5
DA:73,5
DA:74,4
DA:78,4
DA:79,2
DA:82,2
DA:88,2
DA:93,3
DA:98,3
DA:102,3
DA:103,3
DA:104,1
DA:107,2
DA:108,2
DA:113,2
DA:117,6
DA:121,6
DA:122,2
DA:125,4
DA:126,4
DA:128,4
DA:133,4
DA:143,4
DA:145,4
LF:49
LH:49
BRDA:33,0,0,1
BRDA:37,1,0,2
BRDA:39,2,0,2
BRDA:39,2,1,0
BRDA:43,3,0,1
BRDA:48,4,0,2
BRDA:78,5,0,2
BRDA:78,6,0,4
BRDA:78,6,1,3
BRDA:103,7,0,1
BRDA:121,8,0,2
BRDA:121,9,0,6
BRDA:121,9,1,5
BRF:13
BRH:12
end_of_record
TN:
SF:src/auth/strategies/jwt.strategy.ts
FN:14,extractJwt
FN:24,(anonymous_3)
FN:32,(anonymous_4)
FNF:3
FNH:3
FNDA:17,extractJwt
FNDA:21,(anonymous_3)
FNDA:13,(anonymous_4)
DA:1,2
DA:2,2
DA:3,2
DA:5,2
DA:15,17
DA:16,17
DA:17,3
DA:18,3
DA:19,3
DA:23,2
DA:24,21
DA:25,21
DA:33,13
DA:49,13
DA:50,1
DA:53,12
LF:16
LH:16
BRDA:16,0,0,14
BRDA:18,1,0,0
BRDA:18,2,0,3
BRDA:18,2,1,0
BRDA:28,3,0,21
BRDA:28,3,1,0
BRDA:49,4,0,1
BRDA:49,5,0,13
BRDA:49,5,1,13
BRF:9
BRH:6
end_of_record
TN:
SF:src/common/constants/roles.ts
FNF:0
FNH:0
DA:1,5
DA:3,5
LF:2
LH:2
BRF:0
BRH:0
end_of_record
TN:
SF:src/common/decorators/current-user.decorator.ts
FN:4,(anonymous_0)
FNF:1
FNH:1
FNDA:8,(anonymous_0)
DA:1,2
DA:3,2
DA:5,8
DA:6,8
LF:4
LH:4
BRF:0
BRH:0
end_of_record
TN:
SF:src/common/decorators/roles.decorator.ts
FN:5,(anonymous_0)
FNF:1
FNH:1
FNDA:11,(anonymous_0)
DA:1,1
DA:4,1
DA:5,11
LF:3
LH:3
BRF:0
BRH:0
end_of_record
TN:
SF:src/common/errors/is-expected-error.ts
FN:12,isExpectedBusinessError
FNF:1
FNH:1
FNDA:1,isExpectedBusinessError
DA:1,1
DA:12,1
DA:13,1
LF:3
LH:3
BRDA:13,0,0,1
BRDA:13,0,1,0
BRF:2
BRH:1
end_of_record
TN:
SF:src/common/filters/all-exceptions.filter.ts
FN:13,(anonymous_1)
FN:16,(anonymous_2)
FNF:2
FNH:2
FNDA:21,(anonymous_1)
FNDA:14,(anonymous_2)
DA:1,2
DA:10,2
DA:13,2
DA:14,21
DA:17,14
DA:18,14
DA:19,14
DA:22,14
DA:27,14
DA:28,14
DA:29,14
DA:30,0
DA:31,14
DA:32,14
DA:34,0
DA:37,0
DA:40,14
DA:42,0
DA:43,0
DA:49,14
DA:52,14
LF:21
LH:16
BRDA:22,0,0,14
BRDA:22,0,1,0
BRDA:27,1,0,14
BRDA:27,1,1,0
BRDA:29,2,0,0
BRDA:29,2,1,14
BRDA:31,3,0,14
BRDA:31,3,1,0
BRDA:31,4,0,14
BRDA:31,4,1,14
BRDA:31,4,2,14
BRDA:40,5,0,0
BRDA:40,5,1,14
BRDA:45,6,0,0
BRDA:45,6,1,0
BRF:15
BRH:8
end_of_record
TN:
SF:src/common/guards/jwt-auth.guard.ts
FNF:0
FNH:0
DA:1,2
DA:2,2
DA:5,2
LF:3
LH:3
BRF:0
BRH:0
end_of_record
TN:
SF:src/common/guards/roles.guard.ts
FN:8,(anonymous_2)
FN:10,(anonymous_3)
FNF:2
FNH:2
FNDA:12,(anonymous_2)
FNDA:11,(anonymous_3)
DA:1,1
DA:2,1
DA:3,1
DA:7,1
DA:8,12
DA:11,11
DA:16,11
DA:18,9
DA:19,9
DA:21,9
DA:22,4
DA:25,5
LF:12
LH:12
BRDA:16,0,0,2
BRDA:21,1,0,4
BRF:2
BRH:2
end_of_record
TN:
SF:src/common/logging/log-context.middleware.ts
FN:11,(anonymous_1)
FN:12,(anonymous_2)
FNF:2
FNH:0
FNDA:0,(anonymous_1)
FNDA:0,(anonymous_2)
DA:1,0
DA:3,0
DA:10,0
DA:12,0
LF:4
LH:0
BRF:0
BRH:0
end_of_record
TN:
SF:src/common/logging/log-context.ts
FN:23,newReqId
FN:28,runWithLogContext
FN:33,getLogContext
FN:42,setLogContext
FNF:4
FNH:3
FNDA:102,newReqId
FNDA:102,runWithLogContext
FNDA:0,getLogContext
FNDA:83,setLogContext
DA:1,2
DA:2,2
DA:20,2
DA:23,2
DA:24,102
DA:28,2
DA:29,102
DA:33,2
DA:34,0
DA:42,2
DA:43,83
DA:44,83
LF:12
LH:11
BRDA:44,0,0,83
BRF:1
BRH:1
end_of_record
TN:
SF:src/common/logging/logger.config.ts
FN:16,buildLoggerConfig
FN:35,(anonymous_1)
FNF:2
FNH:0
FNDA:0,buildLoggerConfig
FNDA:0,(anonymous_1)
DA:1,0
DA:3,0
DA:16,0
DA:17,0
DA:18,0
DA:20,0
DA:36,0
DA:37,0
DA:38,0
DA:39,0
DA:40,0
DA:41,0
DA:42,0
LF:13
LH:0
BRDA:18,0,0,0
BRDA:18,0,1,0
BRDA:18,1,0,0
BRDA:18,1,1,0
BRDA:37,2,0,0
BRDA:39,3,0,0
BRDA:40,4,0,0
BRDA:41,5,0,0
BRDA:44,6,0,0
BRDA:44,6,1,0
BRF:10
BRH:0
end_of_record
TN:
SF:src/finances/finances.controller.ts
FN:27,(anonymous_4)
FN:33,(anonymous_5)
FN:41,(anonymous_6)
FN:49,(anonymous_7)
FN:55,(anonymous_8)
FN:63,(anonymous_9)
FN:69,(anonymous_10)
FN:75,(anonymous_11)
FN:83,(anonymous_12)
FN:89,(anonymous_13)
FN:95,(anonymous_14)
FN:103,(anonymous_15)
FNF:12
FNH:0
FNDA:0,(anonymous_4)
FNDA:0,(anonymous_5)
FNDA:0,(anonymous_6)
FNDA:0,(anonymous_7)
FNDA:0,(anonymous_8)
FNDA:0,(anonymous_9)
FNDA:0,(anonymous_10)
FNDA:0,(anonymous_11)
FNDA:0,(anonymous_12)
FNDA:0,(anonymous_13)
FNDA:0,(anonymous_14)
FNDA:0,(anonymous_15)
DA:1,0
DA:12,0
DA:13,0
DA:14,0
DA:15,0
DA:16,0
DA:17,0
DA:18,0
DA:19,0
DA:26,0
DA:27,0
DA:33,0
DA:34,0
DA:35,0
DA:41,0
DA:42,0
DA:43,0
DA:49,0
DA:50,0
DA:51,0
DA:55,0
DA:56,0
DA:63,0
DA:64,0
DA:69,0
DA:70,0
DA:75,0
DA:76,0
DA:83,0
DA:84,0
DA:89,0
DA:90,0
DA:95,0
DA:96,0
DA:103,0
DA:104,0
LF:36
LH:0
BRDA:34,0,0,0
BRDA:34,0,1,0
BRDA:42,1,0,0
BRDA:42,1,1,0
BRDA:50,2,0,0
BRDA:50,2,1,0
BRF:6
BRH:0
end_of_record
TN:
SF:src/finances/finances.service.ts
FN:10,(anonymous_2)
FN:14,(anonymous_3)
FN:50,(anonymous_4)
FN:63,(anonymous_5)
FN:77,(anonymous_6)
FN:90,(anonymous_7)
FN:105,(anonymous_8)
FN:114,(anonymous_9)
FN:131,(anonymous_10)
FN:148,(anonymous_11)
FN:174,(anonymous_12)
FN:183,(anonymous_13)
FN:190,(anonymous_14)
FN:191,(anonymous_15)
FN:209,(anonymous_16)
FN:216,(anonymous_17)
FN:217,(anonymous_18)
FN:235,(anonymous_19)
FN:251,(anonymous_20)
FN:260,(anonymous_21)
FN:268,(anonymous_22)
FN:272,(anonymous_23)
FN:278,(anonymous_24)
FN:284,(anonymous_25)
FNF:24
FNH:18
FNDA:19,(anonymous_2)
FNDA:3,(anonymous_3)
FNDA:1,(anonymous_4)
FNDA:0,(anonymous_5)
FNDA:1,(anonymous_6)
FNDA:2,(anonymous_7)
FNDA:2,(anonymous_8)
FNDA:0,(anonymous_9)
FNDA:2,(anonymous_10)
FNDA:2,(anonymous_11)
FNDA:0,(anonymous_12)
FNDA:1,(anonymous_13)
FNDA:3,(anonymous_14)
FNDA:2,(anonymous_15)
FNDA:1,(anonymous_16)
FNDA:1,(anonymous_17)
FNDA:1,(anonymous_18)
FNDA:1,(anonymous_19)
FNDA:2,(anonymous_20)
FNDA:0,(anonymous_21)
FNDA:0,(anonymous_22)
FNDA:0,(anonymous_23)
FNDA:2,(anonymous_24)
FNDA:1,(anonymous_25)
DA:1,6
DA:2,6
DA:3,6
DA:7,6
DA:8,19
DA:10,19
DA:15,3
DA:16,3
DA:17,3
DA:19,3
DA:39,3
DA:40,3
DA:41,3
DA:42,3
DA:44,3
DA:50,1
DA:64,0
DA:65,0
DA:67,0
DA:78,1
DA:91,2
DA:92,2
DA:94,1
DA:106,2
DA:107,2
DA:109,1
DA:115,0
DA:116,0
DA:118,0
DA:132,2
DA:149,2
DA:150,2
DA:152,2
DA:153,2
DA:154,2
DA:155,2
DA:156,2
DA:157,2
DA:158,2
DA:159,2
DA:160,1
DA:162,2
DA:163,1
DA:167,2
DA:175,0
DA:176,0
DA:178,0
DA:189,1
DA:190,3
DA:191,2
DA:203,1
DA:204,1
DA:205,1
DA:215,1
DA:216,1
DA:217,1
DA:229,1
DA:230,1
DA:231,1
DA:236,1
DA:246,1
DA:252,2
DA:255,2
DA:261,0
DA:269,0
DA:272,0
DA:273,0
DA:279,2
DA:280,2
DA:281,2
DA:283,2
DA:284,1
DA:292,1
DA:293,1
DA:296,2
DA:297,2
DA:298,2
DA:300,2
DA:301,2
DA:307,2
DA:308,1
DA:309,1
DA:311,1
DA:315,2
DA:327,2
DA:330,2
DA:331,2
LF:87
LH:74
BRDA:39,0,0,3
BRDA:39,0,1,1
BRDA:40,1,0,3
BRDA:40,1,1,1
BRDA:41,2,0,3
BRDA:41,2,1,1
BRDA:53,3,0,1
BRDA:53,3,1,0
BRDA:53,3,2,0
BRDA:70,4,0,0
BRDA:70,4,1,0
BRDA:84,5,0,1
BRDA:84,5,1,1
BRDA:92,6,0,1
BRDA:97,7,0,1
BRDA:97,7,1,0
BRDA:98,8,0,1
BRDA:98,8,1,0
BRDA:99,9,0,1
BRDA:99,9,1,1
BRDA:100,10,0,1
BRDA:100,10,1,0
BRDA:107,11,0,1
BRDA:121,12,0,0
BRDA:121,12,1,0
BRDA:138,13,0,2
BRDA:138,13,1,1
BRDA:139,14,0,2
BRDA:139,14,1,2
BRDA:140,15,0,2
BRDA:140,15,1,2
BRDA:142,16,0,1
BRDA:142,16,1,1
BRDA:150,17,0,0
BRDA:153,18,0,0
BRDA:154,19,0,0
BRDA:155,20,0,0
BRDA:156,21,0,0
BRDA:157,22,0,2
BRDA:159,23,0,1
BRDA:159,24,0,2
BRDA:159,24,1,1
BRDA:162,25,0,1
BRDA:176,26,0,0
BRDA:203,27,0,1
BRDA:229,28,0,1
BRDA:283,29,0,1
BRDA:298,30,0,2
BRDA:298,30,1,2
BRDA:300,31,0,2
BRDA:307,32,0,1
BRDA:307,32,1,1
BRDA:309,33,0,1
BRDA:309,33,1,1
BRDA:317,34,0,2
BRDA:317,34,1,1
BRDA:318,35,0,2
BRDA:318,35,1,2
BRDA:322,36,0,2
BRDA:322,36,1,1
BRDA:323,37,0,1
BRDA:323,37,1,1
BRF:62
BRH:47
end_of_record
TN:
SF:src/games/game-events.service.ts
FN:12,(anonymous_1)
FN:15,(anonymous_2)
FN:19,(anonymous_3)
FN:21,(anonymous_4)
FN:23,(anonymous_5)
FNF:5
FNH:0
FNDA:0,(anonymous_1)
FNDA:0,(anonymous_2)
FNDA:0,(anonymous_3)
FNDA:0,(anonymous_4)
FNDA:0,(anonymous_5)
DA:1,5
DA:2,5
DA:3,5
DA:12,5
DA:13,0
DA:16,0
DA:20,0
DA:21,0
DA:24,0
LF:9
LH:4
BRF:0
BRH:0
end_of_record
TN:
SF:src/games/game-scheduler.service.ts
FN:13,(anonymous_2)
FN:20,(anonymous_3)
FN:51,(anonymous_4)
FN:69,(anonymous_5)
FN:81,(anonymous_6)
FNF:5
FNH:5
FNDA:18,(anonymous_2)
FNDA:5,(anonymous_3)
FNDA:5,(anonymous_4)
FNDA:5,(anonymous_5)
FNDA:9,(anonymous_6)
DA:1,1
DA:2,1
DA:3,1
DA:4,1
DA:5,1
DA:6,1
DA:7,1
DA:10,1
DA:11,18
DA:14,18
DA:15,18
DA:16,18
DA:20,1
DA:21,5
DA:23,5
DA:30,5
DA:31,6
DA:35,6
DA:36,6
DA:37,6
DA:38,1
DA:39,1
DA:42,5
DA:43,4
DA:45,1
DA:51,1
DA:52,5
DA:54,5
DA:64,5
DA:65,6
DA:67,5
DA:70,5
DA:71,5
DA:73,1
DA:81,1
DA:82,9
DA:89,9
DA:90,9
DA:91,9
DA:93,8
DA:97,8
DA:101,8
DA:102,1
DA:103,1
DA:106,7
DA:110,6
DA:116,6
DA:118,1
LF:48
LH:48
BRDA:37,0,0,1
BRDA:65,1,0,1
BRDA:65,2,0,6
BRDA:65,2,1,1
BRDA:91,3,0,1
BRDA:101,4,0,1
BRF:6
BRH:6
end_of_record
TN:
SF:src/games/games.controller.ts
FN:42,(anonymous_4)
FN:50,(anonymous_5)
FN:63,(anonymous_6)
FN:89,(anonymous_7)
FN:94,(anonymous_8)
FN:99,(anonymous_9)
FN:108,(anonymous_10)
FN:117,(anonymous_11)
FN:123,(anonymous_12)
FN:132,(anonymous_13)
FN:138,(anonymous_14)
FN:147,(anonymous_15)
FN:158,(anonymous_16)
FN:169,(anonymous_17)
FN:179,(anonymous_18)
FN:189,(anonymous_19)
FN:199,(anonymous_20)
FN:209,(anonymous_21)
FN:215,(anonymous_22)
FN:221,(anonymous_23)
FN:231,(anonymous_24)
FN:236,(anonymous_25)
FN:241,(anonymous_26)
FN:247,(anonymous_27)
FN:250,(anonymous_28)
FNF:25
FNH:7
FNDA:12,(anonymous_4)
FNDA:1,(anonymous_5)
FNDA:1,(anonymous_6)
FNDA:0,(anonymous_7)
FNDA:1,(anonymous_8)
FNDA:0,(anonymous_9)
FNDA:0,(anonymous_10)
FNDA:0,(anonymous_11)
FNDA:0,(anonymous_12)
FNDA:0,(anonymous_13)
FNDA:0,(anonymous_14)
FNDA:0,(anonymous_15)
FNDA:1,(anonymous_16)
FNDA:1,(anonymous_17)
FNDA:0,(anonymous_18)
FNDA:0,(anonymous_19)
FNDA:1,(anonymous_20)
FNDA:0,(anonymous_21)
FNDA:0,(anonymous_22)
FNDA:0,(anonymous_23)
FNDA:0,(anonymous_24)
FNDA:0,(anonymous_25)
FNDA:0,(anonymous_26)
FNDA:0,(anonymous_27)
FNDA:0,(anonymous_28)
DA:1,1
DA:15,1
DA:16,1
DA:17,1
DA:18,1
DA:19,1
DA:21,1
DA:22,1
DA:23,1
DA:24,1
DA:25,1
DA:26,1
DA:27,1
DA:28,1
DA:29,1
DA:30,1
DA:31,1
DA:32,1
DA:34,1
DA:35,1
DA:41,1
DA:43,12
DA:44,12
DA:45,12
DA:50,1
DA:51,1
DA:63,1
DA:74,1
DA:89,1
DA:90,0
DA:94,1
DA:95,1
DA:99,1
DA:104,0
DA:108,1
DA:113,0
DA:117,1
DA:118,0
DA:123,1
DA:128,0
DA:132,1
DA:133,0
DA:138,1
DA:143,0
DA:147,1
DA:153,0
DA:158,1
DA:164,1
DA:169,1
DA:174,1
DA:179,1
DA:184,0
DA:189,1
DA:194,0
DA:199,1
DA:204,1
DA:209,1
DA:210,0
DA:215,1
DA:216,0
DA:221,1
DA:227,0
DA:231,1
DA:232,0
DA:236,1
DA:237,0
DA:241,1
DA:245,0
DA:247,0
DA:249,0
DA:250,0
DA:254,0
DA:256,0
LF:73
LH:52
BRDA:76,0,0,0
BRDA:76,0,1,1
BRDA:83,1,0,0
BRDA:83,1,1,1
BRDA:84,2,0,0
BRDA:84,2,1,1
BRF:6
BRH:3
end_of_record
TN:
SF:src/games/games.service.ts
FN:56,(anonymous_4)
FN:56,(anonymous_5)
FN:60,(anonymous_6)
FN:71,(anonymous_7)
FN:75,(anonymous_8)
FN:79,(anonymous_9)
FN:85,(anonymous_10)
FN:89,(anonymous_11)
FN:141,(anonymous_12)
FN:147,(anonymous_13)
FN:206,(anonymous_14)
FN:221,(anonymous_15)
FN:245,(anonymous_16)
FN:247,(anonymous_17)
FN:403,(anonymous_18)
FN:409,(anonymous_19)
FN:421,(anonymous_20)
FN:495,(anonymous_21)
FN:501,(anonymous_22)
FN:508,(anonymous_23)
FN:525,(anonymous_24)
FN:531,(anonymous_25)
FN:569,(anonymous_26)
FN:584,(anonymous_27)
FN:586,(anonymous_28)
FN:626,(anonymous_29)
FN:631,(anonymous_30)
FN:633,(anonymous_31)
FN:693,(anonymous_32)
FN:695,(anonymous_33)
FN:730,(anonymous_34)
FN:732,(anonymous_35)
FN:760,(anonymous_36)
FN:777,(anonymous_37)
FN:786,(anonymous_38)
FN:792,(anonymous_39)
FN:799,(anonymous_40)
FN:839,(anonymous_41)
FN:840,(anonymous_42)
FN:888,(anonymous_43)
FN:894,(anonymous_44)
FN:895,(anonymous_45)
FN:922,(anonymous_46)
FN:923,(anonymous_47)
FN:967,(anonymous_48)
FN:972,(anonymous_49)
FN:984,(anonymous_50)
FN:1080,(anonymous_51)
FN:1107,(anonymous_52)
FN:1111,(anonymous_53)
FN:1134,(anonymous_54)
FN:1239,(anonymous_55)
FN:1245,(anonymous_56)
FN:1277,(anonymous_57)
FN:1282,(anonymous_58)
FN:1283,(anonymous_59)
FN:1312,(anonymous_60)
FN:1329,(anonymous_61)
FN:1334,(anonymous_62)
FN:1351,(anonymous_63)
FN:1357,(anonymous_64)
FN:1363,(anonymous_65)
FN:1373,(anonymous_66)
FN:1381,(anonymous_67)
FN:1385,(anonymous_68)
FN:1386,(anonymous_69)
FN:1395,(anonymous_70)
FN:1407,(anonymous_71)
FN:1419,(anonymous_72)
FN:1421,(anonymous_73)
FN:1422,(anonymous_74)
FN:1423,(anonymous_75)
FN:1426,(anonymous_76)
FN:1427,(anonymous_77)
FN:1451,(anonymous_78)
FN:1456,(anonymous_79)
FN:1459,(anonymous_80)
FN:1462,(anonymous_81)
FN:1470,(anonymous_82)
FN:1475,(anonymous_83)
FN:1484,(anonymous_84)
FN:1495,(anonymous_85)
FN:1499,(anonymous_86)
FN:1500,(anonymous_87)
FN:1501,(anonymous_88)
FN:1512,(anonymous_89)
FN:1523,(anonymous_90)
FN:64,(anonymous_91)
FNF:88
FNH:62
FNDA:0,(anonymous_4)
FNDA:0,(anonymous_5)
FNDA:154,(anonymous_6)
FNDA:4,(anonymous_7)
FNDA:0,(anonymous_8)
FNDA:0,(anonymous_9)
FNDA:6,(anonymous_10)
FNDA:6,(anonymous_11)
FNDA:0,(anonymous_12)
FNDA:0,(anonymous_13)
FNDA:205,(anonymous_14)
FNDA:0,(anonymous_15)
FNDA:126,(anonymous_16)
FNDA:126,(anonymous_17)
FNDA:0,(anonymous_18)
FNDA:16,(anonymous_19)
FNDA:14,(anonymous_20)
FNDA:0,(anonymous_21)
FNDA:6,(anonymous_22)
FNDA:6,(anonymous_23)
FNDA:7,(anonymous_24)
FNDA:3,(anonymous_25)
FNDA:0,(anonymous_26)
FNDA:2,(anonymous_27)
FNDA:2,(anonymous_28)
FNDA:0,(anonymous_29)
FNDA:1,(anonymous_30)
FNDA:1,(anonymous_31)
FNDA:32,(anonymous_32)
FNDA:32,(anonymous_33)
FNDA:5,(anonymous_34)
FNDA:2,(anonymous_35)
FNDA:5,(anonymous_36)
FNDA:1,(anonymous_37)
FNDA:0,(anonymous_38)
FNDA:4,(anonymous_39)
FNDA:11,(anonymous_40)
FNDA:5,(anonymous_41)
FNDA:5,(anonymous_42)
FNDA:0,(anonymous_43)
FNDA:3,(anonymous_44)
FNDA:3,(anonymous_45)
FNDA:4,(anonymous_46)
FNDA:4,(anonymous_47)
FNDA:0,(anonymous_48)
FNDA:29,(anonymous_49)
FNDA:26,(anonymous_50)
FNDA:0,(anonymous_51)
FNDA:0,(anonymous_52)
FNDA:20,(anonymous_53)
FNDA:18,(anonymous_54)
FNDA:0,(anonymous_55)
FNDA:0,(anonymous_56)
FNDA:0,(anonymous_57)
FNDA:4,(anonymous_58)
FNDA:4,(anonymous_59)
FNDA:6,(anonymous_60)
FNDA:0,(anonymous_61)
FNDA:9,(anonymous_62)
FNDA:8,(anonymous_63)
FNDA:8,(anonymous_64)
FNDA:8,(anonymous_65)
FNDA:0,(anonymous_66)
FNDA:2,(anonymous_67)
FNDA:4,(anonymous_68)
FNDA:2,(anonymous_69)
FNDA:2,(anonymous_70)
FNDA:3,(anonymous_71)
FNDA:20,(anonymous_72)
FNDA:24,(anonymous_73)
FNDA:22,(anonymous_74)
FNDA:24,(anonymous_75)
FNDA:24,(anonymous_76)
FNDA:24,(anonymous_77)
FNDA:5,(anonymous_78)
FNDA:1,(anonymous_79)
FNDA:24,(anonymous_80)
FNDA:6,(anonymous_81)
FNDA:1,(anonymous_82)
FNDA:2,(anonymous_83)
FNDA:9,(anonymous_84)
FNDA:5,(anonymous_85)
FNDA:0,(anonymous_86)
FNDA:0,(anonymous_87)
FNDA:0,(anonymous_88)
FNDA:0,(anonymous_89)
FNDA:0,(anonymous_90)
FNDA:154,(anonymous_91)
DA:1,5
DA:7,5
DA:8,5
DA:9,5
DA:10,5
DA:11,5
DA:12,5
DA:13,5
DA:18,5
DA:35,5
DA:56,5
DA:59,5
DA:61,154
DA:62,154
DA:63,154
DA:64,154
DA:65,154
DA:66,154
DA:69,154
DA:72,4
DA:76,0
DA:80,0
DA:86,6
DA:88,6
DA:90,6
DA:96,6
DA:97,1
DA:100,5
DA:101,5
DA:102,5
DA:104,5
DA:105,5
DA:107,5
DA:109,5
DA:111,5
DA:132,5
DA:139,5
DA:140,1
DA:141,1
DA:144,5
DA:160,0
DA:161,0
DA:168,0
DA:171,0
DA:172,0
DA:173,0
DA:175,0
DA:176,0
DA:177,0
DA:178,0
DA:179,0
DA:180,0
DA:182,0
DA:183,0
DA:189,0
DA:203,0
DA:207,205
DA:217,205
DA:218,204
DA:222,0
DA:227,0
DA:234,0
DA:240,0
DA:246,126
DA:248,126
DA:253,126
DA:255,126
DA:256,126
DA:257,1
DA:260,125
DA:263,125
DA:264,1
DA:265,1
DA:270,1
DA:274,1
DA:275,1
DA:279,1
DA:286,0
DA:292,0
DA:295,124
DA:297,124
DA:298,124
DA:299,1
DA:302,123
DA:303,123
DA:304,0
DA:307,123
DA:308,4
DA:310,4
DA:311,1
DA:314,1
DA:315,0
DA:319,4
DA:322,4
DA:323,0
DA:327,123
DA:331,123
DA:332,123
DA:341,123
DA:343,123
DA:347,123
DA:348,19
DA:350,123
DA:351,0
DA:354,123
DA:358,123
DA:363,123
DA:378,124
DA:379,124
DA:387,124
DA:388,124
DA:390,124
DA:391,124
DA:394,124
DA:398,3
DA:399,3
DA:400,3
DA:403,3
DA:406,124
DA:410,16
DA:411,16
DA:412,2
DA:415,14
DA:416,14
DA:417,0
DA:420,14
DA:422,14
DA:427,14
DA:429,14
DA:430,14
DA:431,0
DA:434,14
DA:438,14
DA:440,14
DA:444,14
DA:446,14
DA:450,14
DA:451,0
DA:454,14
DA:458,14
DA:460,14
DA:477,14
DA:484,14
DA:485,14
DA:487,14
DA:490,14
DA:491,0
DA:492,0
DA:493,0
DA:495,0
DA:498,14
DA:507,6
DA:509,6
DA:511,6
DA:516,6
DA:521,6
DA:522,6
DA:524,6
DA:525,7
DA:529,6
DA:531,3
DA:542,6
DA:550,6
DA:554,6
DA:555,5
DA:557,5
DA:558,5
DA:559,5
DA:560,5
DA:561,2
DA:562,2
DA:564,5
DA:567,5
DA:569,0
DA:572,5
DA:585,2
DA:587,2
DA:589,2
DA:593,2
DA:595,1
DA:600,1
DA:608,1
DA:616,1
DA:618,1
DA:620,1
DA:621,1
DA:623,1
DA:624,1
DA:626,0
DA:628,1
DA:632,1
DA:634,1
DA:636,1
DA:639,1
DA:641,1
DA:646,1
DA:647,1
DA:649,1
DA:653,1
DA:654,1
DA:659,1
DA:668,1
DA:671,0
DA:676,1
DA:678,1
DA:679,1
DA:688,1
DA:689,1
DA:690,1
DA:694,32
DA:696,32
DA:698,32
DA:707,32
DA:709,31
DA:710,31
DA:711,1
DA:714,30
DA:721,30
DA:723,30
DA:728,30
DA:729,3
DA:730,5
DA:732,3
DA:733,3
DA:734,5
DA:741,30
DA:751,30
DA:760,5
DA:764,30
DA:768,30
DA:769,30
DA:771,30
DA:772,9
DA:773,9
DA:776,9
DA:777,1
DA:778,1
DA:780,9
DA:784,9
DA:786,0
DA:789,30
DA:790,27
DA:792,30
DA:793,2
DA:796,30
DA:800,11
DA:801,11
DA:803,9
DA:804,9
DA:805,9
DA:806,9
DA:807,6
DA:808,3
DA:809,1
DA:812,9
DA:818,9
DA:819,1
DA:820,8
DA:821,8
DA:823,9
DA:824,1
DA:825,8
DA:826,7
DA:828,9
DA:829,0
DA:832,9
DA:833,9
DA:834,9
DA:840,5
DA:841,5
DA:843,5
DA:846,5
DA:848,4
DA:849,4
DA:852,4
DA:853,1
DA:856,3
DA:861,3
DA:872,3
DA:880,3
DA:881,3
DA:883,3
DA:884,3
DA:885,3
DA:886,3
DA:888,0
DA:891,3
DA:895,3
DA:896,3
DA:898,3
DA:899,3
DA:902,3
DA:903,1
DA:906,2
DA:911,2
DA:912,1
DA:914,1
DA:917,1
DA:918,1
DA:919,1
DA:923,4
DA:924,4
DA:926,4
DA:929,4
DA:931,3
DA:936,3
DA:941,3
DA:952,3
DA:960,3
DA:961,3
DA:963,3
DA:964,3
DA:965,3
DA:967,0
DA:969,3
DA:973,29
DA:974,29
DA:975,28
DA:977,26
DA:983,26
DA:985,26
DA:987,26
DA:990,26
DA:991,26
DA:992,3
DA:993,3
DA:996,23
DA:1008,23
DA:1009,3
DA:1010,3
DA:1013,20
DA:1017,20
DA:1019,20
DA:1020,20
DA:1022,20
DA:1023,23
DA:1024,23
DA:1036,23
DA:1039,20
DA:1044,26
DA:1047,20
DA:1048,23
DA:1057,20
DA:1058,20
DA:1060,20
DA:1062,18
DA:1063,18
DA:1064,18
DA:1065,18
DA:1071,18
DA:1075,18
DA:1080,0
DA:1084,2
DA:1085,2
DA:1087,2
DA:1088,5
DA:1089,5
DA:1090,5
DA:1091,5
DA:1096,5
DA:1097,5
DA:1102,2
DA:1107,0
DA:1112,20
DA:1116,20
DA:1118,19
DA:1119,19
DA:1120,1
DA:1124,1
DA:1130,18
DA:1133,18
DA:1135,18
DA:1137,18
DA:1141,18
DA:1144,17
DA:1148,17
DA:1149,17
DA:1153,17
DA:1158,17
DA:1173,17
DA:1185,17
DA:1186,7
DA:1192,7
DA:1194,7
DA:1199,7
DA:1211,7
DA:1214,10
DA:1219,18
DA:1221,17
DA:1229,17
DA:1230,17
DA:1231,17
DA:1233,17
DA:1237,17
DA:1239,0
DA:1241,17
DA:1242,10
DA:1243,10
DA:1245,0
DA:1246,10
DA:1249,7
DA:1257,7
DA:1258,7
DA:1259,7
DA:1265,7
DA:1266,7
DA:1268,7
DA:1272,7
DA:1277,0
DA:1283,4
DA:1284,4
DA:1286,4
DA:1287,9
DA:1292,4
DA:1293,2
DA:1300,4
DA:1307,4
DA:1308,4
DA:1309,4
DA:1313,6
DA:1314,6
DA:1315,2
DA:1318,4
DA:1323,4
DA:1324,4
DA:1326,4
DA:1327,4
DA:1329,0
DA:1331,4
DA:1335,9
DA:1337,9
DA:1338,8
DA:1340,7
DA:1342,7
DA:1347,7
DA:1348,7
DA:1351,8
DA:1352,7
DA:1353,2
DA:1357,8
DA:1358,7
DA:1359,1
DA:1363,8
DA:1364,7
DA:1365,7
DA:1366,7
DA:1367,1
DA:1370,7
DA:1371,3
DA:1373,0
DA:1376,7
DA:1382,2
DA:1383,2
DA:1384,2
DA:1385,4
DA:1386,2
DA:1392,2
DA:1396,2
DA:1397,2
DA:1399,1
DA:1400,1
DA:1402,1
DA:1403,1
DA:1404,1
DA:1408,3
DA:1412,3
DA:1414,2
DA:1415,1
DA:1416,1
DA:1420,20
DA:1421,24
DA:1422,22
DA:1423,24
DA:1424,20
DA:1426,24
DA:1427,24
DA:1429,20
DA:1433,20
DA:1434,20
DA:1436,20
DA:1444,20
DA:1445,2
DA:1446,2
DA:1449,20
DA:1450,5
DA:1451,5
DA:1454,20
DA:1455,1
DA:1456,1
DA:1459,24
DA:1460,20
DA:1461,6
DA:1462,6
DA:1465,20
DA:1471,1
DA:1475,2
DA:1477,1
DA:1492,9
DA:1496,5
DA:1500,0
DA:1501,0
DA:1502,0
DA:1504,0
DA:1510,0
DA:1511,0
DA:1512,0
DA:1513,0
DA:1516,0
DA:1517,0
DA:1521,0
DA:1522,0
DA:1523,0
DA:1524,0
DA:1527,0
DA:1531,0
DA:1532,0
DA:1535,0
DA:1537,0
LF:518
LH:450
BRDA:96,0,0,1
BRDA:100,1,0,5
BRDA:100,1,1,1
BRDA:101,2,0,5
BRDA:101,2,1,5
BRDA:102,3,0,5
BRDA:102,3,1,5
BRDA:104,4,0,5
BRDA:104,4,1,1
BRDA:109,5,0,4
BRDA:109,5,1,1
BRDA:119,6,0,5
BRDA:119,6,1,1
BRDA:120,7,0,5
BRDA:120,7,1,1
BRDA:121,8,0,5
BRDA:121,8,1,5
BRDA:122,9,0,5
BRDA:122,9,1,5
BRDA:139,10,0,1
BRDA:160,11,0,0
BRDA:168,12,0,0
BRDA:168,12,1,0
BRDA:168,13,0,0
BRDA:168,13,1,0
BRDA:171,14,0,0
BRDA:171,14,1,0
BRDA:172,15,0,0
BRDA:172,15,1,0
BRDA:176,16,0,0
BRDA:176,16,1,0
BRDA:177,17,0,0
BRDA:178,18,0,0
BRDA:179,19,0,0
BRDA:182,20,0,0
BRDA:182,21,0,0
BRDA:182,21,1,0
BRDA:184,22,0,0
BRDA:184,22,1,0
BRDA:185,23,0,0
BRDA:185,23,1,0
BRDA:217,24,0,1
BRDA:229,25,0,0
BRDA:229,25,1,0
BRDA:253,26,0,0
BRDA:256,27,0,1
BRDA:256,28,0,126
BRDA:256,28,1,1
BRDA:263,29,0,1
BRDA:264,30,0,1
BRDA:264,31,0,1
BRDA:264,31,1,1
BRDA:274,32,0,1
BRDA:281,33,0,1
BRDA:281,33,1,0
BRDA:298,34,0,1
BRDA:298,35,0,124
BRDA:298,35,1,124
BRDA:303,36,0,0
BRDA:307,37,0,4
BRDA:310,38,0,1
BRDA:314,39,0,0
BRDA:322,40,0,0
BRDA:322,41,0,4
BRDA:322,41,1,1
BRDA:337,42,0,121
BRDA:337,42,1,2
BRDA:347,43,0,19
BRDA:347,44,0,123
BRDA:347,44,1,95
BRDA:347,44,2,20
BRDA:350,45,0,0
BRDA:350,46,0,123
BRDA:350,46,1,28
BRDA:350,46,2,0
BRDA:358,47,0,123
BRDA:358,47,1,40
BRDA:378,48,0,2
BRDA:378,48,1,122
BRDA:390,49,0,124
BRDA:390,49,1,0
BRDA:391,50,0,28
BRDA:391,50,1,96
BRDA:394,51,0,3
BRDA:399,52,0,3
BRDA:399,52,1,0
BRDA:400,53,0,1
BRDA:400,53,1,2
BRDA:400,54,0,3
BRDA:400,54,1,1
BRDA:411,55,0,2
BRDA:416,56,0,0
BRDA:427,57,0,0
BRDA:430,58,0,0
BRDA:430,59,0,14
BRDA:430,59,1,0
BRDA:450,60,0,0
BRDA:450,61,0,14
BRDA:450,61,1,0
BRDA:450,61,2,0
BRDA:458,62,0,14
BRDA:458,62,1,7
BRDA:487,63,0,14
BRDA:487,63,1,0
BRDA:490,64,0,0
BRDA:491,65,0,0
BRDA:491,65,1,0
BRDA:492,66,0,0
BRDA:492,66,1,0
BRDA:504,67,0,5
BRDA:505,68,0,6
BRDA:521,69,0,4
BRDA:521,69,1,2
BRDA:522,70,0,0
BRDA:531,71,0,3
BRDA:531,71,1,0
BRDA:532,72,0,4
BRDA:532,72,1,2
BRDA:534,73,0,2
BRDA:534,73,1,0
BRDA:557,74,0,5
BRDA:559,75,0,4
BRDA:560,76,0,2
BRDA:562,77,0,1
BRDA:562,77,1,1
BRDA:564,78,0,4
BRDA:564,78,1,1
BRDA:593,79,0,1
BRDA:601,80,0,1
BRDA:601,80,1,0
BRDA:601,81,0,1
BRDA:601,81,1,0
BRDA:601,82,0,0
BRDA:601,82,1,0
BRDA:611,83,0,1
BRDA:611,83,1,1
BRDA:618,84,0,1
BRDA:618,84,1,0
BRDA:623,85,0,1
BRDA:623,85,1,0
BRDA:639,86,0,0
BRDA:647,87,0,0
BRDA:653,88,0,1
BRDA:663,89,0,1
BRDA:663,89,1,0
BRDA:676,90,0,0
BRDA:678,91,0,1
BRDA:698,92,0,2
BRDA:698,92,1,30
BRDA:707,93,0,1
BRDA:709,94,0,31
BRDA:709,94,1,2
BRDA:710,95,0,1
BRDA:710,96,0,31
BRDA:710,96,1,27
BRDA:714,97,0,28
BRDA:714,97,1,2
BRDA:728,98,0,3
BRDA:754,99,0,30
BRDA:754,99,1,2
BRDA:765,100,0,30
BRDA:765,100,1,2
BRDA:771,101,0,9
BRDA:772,102,0,9
BRDA:772,102,1,1
BRDA:773,103,0,6
BRDA:773,103,1,3
BRDA:776,104,0,1
BRDA:777,105,0,1
BRDA:777,105,1,0
BRDA:778,106,0,1
BRDA:778,106,1,0
BRDA:789,107,0,27
BRDA:792,108,0,2
BRDA:801,109,0,2
BRDA:803,110,0,9
BRDA:803,110,1,6
BRDA:803,110,2,1
BRDA:804,111,0,9
BRDA:804,111,1,1
BRDA:804,111,2,1
BRDA:806,112,0,6
BRDA:806,112,1,3
BRDA:808,113,0,1
BRDA:818,114,0,1
BRDA:818,114,1,8
BRDA:819,115,0,1
BRDA:819,115,1,0
BRDA:820,116,0,8
BRDA:821,117,0,8
BRDA:821,117,1,0
BRDA:823,118,0,1
BRDA:823,118,1,8
BRDA:824,119,0,1
BRDA:824,119,1,0
BRDA:825,120,0,7
BRDA:826,121,0,7
BRDA:826,121,1,0
BRDA:828,122,0,0
BRDA:829,123,0,0
BRDA:829,123,1,0
BRDA:846,124,0,1
BRDA:852,125,0,1
BRDA:865,126,0,3
BRDA:865,126,1,0
BRDA:875,127,0,3
BRDA:875,127,1,0
BRDA:884,128,0,3
BRDA:885,129,0,3
BRDA:885,129,1,0
BRDA:902,130,0,1
BRDA:911,131,0,1
BRDA:929,132,0,1
BRDA:945,133,0,3
BRDA:945,133,1,0
BRDA:955,134,0,3
BRDA:955,134,1,0
BRDA:964,135,0,3
BRDA:964,135,1,0
BRDA:974,136,0,1
BRDA:974,137,0,29
BRDA:974,137,1,29
BRDA:974,137,2,1
BRDA:975,138,0,2
BRDA:975,139,0,28
BRDA:975,139,1,24
BRDA:991,140,0,3
BRDA:1001,141,0,16
BRDA:1001,141,1,7
BRDA:1008,142,0,3
BRDA:1017,143,0,20
BRDA:1017,143,1,0
BRDA:1044,144,0,6
BRDA:1051,145,0,23
BRDA:1051,145,1,6
BRDA:1060,146,0,18
BRDA:1060,146,1,2
BRDA:1064,147,0,1
BRDA:1064,147,1,17
BRDA:1065,148,0,18
BRDA:1065,148,1,0
BRDA:1067,149,0,0
BRDA:1067,149,1,0
BRDA:1068,150,0,0
BRDA:1068,150,1,0
BRDA:1069,151,0,0
BRDA:1069,151,1,0
BRDA:1078,152,0,18
BRDA:1078,152,1,0
BRDA:1089,153,0,5
BRDA:1089,153,1,0
BRDA:1090,154,0,5
BRDA:1091,155,0,5
BRDA:1091,155,1,0
BRDA:1093,156,0,0
BRDA:1093,156,1,0
BRDA:1094,157,0,0
BRDA:1094,157,1,0
BRDA:1095,158,0,0
BRDA:1095,158,1,0
BRDA:1105,159,0,2
BRDA:1105,159,1,0
BRDA:1116,160,0,1
BRDA:1116,161,0,20
BRDA:1116,161,1,20
BRDA:1119,162,0,1
BRDA:1119,163,0,19
BRDA:1119,163,1,19
BRDA:1119,163,2,1
BRDA:1141,164,0,1
BRDA:1148,165,0,17
BRDA:1148,165,1,2
BRDA:1149,166,0,16
BRDA:1149,166,1,1
BRDA:1179,167,0,11
BRDA:1179,167,1,6
BRDA:1185,168,0,7
BRDA:1203,169,0,7
BRDA:1203,169,1,0
BRDA:1219,170,0,1
BRDA:1224,171,0,17
BRDA:1224,171,1,0
BRDA:1241,172,0,10
BRDA:1252,173,0,7
BRDA:1252,173,1,0
BRDA:1258,174,0,0
BRDA:1258,174,1,7
BRDA:1259,175,0,7
BRDA:1259,175,1,0
BRDA:1261,176,0,0
BRDA:1261,176,1,0
BRDA:1262,177,0,0
BRDA:1262,177,1,0
BRDA:1263,178,0,0
BRDA:1263,178,1,0
BRDA:1275,179,0,7
BRDA:1275,179,1,0
BRDA:1314,180,0,2
BRDA:1314,181,0,6
BRDA:1314,181,1,5
BRDA:1326,182,0,3
BRDA:1326,182,1,1
BRDA:1337,183,0,1
BRDA:1338,184,0,1
BRDA:1351,185,0,8
BRDA:1351,185,1,2
BRDA:1351,185,2,2
BRDA:1352,186,0,2
BRDA:1357,187,0,8
BRDA:1357,187,1,6
BRDA:1358,188,0,1
BRDA:1365,189,0,7
BRDA:1365,189,1,0
BRDA:1366,190,0,1
BRDA:1370,191,0,3
BRDA:1385,192,0,4
BRDA:1385,192,1,3
BRDA:1397,193,0,1
BRDA:1400,194,0,1
BRDA:1400,194,1,0
BRDA:1412,195,0,1
BRDA:1414,196,0,1
BRDA:1426,197,0,24
BRDA:1426,197,1,14
BRDA:1427,198,0,24
BRDA:1427,198,1,10
BRDA:1433,199,0,20
BRDA:1433,199,1,0
BRDA:1444,200,0,2
BRDA:1449,201,0,5
BRDA:1454,202,0,1
BRDA:1459,203,0,24
BRDA:1459,203,1,10
BRDA:1459,203,2,8
BRDA:1460,204,0,6
BRDA:1510,205,0,0
BRDA:1513,206,0,0
BRDA:1513,206,1,0
BRDA:1514,207,0,0
BRDA:1514,207,1,0
BRDA:1514,208,0,0
BRDA:1514,208,1,0
BRDA:1516,209,0,0
BRDA:1516,209,1,0
BRDA:1521,210,0,0
BRDA:1524,211,0,0
BRDA:1524,211,1,0
BRDA:1525,212,0,0
BRDA:1525,212,1,0
BRDA:1525,213,0,0
BRDA:1525,213,1,0
BRDA:1531,214,0,0
BRF:352
BRH:229
end_of_record
TN:
SF:src/games/games.utils.ts
FN:55,buildMention
FN:66,userDisplayName
FN:70,displayName
FN:83,buildCounts
FN:84,(anonymous_4)
FN:85,(anonymous_5)
FN:96,buildTitle
FN:104,buildGameLink
FN:110,buildRegistrationOpenMessage
FN:121,shouldGoToWaitingList
FN:135,isBeforeCutoff
FN:155,buildCutoffDateTime
FN:169,formatCutoffTime
FNF:13
FNH:12
FNDA:30,buildMention
FNDA:311,userDisplayName
FNDA:105,displayName
FNDA:66,buildCounts
FNDA:241,(anonymous_4)
FNDA:241,(anonymous_5)
FNDA:5,buildTitle
FNDA:62,buildGameLink
FNDA:1,buildRegistrationOpenMessage
FNDA:146,shouldGoToWaitingList
FNDA:186,isBeforeCutoff
FNDA:0,buildCutoffDateTime
FNDA:5,formatCutoffTime
DA:3,5
DA:5,5
DA:10,5
DA:15,5
DA:16,5
DA:17,5
DA:18,5
DA:19,5
DA:20,5
DA:21,5
DA:23,5
DA:55,5
DA:58,30
DA:59,30
DA:60,30
DA:61,30
DA:62,30
DA:63,30
DA:66,5
DA:67,311
DA:70,5
DA:76,105
DA:77,13
DA:78,13
DA:80,92
DA:83,5
DA:84,241
DA:85,241
DA:86,66
DA:88,66
DA:89,33
DA:90,33
DA:91,33
DA:93,33
DA:96,5
DA:97,5
DA:98,5
DA:99,5
DA:100,5
DA:101,5
DA:104,5
DA:105,62
DA:106,62
DA:107,0
DA:110,5
DA:111,1
DA:112,1
DA:113,1
DA:121,5
DA:129,146
DA:130,131
DA:131,102
DA:132,100
DA:135,5
DA:136,186
DA:137,186
DA:138,186
DA:139,186
DA:141,186
DA:142,185
DA:143,185
DA:144,185
DA:145,185
DA:146,20
DA:149,1
DA:150,1
DA:151,1
DA:152,1
DA:155,5
DA:156,0
DA:157,0
DA:158,0
DA:159,0
DA:161,0
DA:162,0
DA:163,0
DA:164,0
DA:165,0
DA:166,0
DA:169,5
DA:170,5
DA:171,5
DA:172,5
DA:173,5
LF:84
LH:73
BRDA:58,0,0,0
BRDA:59,1,0,30
BRDA:59,1,1,29
BRDA:59,2,0,29
BRDA:59,2,1,0
BRDA:60,3,0,0
BRDA:62,4,0,0
BRDA:67,5,0,311
BRDA:67,5,1,307
BRDA:76,6,0,13
BRDA:77,7,0,12
BRDA:77,7,1,1
BRDA:78,8,0,13
BRDA:78,8,1,1
BRDA:80,9,0,91
BRDA:80,9,1,1
BRDA:88,10,0,33
BRDA:90,11,0,27
BRDA:106,12,0,62
BRDA:111,13,0,1
BRDA:111,13,1,1
BRDA:129,14,0,15
BRDA:129,15,0,146
BRDA:129,15,1,16
BRDA:130,16,0,29
BRDA:131,17,0,2
BRDA:131,18,0,102
BRDA:131,18,1,6
BRDA:141,19,0,185
BRDA:145,20,0,165
BRDA:146,21,0,20
BRDA:156,22,0,0
BRDA:171,23,0,3
BRDA:171,23,1,2
BRDA:172,24,0,5
BRDA:172,24,1,2
BRDA:173,25,0,3
BRDA:173,25,1,2
BRF:38
BRH:33
end_of_record
TN:
SF:src/games/testing/in-memory-prisma.ts
FN:31,nextId
FN:37,deepClone
FN:39,(anonymous_2)
FN:48,isOperatorObject
FN:51,(anonymous_4)
FN:54,cmp
FN:62,eq
FN:67,matchCond
FN:72,(anonymous_8)
FN:73,(anonymous_9)
FN:89,matchWhere
FN:94,(anonymous_11)
FN:99,(anonymous_12)
FN:112,applyData
FN:133,sortRows
FN:136,(anonymous_15)
FN:155,(anonymous_16)
FN:229,(anonymous_17)
FN:231,(anonymous_18)
FN:234,(anonymous_19)
FN:236,(anonymous_20)
FN:241,(anonymous_21)
FN:243,(anonymous_22)
FN:247,(anonymous_23)
FN:249,(anonymous_24)
FN:253,(anonymous_25)
FN:255,(anonymous_26)
FN:255,(anonymous_27)
FN:256,(anonymous_28)
FN:276,(anonymous_29)
FN:278,(anonymous_30)
FN:288,(anonymous_31)
FN:290,(anonymous_32)
FN:294,(anonymous_33)
FN:297,(anonymous_34)
FN:300,(anonymous_35)
FN:306,(anonymous_36)
FN:308,(anonymous_37)
FN:312,(anonymous_38)
FN:313,(anonymous_39)
FN:315,(anonymous_40)
FN:315,(anonymous_41)
FN:316,(anonymous_42)
FN:318,(anonymous_43)
FN:319,(anonymous_44)
FN:322,(anonymous_45)
FN:345,(anonymous_46)
FN:348,(anonymous_47)
FN:354,(anonymous_48)
FN:356,(anonymous_49)
FN:357,(anonymous_50)
FN:360,(anonymous_51)
FN:362,(anonymous_52)
FN:367,(anonymous_53)
FN:370,(anonymous_54)
FN:378,(anonymous_55)
FN:380,(anonymous_56)
FN:385,(anonymous_57)
FN:387,(anonymous_58)
FN:389,(anonymous_59)
FN:390,(anonymous_60)
FN:405,(anonymous_61)
FN:407,(anonymous_62)
FN:415,(anonymous_63)
FN:163,(anonymous_64)
FN:183,(anonymous_65)
FN:185,(anonymous_66)
FN:187,(anonymous_67)
FN:190,(anonymous_68)
FN:191,(anonymous_69)
FN:196,(anonymous_70)
FN:199,(anonymous_71)
FN:203,(anonymous_72)
FN:209,(anonymous_73)
FN:212,(anonymous_74)
FN:216,(anonymous_75)
FN:218,(anonymous_76)
FN:221,(anonymous_77)
FN:394,(anonymous_78)
FN:441,makeGameData
FNF:80
FNH:64
FNDA:283,nextId
FNDA:32008,deepClone
FNDA:2015,(anonymous_2)
FNDA:4445,isOperatorObject
FNDA:92,(anonymous_4)
FNDA:1837,cmp
FNDA:4376,eq
FNDA:92,matchCond
FNDA:13,(anonymous_8)
FNDA:0,(anonymous_9)
FNDA:2134,matchWhere
FNDA:0,(anonymous_11)
FNDA:0,(anonymous_12)
FNDA:142,applyData
FNDA:478,sortRows
FNDA:1023,(anonymous_15)
FNDA:26,(anonymous_16)
FNDA:0,(anonymous_17)
FNDA:0,(anonymous_18)
FNDA:237,(anonymous_19)
FNDA:237,(anonymous_20)
FNDA:2,(anonymous_21)
FNDA:2,(anonymous_22)
FNDA:0,(anonymous_23)
FNDA:0,(anonymous_24)
FNDA:0,(anonymous_25)
FNDA:0,(anonymous_26)
FNDA:0,(anonymous_27)
FNDA:26,(anonymous_28)
FNDA:22,(anonymous_29)
FNDA:22,(anonymous_30)
FNDA:164,(anonymous_31)
FNDA:476,(anonymous_32)
FNDA:22,(anonymous_33)
FNDA:100,(anonymous_34)
FNDA:0,(anonymous_35)
FNDA:36,(anonymous_36)
FNDA:193,(anonymous_37)
FNDA:2,(anonymous_38)
FNDA:21,(anonymous_39)
FNDA:293,(anonymous_40)
FNDA:750,(anonymous_41)
FNDA:175,(anonymous_42)
FNDA:525,(anonymous_43)
FNDA:258,(anonymous_44)
FNDA:134,(anonymous_45)
FNDA:54,(anonymous_46)
FNDA:218,(anonymous_47)
FNDA:38,(anonymous_48)
FNDA:185,(anonymous_49)
FNDA:66,(anonymous_50)
FNDA:17,(anonymous_51)
FNDA:21,(anonymous_52)
FNDA:1,(anonymous_53)
FNDA:5,(anonymous_54)
FNDA:122,(anonymous_55)
FNDA:498,(anonymous_56)
FNDA:0,(anonymous_57)
FNDA:0,(anonymous_58)
FNDA:0,(anonymous_59)
FNDA:0,(anonymous_60)
FNDA:193,(anonymous_61)
FNDA:193,(anonymous_62)
FNDA:193,(anonymous_63)
FNDA:149,(anonymous_64)
FNDA:74,(anonymous_65)
FNDA:381,(anonymous_66)
FNDA:381,(anonymous_67)
FNDA:8,(anonymous_68)
FNDA:8,(anonymous_69)
FNDA:1423,(anonymous_70)
FNDA:5418,(anonymous_71)
FNDA:5621,(anonymous_72)
FNDA:287,(anonymous_73)
FNDA:204,(anonymous_74)
FNDA:784,(anonymous_75)
FNDA:784,(anonymous_76)
FNDA:0,(anonymous_77)
FNDA:135,(anonymous_78)
FNDA:26,makeGameData
DA:12,1
DA:30,1
DA:32,283
DA:33,283
DA:38,32008
DA:39,30605
DA:40,30026
DA:41,2015
DA:42,29414
DA:43,2015
DA:45,28011
DA:49,4445
DA:50,92
DA:51,92
DA:55,1837
DA:56,1837
DA:57,1837
DA:58,1707
DA:59,743
DA:63,4376
DA:64,4376
DA:68,92
DA:69,85
DA:70,79
DA:71,79
DA:72,79
DA:73,73
DA:74,73
DA:75,10
DA:76,0
DA:77,10
DA:78,1
DA:81,72
DA:82,0
DA:83,0
DA:84,0
DA:86,72
DA:90,2134
DA:91,2134
DA:92,4445
DA:93,0
DA:94,0
DA:95,0
DA:97,4445
DA:98,0
DA:99,0
DA:100,0
DA:102,4445
DA:103,4445
DA:104,92
DA:105,4353
DA:106,1330
DA:109,784
DA:113,142
DA:114,370
DA:115,60
DA:116,60
DA:117,7
DA:118,7
DA:120,53
DA:121,53
DA:122,53
DA:124,0
DA:125,0
DA:126,0
DA:129,310
DA:134,478
DA:135,307
DA:136,307
DA:137,1023
DA:138,1764
DA:139,1764
DA:140,1764
DA:142,0
DA:155,1
DA:156,26
DA:157,26
DA:158,26
DA:159,26
DA:164,149
DA:178,149
DA:179,149
DA:184,74
DA:185,381
DA:187,381
DA:191,8
DA:197,1423
DA:198,1423
DA:199,5418
DA:201,1423
DA:202,1386
DA:203,5621
DA:206,1423
DA:210,287
DA:211,287
DA:212,204
DA:214,287
DA:215,204
DA:216,784
DA:217,204
DA:218,784
DA:220,287
DA:221,0
DA:223,287
DA:228,26
DA:230,0
DA:231,0
DA:232,0
DA:235,237
DA:236,237
DA:237,237
DA:238,237
DA:239,237
DA:242,2
DA:243,2
DA:244,2
DA:245,2
DA:248,0
DA:249,0
DA:250,0
DA:251,0
DA:252,0
DA:253,0
DA:255,0
DA:257,26
DA:258,26
DA:273,26
DA:274,26
DA:277,22
DA:278,22
DA:279,22
DA:280,22
DA:281,22
DA:287,26
DA:289,164
DA:290,476
DA:291,164
DA:292,164
DA:295,22
DA:297,100
DA:298,0
DA:299,0
DA:300,0
DA:302,22
DA:303,22
DA:304,11
DA:307,36
DA:308,193
DA:309,36
DA:310,36
DA:311,36
DA:312,36
DA:313,21
DA:315,750
DA:317,175
DA:318,525
DA:319,258
DA:320,175
DA:323,134
DA:324,134
DA:342,134
DA:343,134
DA:346,54
DA:347,54
DA:348,218
DA:350,54
DA:351,54
DA:352,54
DA:355,38
DA:356,185
DA:357,66
DA:358,38
DA:361,17
DA:362,21
DA:363,17
DA:364,17
DA:365,17
DA:368,1
DA:369,1
DA:370,5
DA:371,1
DA:377,26
DA:379,122
DA:380,498
DA:381,122
DA:382,122
DA:383,0
DA:386,0
DA:387,0
DA:388,0
DA:389,0
DA:390,0
DA:395,135
DA:396,135
DA:397,142
DA:399,135
DA:405,26
DA:406,193
DA:407,193
DA:408,193
DA:415,26
DA:418,193
DA:421,193
DA:424,193
DA:425,193
DA:426,193
DA:428,2
DA:429,2
DA:430,2
DA:431,2
DA:433,2
DA:435,193
DA:441,1
DA:442,26
LF:214
LH:180
BRDA:38,0,0,1403
BRDA:39,1,0,579
BRDA:40,2,0,2015
BRDA:40,3,0,30026
BRDA:40,3,1,19971
BRDA:49,4,0,4353
BRDA:49,5,0,4445
BRDA:49,5,1,4445
BRDA:49,5,2,92
BRDA:55,6,0,0
BRDA:55,6,1,1837
BRDA:56,7,0,0
BRDA:56,7,1,1837
BRDA:57,8,0,130
BRDA:58,9,0,964
BRDA:63,10,0,0
BRDA:63,11,0,4376
BRDA:63,11,1,0
BRDA:68,12,0,7
BRDA:68,13,0,92
BRDA:68,13,1,60
BRDA:69,14,0,6
BRDA:69,15,0,85
BRDA:69,15,1,13
BRDA:70,16,0,0
BRDA:70,17,0,79
BRDA:70,17,1,0
BRDA:71,18,0,0
BRDA:71,19,0,79
BRDA:71,19,1,0
BRDA:72,20,0,6
BRDA:72,21,0,79
BRDA:72,21,1,9
BRDA:72,22,0,9
BRDA:72,22,1,0
BRDA:73,23,0,0
BRDA:73,24,0,73
BRDA:73,24,1,0
BRDA:73,25,0,0
BRDA:73,25,1,0
BRDA:74,26,0,10
BRDA:75,27,0,0
BRDA:75,27,1,10
BRDA:76,28,0,0
BRDA:76,29,0,0
BRDA:76,29,1,0
BRDA:77,30,0,1
BRDA:81,31,0,0
BRDA:81,32,0,72
BRDA:81,32,1,0
BRDA:81,32,2,0
BRDA:82,33,0,0
BRDA:82,33,1,0
BRDA:83,34,0,0
BRDA:83,34,1,0
BRDA:84,35,0,0
BRDA:90,36,0,0
BRDA:92,37,0,0
BRDA:93,38,0,0
BRDA:93,38,1,0
BRDA:94,39,0,0
BRDA:97,40,0,0
BRDA:98,41,0,0
BRDA:98,41,1,0
BRDA:99,42,0,0
BRDA:103,43,0,92
BRDA:103,43,1,4353
BRDA:104,44,0,20
BRDA:105,45,0,1330
BRDA:114,46,0,60
BRDA:114,47,0,370
BRDA:114,47,1,346
BRDA:114,47,2,87
BRDA:116,48,0,7
BRDA:117,49,0,7
BRDA:117,49,1,0
BRDA:120,50,0,53
BRDA:121,51,0,53
BRDA:121,51,1,0
BRDA:124,52,0,0
BRDA:134,53,0,171
BRDA:135,54,0,278
BRDA:135,54,1,29
BRDA:140,55,0,1023
BRDA:140,56,0,0
BRDA:140,56,1,1023
BRDA:232,57,0,0
BRDA:232,57,1,0
BRDA:237,58,0,0
BRDA:238,59,0,0
BRDA:244,60,0,0
BRDA:251,61,0,0
BRDA:252,62,0,0
BRDA:259,63,0,26
BRDA:259,63,1,26
BRDA:279,64,0,0
BRDA:292,65,0,38
BRDA:292,65,1,126
BRDA:297,66,0,22
BRDA:297,66,1,0
BRDA:298,67,0,0
BRDA:300,68,0,0
BRDA:300,68,1,0
BRDA:302,69,0,0
BRDA:303,70,0,11
BRDA:310,71,0,0
BRDA:311,72,0,18
BRDA:312,73,0,17
BRDA:320,74,0,126
BRDA:320,74,1,49
BRDA:325,75,0,134
BRDA:325,75,1,134
BRDA:348,76,0,218
BRDA:348,76,1,54
BRDA:348,76,2,6
BRDA:350,77,0,0
BRDA:363,78,0,0
BRDA:380,79,0,498
BRDA:380,79,1,376
BRDA:381,80,0,0
BRDA:382,81,0,122
BRDA:389,82,0,0
BRDA:408,83,0,193
BRDA:408,83,1,0
BRDA:418,84,0,0
BRDA:421,85,0,193
BRDA:421,85,1,0
BRDA:428,86,0,2
BRDA:165,87,0,149
BRDA:165,87,1,123
BRDA:168,88,0,149
BRDA:168,88,1,149
BRDA:169,89,0,149
BRDA:169,89,1,123
BRDA:170,90,0,149
BRDA:170,90,1,149
BRDA:198,91,0,1388
BRDA:199,92,0,1284
BRDA:199,92,1,104
BRDA:201,93,0,1386
BRDA:202,94,0,1386
BRDA:202,94,1,0
BRDA:211,95,0,204
BRDA:212,96,0,204
BRDA:212,96,1,0
BRDA:214,97,0,204
BRDA:220,98,0,0
BRDA:397,99,0,142
BRDA:441,100,0,0
BRF:149
BRH:86
end_of_record
TN:
SF:src/orders/catalog.ts
FN:164,getProduct
FN:165,(anonymous_1)
FN:168,getVariant
FN:172,(anonymous_3)
FN:176,getUnitPrice
FNF:5
FNH:5
FNDA:18,getProduct
FNDA:33,(anonymous_1)
FNDA:17,getVariant
FNDA:17,(anonymous_3)
FNDA:15,getUnitPrice
DA:26,1
DA:33,1
DA:164,1
DA:165,33
DA:168,1
DA:172,17
DA:176,1
DA:180,15
LF:8
LH:8
BRDA:180,0,0,15
BRDA:180,0,1,15
BRF:2
BRH:2
end_of_record
TN:
SF:src/orders/orders.controller.ts
FN:27,(anonymous_4)
FN:30,(anonymous_5)
FN:35,(anonymous_6)
FN:40,(anonymous_7)
FN:47,(anonymous_8)
FN:53,(anonymous_9)
FN:63,(anonymous_10)
FN:73,(anonymous_11)
FNF:8
FNH:0
FNDA:0,(anonymous_4)
FNDA:0,(anonymous_5)
FNDA:0,(anonymous_6)
FNDA:0,(anonymous_7)
FNDA:0,(anonymous_8)
FNDA:0,(anonymous_9)
FNDA:0,(anonymous_10)
FNDA:0,(anonymous_11)
DA:1,0
DA:11,0
DA:12,0
DA:13,0
DA:14,0
DA:15,0
DA:16,0
DA:17,0
DA:18,0
DA:19,0
DA:26,0
DA:27,0
DA:30,0
DA:31,0
DA:35,0
DA:36,0
DA:40,0
DA:41,0
DA:47,0
DA:48,0
DA:53,0
DA:58,0
DA:63,0
DA:68,0
DA:73,0
DA:78,0
LF:26
LH:0
BRF:0
BRH:0
end_of_record
TN:
SF:src/orders/orders.service.ts
FN:42,(anonymous_2)
FN:47,(anonymous_3)
FN:51,(anonymous_4)
FN:58,(anonymous_5)
FN:60,(anonymous_6)
FN:74,(anonymous_7)
FN:79,(anonymous_8)
FN:81,(anonymous_9)
FN:88,(anonymous_10)
FN:126,(anonymous_11)
FN:134,(anonymous_12)
FN:142,(anonymous_13)
FN:149,(anonymous_14)
FN:151,(anonymous_15)
FN:165,(anonymous_16)
FN:170,(anonymous_17)
FN:172,(anonymous_18)
FN:179,(anonymous_19)
FN:213,(anonymous_20)
FN:226,(anonymous_21)
FN:228,(anonymous_22)
FN:243,(anonymous_23)
FN:247,(anonymous_24)
FN:249,(anonymous_25)
FN:258,(anonymous_26)
FN:292,(anonymous_27)
FN:312,(anonymous_28)
FNF:27
FNH:13
FNDA:23,(anonymous_2)
FNDA:1,(anonymous_3)
FNDA:17,(anonymous_4)
FNDA:18,(anonymous_5)
FNDA:13,(anonymous_6)
FNDA:10,(anonymous_7)
FNDA:12,(anonymous_8)
FNDA:10,(anonymous_9)
FNDA:12,(anonymous_10)
FNDA:1,(anonymous_11)
FNDA:2,(anonymous_12)
FNDA:0,(anonymous_13)
FNDA:0,(anonymous_14)
FNDA:0,(anonymous_15)
FNDA:0,(anonymous_16)
FNDA:0,(anonymous_17)
FNDA:0,(anonymous_18)
FNDA:0,(anonymous_19)
FNDA:0,(anonymous_20)
FNDA:0,(anonymous_21)
FNDA:0,(anonymous_22)
FNDA:0,(anonymous_23)
FNDA:0,(anonymous_24)
FNDA:0,(anonymous_25)
FNDA:0,(anonymous_26)
FNDA:2,(anonymous_27)
FNDA:18,(anonymous_28)
DA:1,1
DA:7,1
DA:8,1
DA:9,1
DA:10,1
DA:14,1
DA:41,1
DA:43,23
DA:44,23
DA:48,1
DA:52,17
DA:56,17
DA:58,18
DA:60,13
DA:61,13
DA:62,2
DA:65,11
DA:66,11
DA:67,11
DA:74,10
DA:75,10
DA:76,10
DA:77,10
DA:79,12
DA:81,10
DA:82,10
DA:88,12
DA:105,10
DA:106,10
DA:109,10
DA:112,10
DA:123,10
DA:127,1
DA:135,2
DA:143,0
DA:147,0
DA:149,0
DA:151,0
DA:152,0
DA:153,0
DA:156,0
DA:157,0
DA:158,0
DA:165,0
DA:166,0
DA:167,0
DA:168,0
DA:170,0
DA:172,0
DA:173,0
DA:179,0
DA:196,0
DA:197,0
DA:200,0
DA:203,0
DA:210,0
DA:214,0
DA:218,0
DA:220,0
DA:224,0
DA:226,0
DA:228,0
DA:229,0
DA:230,0
DA:233,0
DA:234,0
DA:235,0
DA:242,0
DA:243,0
DA:244,0
DA:245,0
DA:247,0
DA:249,0
DA:250,0
DA:252,0
DA:258,0
DA:275,0
DA:276,0
DA:279,0
DA:282,0
DA:289,0
DA:293,2
DA:294,2
DA:296,1
DA:302,1
DA:309,1
DA:313,18
DA:314,18
DA:315,1
DA:318,17
DA:319,17
DA:320,1
DA:323,16
DA:324,16
DA:325,16
DA:326,1
DA:328,15
DA:329,0
DA:331,15
DA:334,15
DA:335,15
DA:339,15
LF:102
LH:54
BRDA:56,0,0,1
BRDA:61,1,0,2
BRDA:61,2,0,13
BRDA:61,2,1,13
BRDA:61,2,2,11
BRDA:65,3,0,11
BRDA:65,3,1,11
BRDA:66,4,0,11
BRDA:76,5,0,10
BRDA:77,6,0,10
BRDA:96,7,0,12
BRDA:96,7,1,0
BRDA:105,8,0,10
BRDA:136,9,0,1
BRDA:136,9,1,1
BRDA:147,10,0,0
BRDA:152,11,0,0
BRDA:152,12,0,0
BRDA:152,12,1,0
BRDA:152,12,2,0
BRDA:156,13,0,0
BRDA:156,13,1,0
BRDA:157,14,0,0
BRDA:167,15,0,0
BRDA:168,16,0,0
BRDA:187,17,0,0
BRDA:187,17,1,0
BRDA:196,18,0,0
BRDA:218,19,0,0
BRDA:224,20,0,0
BRDA:229,21,0,0
BRDA:229,22,0,0
BRDA:229,22,1,0
BRDA:229,22,2,0
BRDA:233,23,0,0
BRDA:233,23,1,0
BRDA:234,24,0,0
BRDA:244,25,0,0
BRDA:245,26,0,0
BRDA:256,27,0,0
BRDA:256,27,1,0
BRDA:266,28,0,0
BRDA:266,28,1,0
BRDA:275,29,0,0
BRDA:294,30,0,1
BRDA:314,31,0,1
BRDA:319,32,0,1
BRDA:324,33,0,16
BRDA:325,34,0,1
BRDA:328,35,0,0
BRDA:335,36,0,11
BRDA:335,36,1,4
BRDA:336,37,0,11
BRDA:336,37,1,10
BRF:54
BRH:23
end_of_record
TN:
SF:src/prisma/prisma.service.ts
FN:6,(anonymous_1)
FN:10,(anonymous_2)
FNF:2
FNH:0
FNDA:0,(anonymous_1)
FNDA:0,(anonymous_2)
DA:1,11
DA:2,11
DA:5,11
DA:7,0
DA:11,0
LF:5
LH:3
BRF:0
BRH:0
end_of_record
TN:
SF:src/users/birthday-scheduler.service.ts
FN:9,(anonymous_2)
FN:10,(anonymous_3)
FN:11,(anonymous_4)
FN:12,(anonymous_5)
FN:13,(anonymous_6)
FN:14,(anonymous_7)
FN:15,(anonymous_8)
FN:16,(anonymous_9)
FN:17,(anonymous_10)
FN:18,(anonymous_11)
FN:21,pickTemplate
FN:29,(anonymous_13)
FN:35,(anonymous_14)
FN:43,(anonymous_15)
FN:50,(anonymous_16)
FN:53,(anonymous_17)
FN:57,(anonymous_18)
FNF:17
FNH:17
FNDA:2,(anonymous_2)
FNDA:3,(anonymous_3)
FNDA:2,(anonymous_4)
FNDA:3,(anonymous_5)
FNDA:2,(anonymous_6)
FNDA:2,(anonymous_7)
FNDA:2,(anonymous_8)
FNDA:2,(anonymous_9)
FNDA:2,(anonymous_10)
FNDA:3,(anonymous_11)
FNDA:23,pickTemplate
FNDA:7,(anonymous_13)
FNDA:5,(anonymous_14)
FNDA:5,(anonymous_15)
FNDA:4,(anonymous_16)
FNDA:4,(anonymous_17)
FNDA:3,(anonymous_18)
DA:1,1
DA:2,1
DA:3,1
DA:4,1
DA:5,1
DA:8,1
DA:9,2
DA:10,3
DA:11,2
DA:12,3
DA:13,2
DA:14,2
DA:15,2
DA:16,2
DA:17,2
DA:18,3
DA:21,1
DA:22,23
DA:26,1
DA:27,7
DA:30,7
DA:31,7
DA:35,1
DA:36,5
DA:38,5
DA:43,5
DA:44,5
DA:45,5
DA:48,5
DA:50,4
DA:51,3
DA:52,3
DA:53,4
DA:55,3
DA:56,3
DA:57,3
DA:59,1
LF:37
LH:37
BRDA:45,0,0,5
BRDA:45,0,1,5
BRDA:48,1,0,2
BRF:3
BRH:3
end_of_record
TN:
SF:src/users/shirt-number.util.ts
FN:9,sexGroupGenders
FN:19,assertShirtNumberAvailable
FNF:2
FNH:2
FNDA:13,sexGroupGenders
FNDA:13,assertShirtNumberAvailable
DA:1,3
DA:2,3
DA:9,3
DA:10,13
DA:19,3
DA:23,13
DA:32,13
DA:33,2
LF:8
LH:8
BRDA:10,0,0,2
BRDA:10,0,1,11
BRDA:27,1,0,13
BRDA:27,1,1,0
BRDA:32,2,0,2
BRF:5
BRH:4
end_of_record
TN:
SF:src/users/users.controller.ts
FN:42,(anonymous_4)
FN:47,(anonymous_5)
FN:53,(anonymous_6)
FN:58,(anonymous_7)
FN:63,(anonymous_8)
FN:68,(anonymous_9)
FN:78,(anonymous_10)
FN:88,(anonymous_11)
FN:98,(anonymous_12)
FN:128,(anonymous_13)
FN:113,(anonymous_14)
FN:119,(anonymous_15)
FNF:12
FNH:0
FNDA:0,(anonymous_4)
FNDA:0,(anonymous_5)
FNDA:0,(anonymous_6)
FNDA:0,(anonymous_7)
FNDA:0,(anonymous_8)
FNDA:0,(anonymous_9)
FNDA:0,(anonymous_10)
FNDA:0,(anonymous_11)
FNDA:0,(anonymous_12)
FNDA:0,(anonymous_13)
FNDA:0,(anonymous_14)
FNDA:0,(anonymous_15)
DA:1,0
DA:14,0
DA:15,0
DA:16,0
DA:17,0
DA:18,0
DA:19,0
DA:20,0
DA:21,0
DA:22,0
DA:23,0
DA:24,0
DA:25,0
DA:26,0
DA:27,0
DA:28,0
DA:29,0
DA:34,0
DA:35,0
DA:41,0
DA:42,0
DA:47,0
DA:48,0
DA:53,0
DA:54,0
DA:58,0
DA:59,0
DA:63,0
DA:64,0
DA:68,0
DA:73,0
DA:78,0
DA:83,0
DA:88,0
DA:93,0
DA:98,0
DA:103,0
DA:114,0
DA:115,0
DA:120,0
DA:121,0
DA:122,0
DA:124,0
DA:128,0
DA:133,0
DA:134,0
DA:135,0
LF:47
LH:0
BRDA:35,0,0,0
BRDA:133,1,0,0
BRDA:114,2,0,0
BRDA:114,2,1,0
BRDA:120,3,0,0
BRF:5
BRH:0
end_of_record
TN:
SF:src/users/users.service.ts
FN:40,(anonymous_2)
FN:45,(anonymous_3)
FN:94,(anonymous_4)
FN:110,(anonymous_5)
FN:119,(anonymous_6)
FN:126,(anonymous_7)
FN:135,(anonymous_8)
FN:142,(anonymous_9)
FN:193,(anonymous_10)
FN:219,(anonymous_11)
FN:237,(anonymous_12)
FNF:11
FNH:6
FNDA:32,(anonymous_2)
FNDA:15,(anonymous_3)
FNDA:0,(anonymous_4)
FNDA:17,(anonymous_5)
FNDA:0,(anonymous_6)
FNDA:0,(anonymous_7)
FNDA:0,(anonymous_8)
FNDA:8,(anonymous_9)
FNDA:5,(anonymous_10)
FNDA:4,(anonymous_11)
FNDA:0,(anonymous_12)
DA:1,2
DA:8,2
DA:9,2
DA:10,2
DA:11,2
DA:15,2
DA:17,2
DA:39,2
DA:41,32
DA:42,32
DA:46,15
DA:47,15
DA:49,15
DA:52,15
DA:53,4
DA:60,11
DA:61,11
DA:62,11
DA:63,11
DA:65,11
DA:84,11
DA:91,11
DA:95,0
DA:111,17
DA:115,17
DA:116,14
DA:120,0
DA:127,0
DA:136,0
DA:148,8
DA:150,7
DA:151,1
DA:154,6
DA:155,1
DA:158,5
DA:159,2
DA:166,4
DA:183,4
DA:190,4
DA:194,5
DA:196,4
DA:197,1
DA:200,3
DA:209,3
DA:216,3
DA:220,4
DA:221,3
DA:222,3
DA:227,3
DA:234,3
DA:238,0
DA:240,0
DA:241,0
DA:244,0
DA:250,0
DA:257,0
LF:56
LH:46
BRDA:47,0,0,15
BRDA:47,0,1,2
BRDA:52,1,0,4
BRDA:54,2,0,2
BRDA:54,2,1,2
BRDA:61,3,0,11
BRDA:61,3,1,9
BRDA:70,4,0,11
BRDA:70,4,1,11
BRDA:72,5,0,11
BRDA:72,5,1,10
BRDA:76,6,0,0
BRDA:76,6,1,11
BRDA:96,7,0,0
BRDA:96,7,1,0
BRDA:115,8,0,3
BRDA:150,9,0,1
BRDA:150,10,0,7
BRDA:150,10,1,5
BRDA:154,11,0,1
BRDA:154,12,0,6
BRDA:154,12,1,3
BRDA:158,13,0,2
BRDA:161,14,0,2
BRDA:161,14,1,2
BRDA:170,15,0,0
BRDA:170,15,1,4
BRDA:170,16,0,0
BRDA:170,16,1,0
BRDA:174,17,0,0
BRDA:174,17,1,4
BRDA:196,18,0,1
BRDA:196,19,0,4
BRDA:196,19,1,2
BRDA:204,20,0,1
BRDA:204,20,1,2
BRDA:240,21,0,0
BRF:37
BRH:29
end_of_record
TN:
SF:src/whatsapp/message-handler.service.ts
FN:32,stripAccents
FN:41,extractInlineGuests
FN:45,(anonymous_6)
FN:89,(anonymous_7)
FN:97,(anonymous_8)
FN:98,(anonymous_9)
FN:99,(anonymous_10)
FN:100,(anonymous_11)
FN:101,(anonymous_12)
FN:102,(anonymous_13)
FN:103,(anonymous_14)
FN:104,(anonymous_15)
FN:105,(anonymous_16)
FN:106,(anonymous_17)
FN:107,(anonymous_18)
FN:108,(anonymous_19)
FN:109,(anonymous_20)
FN:110,(anonymous_21)
FN:114,(anonymous_22)
FN:119,(anonymous_23)
FN:129,(anonymous_24)
FN:137,(anonymous_25)
FN:140,(anonymous_26)
FN:204,(anonymous_27)
FN:210,(anonymous_28)
FN:219,(anonymous_29)
FN:247,(anonymous_30)
FN:277,(anonymous_31)
FN:285,(anonymous_32)
FN:293,(anonymous_33)
FN:321,(anonymous_34)
FN:329,(anonymous_35)
FN:344,(anonymous_36)
FN:350,(anonymous_37)
FN:383,(anonymous_38)
FN:384,(anonymous_39)
FN:452,(anonymous_40)
FN:455,(anonymous_41)
FN:479,(anonymous_42)
FN:480,(anonymous_43)
FN:497,(anonymous_44)
FN:528,(anonymous_45)
FN:529,(anonymous_46)
FN:555,(anonymous_47)
FN:571,(anonymous_48)
FN:572,(anonymous_49)
FN:591,(anonymous_50)
FN:634,(anonymous_51)
FN:91,(anonymous_52)
FNF:49
FNH:42
FNDA:97,stripAccents
FNDA:19,extractInlineGuests
FNDA:7,(anonymous_6)
FNDA:98,(anonymous_7)
FNDA:3,(anonymous_8)
FNDA:4,(anonymous_9)
FNDA:3,(anonymous_10)
FNDA:0,(anonymous_11)
FNDA:0,(anonymous_12)
FNDA:0,(anonymous_13)
FNDA:4,(anonymous_14)
FNDA:4,(anonymous_15)
FNDA:7,(anonymous_16)
FNDA:13,(anonymous_17)
FNDA:7,(anonymous_18)
FNDA:11,(anonymous_19)
FNDA:10,(anonymous_20)
FNDA:19,(anonymous_21)
FNDA:99,(anonymous_22)
FNDA:97,(anonymous_23)
FNDA:1,(anonymous_24)
FNDA:97,(anonymous_25)
FNDA:1026,(anonymous_26)
FNDA:0,(anonymous_27)
FNDA:3,(anonymous_28)
FNDA:4,(anonymous_29)
FNDA:3,(anonymous_30)
FNDA:0,(anonymous_31)
FNDA:0,(anonymous_32)
FNDA:0,(anonymous_33)
FNDA:4,(anonymous_34)
FNDA:4,(anonymous_35)
FNDA:7,(anonymous_36)
FNDA:4,(anonymous_37)
FNDA:13,(anonymous_38)
FNDA:5,(anonymous_39)
FNDA:7,(anonymous_40)
FNDA:3,(anonymous_41)
FNDA:11,(anonymous_42)
FNDA:10,(anonymous_43)
FNDA:3,(anonymous_44)
FNDA:13,(anonymous_45)
FNDA:13,(anonymous_46)
FNDA:10,(anonymous_47)
FNDA:19,(anonymous_48)
FNDA:12,(anonymous_49)
FNDA:4,(anonymous_50)
FNDA:2,(anonymous_51)
FNDA:98,(anonymous_52)
DA:1,1
DA:2,1
DA:3,1
DA:4,1
DA:5,1
DA:6,1
DA:7,1
DA:8,1
DA:9,1
DA:20,1
DA:21,1
DA:22,1
DA:23,1
DA:29,1
DA:33,97
DA:42,19
DA:43,19
DA:44,19
DA:45,7
DA:49,1
DA:50,1
DA:51,1
DA:52,1
DA:53,1
DA:54,1
DA:55,1
DA:56,1
DA:57,1
DA:58,1
DA:59,1
DA:60,1
DA:61,1
DA:62,1
DA:63,1
DA:65,1
DA:66,1
DA:85,1
DA:86,98
DA:90,98
DA:91,98
DA:92,98
DA:93,98
DA:94,98
DA:96,98
DA:97,3
DA:98,4
DA:99,3
DA:100,0
DA:101,0
DA:102,0
DA:103,4
DA:104,4
DA:105,7
DA:106,13
DA:107,7
DA:108,11
DA:109,10
DA:110,19
DA:115,99
DA:116,99
DA:119,97
DA:120,97
DA:130,1
DA:131,0
DA:133,1
DA:139,97
DA:140,1026
DA:142,97
DA:143,1
DA:146,1
DA:149,96
DA:163,96
DA:164,96
DA:166,96
DA:167,4
DA:168,4
DA:171,92
DA:175,92
DA:176,3
DA:177,3
DA:180,89
DA:181,4
DA:186,4
DA:187,4
DA:188,4
DA:191,85
DA:199,85
DA:200,85
DA:201,85
DA:203,0
DA:204,0
DA:211,3
DA:212,1
DA:213,1
DA:215,2
DA:216,2
DA:220,4
DA:248,3
DA:278,0
DA:286,0
DA:294,0
DA:295,0
DA:297,0
DA:298,0
DA:299,0
DA:302,0
DA:303,0
DA:305,0
DA:306,0
DA:307,0
DA:308,0
DA:311,0
DA:312,0
DA:314,0
DA:316,0
DA:317,0
DA:322,4
DA:323,4
DA:330,4
DA:331,2
DA:332,2
DA:335,2
DA:336,2
DA:337,2
DA:339,0
DA:340,0
DA:345,7
DA:346,2
DA:347,2
DA:350,5
DA:351,4
DA:352,4
DA:355,5
DA:356,1
DA:357,1
DA:360,4
DA:361,4
DA:363,4
DA:364,1
DA:365,1
DA:368,3
DA:372,3
DA:374,1
DA:375,1
DA:377,0
DA:378,0
DA:384,13
DA:385,5
DA:386,5
DA:390,13
DA:391,5
DA:392,2
DA:393,2
DA:396,3
DA:397,3
DA:398,3
DA:399,3
DA:400,3
DA:401,0
DA:402,0
DA:404,3
DA:405,3
DA:411,2
DA:413,1
DA:414,1
DA:416,0
DA:417,0
DA:422,3
DA:423,2
DA:425,3
DA:428,8
DA:429,8
DA:435,7
DA:436,7
DA:437,7
DA:438,2
DA:439,2
DA:441,7
DA:443,1
DA:444,1
DA:446,0
DA:447,0
DA:453,7
DA:454,3
DA:455,3
DA:457,3
DA:458,1
DA:459,1
DA:463,6
DA:464,6
DA:465,4
DA:466,4
DA:468,2
DA:469,1
DA:470,1
DA:471,1
DA:473,0
DA:474,0
DA:480,11
DA:481,11
DA:482,1
DA:483,1
DA:487,10
DA:488,10
DA:489,0
DA:490,0
DA:493,10
DA:496,10
DA:497,3
DA:500,10
DA:501,3
DA:502,3
DA:504,3
DA:505,1
DA:506,1
DA:509,2
DA:510,2
DA:511,2
DA:514,2
DA:516,0
DA:517,0
DA:519,0
DA:520,0
DA:526,10
DA:528,13
DA:529,13
DA:531,10
DA:532,10
DA:533,10
DA:534,9
DA:537,9
DA:539,1
DA:540,1
DA:544,10
DA:545,0
DA:546,0
DA:549,10
DA:550,10
DA:551,10
DA:552,10
DA:556,10
DA:560,10
DA:562,0
DA:563,0
DA:565,0
DA:566,0
DA:572,19
DA:573,12
DA:574,12
DA:577,19
DA:578,19
DA:581,19
DA:585,19
DA:586,19
DA:587,19
DA:589,19
DA:590,19
DA:591,19
DA:595,19
DA:597,19
DA:598,3
DA:600,16
DA:601,16
DA:602,16
DA:603,1
DA:604,1
DA:605,0
DA:606,0
DA:607,0
DA:610,15
DA:611,14
DA:614,1
DA:615,1
DA:616,0
DA:617,0
DA:618,0
DA:620,0
DA:621,0
DA:622,0
DA:628,19
DA:629,7
DA:630,2
DA:632,5
DA:633,5
DA:634,5
DA:635,5
DA:638,5
DA:640,7
DA:644,12
DA:645,12
DA:648,12
DA:649,10
DA:650,10
DA:652,10
DA:653,1
DA:654,1
DA:657,9
DA:658,9
DA:659,7
DA:662,7
DA:664,2
DA:665,1
DA:666,1
DA:667,0
DA:668,1
DA:669,1
DA:670,0
DA:671,0
DA:672,0
DA:673,0
DA:675,0
DA:676,0
DA:681,12
DA:682,1
DA:686,12
DA:687,4
DA:688,4
DA:689,0
DA:691,4
DA:692,7
DA:693,7
DA:694,7
DA:697,7
DA:699,0
DA:700,0
DA:706,12
DA:707,12
DA:708,12
DA:709,12
LF:329
LH:262
BRDA:42,0,0,19
BRDA:42,0,1,6
BRDA:44,1,0,15
BRDA:116,2,0,2
BRDA:130,3,0,0
BRDA:130,3,1,1
BRDA:142,4,0,1
BRDA:163,5,0,83
BRDA:166,6,0,4
BRDA:166,7,0,96
BRDA:166,7,1,82
BRDA:171,8,0,78
BRDA:171,8,1,14
BRDA:175,9,0,3
BRDA:175,10,0,92
BRDA:175,10,1,78
BRDA:180,11,0,4
BRDA:180,12,0,89
BRDA:180,12,1,75
BRDA:180,12,2,75
BRDA:186,13,0,4
BRDA:186,13,1,0
BRDA:194,14,0,85
BRDA:194,14,1,61
BRDA:211,15,0,1
BRDA:297,16,0,0
BRDA:307,17,0,0
BRDA:307,17,1,0
BRDA:307,18,0,0
BRDA:307,18,1,0
BRDA:322,19,0,4
BRDA:322,19,1,4
BRDA:330,20,0,2
BRDA:345,21,0,2
BRDA:355,22,0,1
BRDA:363,23,0,1
BRDA:374,24,0,1
BRDA:374,24,1,0
BRDA:390,25,0,5
BRDA:391,26,0,2
BRDA:400,27,0,0
BRDA:413,28,0,1
BRDA:413,28,1,0
BRDA:422,29,0,2
BRDA:436,30,0,6
BRDA:437,31,0,2
BRDA:439,32,0,1
BRDA:439,32,1,1
BRDA:443,33,0,1
BRDA:443,33,1,0
BRDA:453,34,0,3
BRDA:455,35,0,3
BRDA:455,35,1,2
BRDA:457,36,0,1
BRDA:468,37,0,1
BRDA:468,37,1,1
BRDA:470,38,0,1
BRDA:470,38,1,0
BRDA:481,39,0,1
BRDA:488,40,0,0
BRDA:488,41,0,10
BRDA:488,41,1,0
BRDA:504,42,0,1
BRDA:511,43,0,0
BRDA:511,43,1,2
BRDA:516,44,0,0
BRDA:516,44,1,0
BRDA:526,45,0,10
BRDA:526,45,1,0
BRDA:529,46,0,13
BRDA:529,46,1,13
BRDA:534,47,0,0
BRDA:534,47,1,9
BRDA:544,48,0,0
BRDA:562,49,0,0
BRDA:562,49,1,0
BRDA:578,50,0,2
BRDA:578,50,1,17
BRDA:581,51,0,2
BRDA:581,51,1,17
BRDA:595,52,0,19
BRDA:595,52,1,1
BRDA:597,53,0,3
BRDA:597,53,1,16
BRDA:597,54,0,19
BRDA:597,54,1,4
BRDA:602,55,0,1
BRDA:602,55,1,15
BRDA:604,56,0,0
BRDA:604,57,0,1
BRDA:604,57,1,0
BRDA:604,57,2,0
BRDA:614,58,0,1
BRDA:614,58,1,0
BRDA:616,59,0,0
BRDA:616,59,1,0
BRDA:628,60,0,7
BRDA:628,61,0,19
BRDA:628,61,1,11
BRDA:629,62,0,2
BRDA:629,62,1,5
BRDA:635,63,0,0
BRDA:635,63,1,5
BRDA:645,64,0,10
BRDA:652,65,0,1
BRDA:659,66,0,0
BRDA:659,66,1,7
BRDA:664,67,0,1
BRDA:664,67,1,1
BRDA:666,68,0,0
BRDA:666,68,1,1
BRDA:668,69,0,1
BRDA:668,69,1,0
BRDA:670,70,0,0
BRDA:670,70,1,0
BRDA:672,71,0,0
BRDA:672,71,1,0
BRDA:681,72,0,1
BRDA:682,73,0,1
BRDA:682,73,1,0
BRDA:686,74,0,4
BRDA:687,75,0,4
BRDA:687,75,1,1
BRDA:688,76,0,0
BRDA:688,76,1,4
BRDA:694,77,0,0
BRDA:694,77,1,7
BRF:127
BRH:88
end_of_record
TN:
SF:src/whatsapp/whatsapp.controller.ts
FN:19,(anonymous_4)
FN:25,(anonymous_5)
FN:34,(anonymous_6)
FN:52,(anonymous_7)
FN:64,(anonymous_8)
FN:70,(anonymous_9)
FN:76,(anonymous_10)
FNF:7
FNH:0
FNDA:0,(anonymous_4)
FNDA:0,(anonymous_5)
FNDA:0,(anonymous_6)
FNDA:0,(anonymous_7)
FNDA:0,(anonymous_8)
FNDA:0,(anonymous_9)
FNDA:0,(anonymous_10)
DA:1,0
DA:3,0
DA:4,0
DA:5,0
DA:6,0
DA:7,0
DA:8,0
DA:10,0
DA:11,0
DA:12,0
DA:13,0
DA:18,0
DA:20,0
DA:21,0
DA:25,0
DA:26,0
DA:34,0
DA:35,0
DA:36,0
DA:37,0
DA:38,0
DA:39,0
DA:41,0
DA:47,0
DA:48,0
DA:52,0
DA:53,0
DA:54,0
DA:55,0
DA:58,0
DA:59,0
DA:60,0
DA:64,0
DA:65,0
DA:66,0
DA:70,0
DA:71,0
DA:72,0
DA:76,0
DA:77,0
DA:79,0
DA:80,0
DA:83,0
DA:84,0
DA:85,0
DA:88,0
DA:89,0
DA:91,0
DA:92,0
DA:93,0
DA:94,0
DA:96,0
DA:97,0
DA:98,0
DA:99,0
DA:102,0
DA:103,0
DA:104,0
DA:105,0
DA:110,0
DA:111,0
DA:114,0
DA:115,0
DA:116,0
DA:117,0
DA:118,0
DA:121,0
DA:134,0
DA:135,0
DA:138,0
DA:140,0
LF:71
LH:0
BRDA:36,0,0,0
BRDA:38,1,0,0
BRDA:54,2,0,0
BRDA:79,3,0,0
BRDA:84,4,0,0
BRDA:97,5,0,0
BRDA:103,6,0,0
BRDA:104,7,0,0
BRDA:104,8,0,0
BRDA:104,8,1,0
BRDA:116,9,0,0
BRDA:130,10,0,0
BRDA:130,10,1,0
BRF:13
BRH:0
end_of_record
TN:
SF:src/whatsapp/whatsapp.service.ts
FN:6,(anonymous_4)
FN:8,(anonymous_5)
FN:12,(anonymous_6)
FN:16,(anonymous_7)
FNF:4
FNH:0
FNDA:0,(anonymous_4)
FNDA:0,(anonymous_5)
FNDA:0,(anonymous_6)
FNDA:0,(anonymous_7)
DA:1,8
DA:2,8
DA:5,8
DA:6,0
DA:9,0
DA:13,0
DA:17,0
LF:7
LH:3
BRF:0
BRH:0
end_of_record
TN:
SF:src/whatsapp/providers/baileys.provider.ts
FN:52,(anonymous_2)
FN:56,(anonymous_3)
FN:60,(anonymous_4)
FN:64,(anonymous_5)
FN:68,(anonymous_6)
FN:75,(anonymous_7)
FN:80,(anonymous_8)
FN:98,(anonymous_9)
FN:102,(anonymous_10)
FN:111,(anonymous_11)
FN:118,(anonymous_12)
FN:138,(anonymous_13)
FN:139,(anonymous_14)
FN:142,(anonymous_15)
FN:193,(anonymous_16)
FN:214,(anonymous_17)
FN:257,(anonymous_18)
FN:260,(anonymous_19)
FN:265,(anonymous_20)
FN:295,(anonymous_21)
FN:320,(anonymous_22)
FN:323,(anonymous_23)
FN:328,(anonymous_24)
FN:345,(anonymous_25)
FN:357,(anonymous_26)
FN:365,(anonymous_27)
FN:369,(anonymous_28)
FN:373,(anonymous_29)
FN:384,(anonymous_30)
FN:389,(anonymous_31)
FN:403,(anonymous_32)
FNF:31
FNH:0
FNDA:0,(anonymous_2)
FNDA:0,(anonymous_3)
FNDA:0,(anonymous_4)
FNDA:0,(anonymous_5)
FNDA:0,(anonymous_6)
FNDA:0,(anonymous_7)
FNDA:0,(anonymous_8)
FNDA:0,(anonymous_9)
FNDA:0,(anonymous_10)
FNDA:0,(anonymous_11)
FNDA:0,(anonymous_12)
FNDA:0,(anonymous_13)
FNDA:0,(anonymous_14)
FNDA:0,(anonymous_15)
FNDA:0,(anonymous_16)
FNDA:0,(anonymous_17)
FNDA:0,(anonymous_18)
FNDA:0,(anonymous_19)
FNDA:0,(anonymous_20)
FNDA:0,(anonymous_21)
FNDA:0,(anonymous_22)
FNDA:0,(anonymous_23)
FNDA:0,(anonymous_24)
FNDA:0,(anonymous_25)
FNDA:0,(anonymous_26)
FNDA:0,(anonymous_27)
FNDA:0,(anonymous_28)
FNDA:0,(anonymous_29)
FNDA:0,(anonymous_30)
FNDA:0,(anonymous_31)
FNDA:0,(anonymous_32)
DA:1,0
DA:7,0
DA:10,0
DA:11,0
DA:12,0
DA:22,0
DA:23,0
DA:27,0
DA:28,0
DA:31,0
DA:32,0
DA:35,0
DA:38,0
DA:39,0
DA:42,0
DA:43,0
DA:44,0
DA:45,0
DA:46,0
DA:47,0
DA:48,0
DA:49,0
DA:50,0
DA:52,0
DA:53,0
DA:57,0
DA:61,0
DA:65,0
DA:69,0
DA:70,0
DA:72,0
DA:76,0
DA:77,0
DA:81,0
DA:82,0
DA:83,0
DA:85,0
DA:86,0
DA:87,0
DA:88,0
DA:92,0
DA:94,0
DA:95,0
DA:99,0
DA:100,0
DA:101,0
DA:102,0
DA:103,0
DA:104,0
DA:105,0
DA:108,0
DA:112,0
DA:113,0
DA:114,0
DA:115,0
DA:117,0
DA:118,0
DA:119,0
DA:120,0
DA:122,0
DA:124,0
DA:138,0
DA:139,0
DA:142,0
DA:143,0
DA:144,0
DA:146,0
DA:147,0
DA:148,0
DA:151,0
DA:152,0
DA:153,0
DA:154,0
DA:155,0
DA:156,0
DA:157,0
DA:158,0
DA:159,0
DA:160,0
DA:161,0
DA:162,0
DA:163,0
DA:165,0
DA:170,0
DA:171,0
DA:172,0
DA:173,0
DA:174,0
DA:175,0
DA:181,0
DA:182,0
DA:184,0
DA:185,0
DA:189,0
DA:193,0
DA:194,0
DA:195,0
DA:196,0
DA:197,0
DA:200,0
DA:204,0
DA:205,0
DA:206,0
DA:207,0
DA:210,0
DA:215,0
DA:217,0
DA:218,0
DA:223,0
DA:225,0
DA:226,0
DA:229,0
DA:231,0
DA:232,0
DA:234,0
DA:235,0
DA:236,0
DA:240,0
DA:245,0
DA:247,0
DA:249,0
DA:250,0
DA:251,0
DA:253,0
DA:257,0
DA:260,0
DA:261,0
DA:266,0
DA:267,0
DA:268,0
DA:269,0
DA:270,0
DA:271,0
DA:273,0
DA:274,0
DA:275,0
DA:276,0
DA:278,0
DA:279,0
DA:280,0
DA:281,0
DA:282,0
DA:286,0
DA:287,0
DA:289,0
DA:291,0
DA:296,0
DA:298,0
DA:299,0
DA:302,0
DA:304,0
DA:305,0
DA:307,0
DA:308,0
DA:311,0
DA:313,0
DA:321,0
DA:322,0
DA:323,0
DA:325,0
DA:329,0
DA:332,0
DA:333,0
DA:334,0
DA:335,0
DA:336,0
DA:339,0
DA:340,0
DA:341,0
DA:343,0
DA:344,0
DA:345,0
DA:346,0
DA:350,0
DA:352,0
DA:353,0
DA:358,0
DA:359,0
DA:360,0
DA:362,0
DA:366,0
DA:370,0
DA:371,0
DA:372,0
DA:373,0
DA:379,0
DA:380,0
DA:385,0
DA:386,0
DA:387,0
DA:388,0
DA:389,0
DA:390,0
DA:391,0
DA:392,0
DA:395,0
DA:398,0
DA:399,0
DA:404,0
DA:405,0
DA:406,0
DA:407,0
DA:408,0
DA:409,0
LF:204
LH:0
BRDA:36,0,0,0
BRDA:36,0,1,0
BRDA:53,1,0,0
BRDA:53,1,1,0
BRDA:69,2,0,0
BRDA:81,3,0,0
BRDA:85,4,0,0
BRDA:99,5,0,0
BRDA:99,6,0,0
BRDA:99,6,1,0
BRDA:104,7,0,0
BRDA:112,8,0,0
BRDA:112,9,0,0
BRDA:112,9,1,0
BRDA:119,10,0,0
BRDA:119,10,1,0
BRDA:146,11,0,0
BRDA:151,12,0,0
BRDA:151,12,1,0
BRDA:159,13,0,0
BRDA:161,14,0,0
BRDA:171,15,0,0
BRDA:171,15,1,0
BRDA:173,16,0,0
BRDA:173,16,1,0
BRDA:181,17,0,0
BRDA:181,17,1,0
BRDA:195,18,0,0
BRDA:206,19,0,0
BRDA:215,20,0,0
BRDA:215,21,0,0
BRDA:215,21,1,0
BRDA:218,22,0,0
BRDA:218,22,1,0
BRDA:220,23,0,0
BRDA:220,23,1,0
BRDA:223,24,0,0
BRDA:229,25,0,0
BRDA:229,26,0,0
BRDA:229,26,1,0
BRDA:229,26,2,0
BRDA:231,27,0,0
BRDA:231,27,1,0
BRDA:234,28,0,0
BRDA:240,29,0,0
BRDA:240,29,1,0
BRDA:240,29,2,0
BRDA:245,30,0,0
BRDA:245,30,1,0
BRDA:247,31,0,0
BRDA:247,32,0,0
BRDA:247,32,1,0
BRDA:266,33,0,0
BRDA:266,34,0,0
BRDA:266,34,1,0
BRDA:266,34,2,0
BRDA:270,35,0,0
BRDA:270,35,1,0
BRDA:275,36,0,0
BRDA:275,36,1,0
BRDA:276,37,0,0
BRDA:276,37,1,0
BRDA:276,37,2,0
BRDA:278,38,0,0
BRDA:278,39,0,0
BRDA:278,39,1,0
BRDA:296,40,0,0
BRDA:298,41,0,0
BRDA:304,42,0,0
BRDA:307,43,0,0
BRDA:313,44,0,0
BRDA:313,44,1,0
BRDA:313,44,2,0
BRDA:322,45,0,0
BRDA:322,45,1,0
BRDA:322,45,2,0
BRDA:329,46,0,0
BRDA:334,47,0,0
BRDA:339,48,0,0
BRDA:348,49,0,0
BRDA:348,49,1,0
BRDA:348,50,0,0
BRDA:348,50,1,0
BRDA:358,51,0,0
BRDA:370,52,0,0
BRDA:370,53,0,0
BRDA:370,53,1,0
BRDA:376,54,0,0
BRDA:376,54,1,0
BRDA:385,55,0,0
BRDA:385,56,0,0
BRDA:385,56,1,0
BRDA:385,56,2,0
BRDA:388,57,0,0
BRDA:388,57,1,0
BRDA:390,58,0,0
BRDA:390,58,1,0
BRDA:391,59,0,0
BRDA:391,59,1,0
BRDA:391,59,2,0
BRDA:392,60,0,0
BRDA:392,60,1,0
BRF:102
BRH:0
end_of_record
TN:
SF:src/whatsapp/providers/cli-simulator.provider.ts
FN:7,(anonymous_1)
FN:11,(anonymous_2)
FN:15,(anonymous_3)
FN:33,(anonymous_4)
FN:52,(anonymous_5)
FN:58,(anonymous_6)
FN:64,(anonymous_7)
FN:70,(anonymous_8)
FNF:8
FNH:0
FNDA:0,(anonymous_1)
FNDA:0,(anonymous_2)
FNDA:0,(anonymous_3)
FNDA:0,(anonymous_4)
FNDA:0,(anonymous_5)
FNDA:0,(anonymous_6)
FNDA:0,(anonymous_7)
FNDA:0,(anonymous_8)
DA:1,0
DA:2,0
DA:7,0
DA:8,0
DA:12,0
DA:16,0
DA:17,0
DA:18,0
DA:21,0
DA:22,0
DA:23,0
DA:24,0
DA:25,0
DA:27,0
DA:33,0
DA:34,0
DA:35,0
DA:37,0
DA:38,0
DA:39,0
DA:40,0
DA:43,0
DA:44,0
DA:46,0
DA:47,0
DA:48,0
DA:49,0
DA:52,0
DA:53,0
DA:59,0
DA:60,0
DA:61,0
DA:65,0
DA:66,0
DA:67,0
DA:71,0
LF:36
LH:0
BRDA:16,0,0,0
BRDA:35,1,0,0
BRDA:35,2,0,0
BRDA:35,2,1,0
BRDA:38,3,0,0
BRDA:59,4,0,0
BRDA:59,4,1,0
BRDA:65,5,0,0
BRDA:65,5,1,0
BRF:9
BRH:0
end_of_record
TN:
SF:src/whatsapp/providers/prisma-auth-state.ts
FN:8,usePrismaAuthState
FN:12,(anonymous_1)
FN:21,(anonymous_2)
FN:27,(anonymous_3)
FN:37,(anonymous_4)
FN:40,(anonymous_5)
FN:53,(anonymous_6)
FN:69,(anonymous_7)
FNF:8
FNH:0
FNDA:0,usePrismaAuthState
FNDA:0,(anonymous_1)
FNDA:0,(anonymous_2)
FNDA:0,(anonymous_3)
FNDA:0,(anonymous_4)
FNDA:0,(anonymous_5)
FNDA:0,(anonymous_6)
FNDA:0,(anonymous_7)
DA:2,0
DA:8,0
DA:12,0
DA:13,0
DA:14,0
DA:21,0
DA:22,0
DA:23,0
DA:24,0
DA:27,0
DA:28,0
DA:32,0
DA:34,0
DA:38,0
DA:39,0
DA:41,0
DA:42,0
DA:43,0
DA:44,0
DA:46,0
DA:51,0
DA:54,0
DA:55,0
DA:56,0
DA:57,0
DA:58,0
DA:59,0
DA:62,0
DA:67,0
DA:69,0
LF:30
LH:0
BRDA:23,0,0,0
BRDA:32,1,0,0
BRDA:32,1,1,0
BRDA:42,2,0,0
BRDA:43,3,0,0
BRDA:43,3,1,0
BRDA:59,4,0,0
BRDA:59,4,1,0
BRF:8
BRH:0
end_of_record
TN:
SF:src/whatsapp/utils/jid-utils.ts
FN:5,extractPhoneFromJid
FN:12,isPhoneJid
FN:19,isLidJid
FN:26,phoneToJid
FN:34,normalizeBotMentions
FN:65,resolveNonBotMentions
FNF:6
FNH:6
FNDA:64,extractPhoneFromJid
FNDA:3,isPhoneJid
FNDA:2,isLidJid
FNDA:2,phoneToJid
FNDA:4,normalizeBotMentions
FNDA:3,resolveNonBotMentions
DA:5,2
DA:6,64
DA:12,2
DA:13,3
DA:19,2
DA:20,2
DA:26,2
DA:27,2
DA:34,2
DA:40,4
DA:41,4
DA:42,4
DA:44,4
DA:45,3
DA:47,4
DA:48,1
DA:51,4
DA:52,3
DA:53,3
DA:54,2
DA:58,4
DA:65,2
DA:71,3
DA:72,3
DA:73,3
DA:75,3
DA:76,5
DA:77,5
DA:79,3
DA:80,3
DA:81,2
DA:83,1
DA:87,3
LF:33
LH:33
BRDA:27,0,0,1
BRDA:27,0,1,1
BRDA:41,1,0,3
BRDA:41,1,1,1
BRDA:42,2,0,1
BRDA:42,2,1,3
BRDA:44,3,0,3
BRDA:47,4,0,1
BRDA:53,5,0,2
BRDA:53,6,0,3
BRDA:53,6,1,3
BRDA:53,6,2,2
BRDA:53,6,3,1
BRDA:71,7,0,2
BRDA:71,7,1,1
BRDA:72,8,0,1
BRDA:72,8,1,2
BRDA:77,9,0,2
BRDA:77,10,0,5
BRDA:77,10,1,3
BRDA:77,10,2,4
BRDA:77,10,3,2
BRDA:80,11,0,2
BRDA:80,11,1,1
BRF:24
BRH:24
end_of_record
